2023-12-16 10:15:23,973 [INFO] Activator:176 - 


2023-12-16 10:15:23,975 [INFO] Activator:177 - !SESSION log4j initialized
2023-12-16 10:15:27,891 [INFO] LogOutputStream:77 - [STDOUT_REDIRECT] 
2023-12-16 10:15:33,169 [INFO] ApplicationProperties:184 - Using Application install path: C:\ST\STM32CubeIDE_1.13.2\STM32CubeIDE\plugins\com.st.stm32cube.common.mx_6.9.2.202309101412
2023-12-16 10:15:33,203 [INFO] DbMcusXml:78 - Set database path to: C:\ST\STM32CubeIDE_1.13.2\STM32CubeIDE\plugins\com.st.stm32cube.common.mx_6.9.2.202309101412\\db\/mcu/
2023-12-16 10:15:33,204 [INFO] ApiDb:274 - Set plugin database path to: C:\ST\STM32CubeIDE_1.13.2\STM32CubeIDE\plugins\com.st.stm32cube.common.mx_6.9.2.202309101412\\db\/plugins/boardmanager/
2023-12-16 10:15:33,205 [WARN] ApiDb:259 - Overriding images path with different value:  => C:\ST\STM32CubeIDE_1.13.2\STM32CubeIDE\plugins\com.st.stm32cube.common.mx_6.9.2.202309101412\\db\/plugins/mcufinder/images/
2023-12-16 10:15:36,463 [WARN] ApiFinderProperties:113 - C:\Users\jammu\.stmcufinder\plugins\mcufinder\mcu\mcuFinder.mfd doesn't exist
2023-12-16 10:15:36,465 [INFO] ApiDb:250 - Set database path to: C:\Users\jammu\.stmcufinder\plugins\mcufinder//mcu/
2023-12-16 10:15:36,468 [INFO] DbMcusAds:125 - Set database path to: C:\Users\jammu\.stmcufinder\plugins\mcufinder//mcu/
2023-12-16 10:15:36,474 [INFO] CrossReferenceDbSqlite:203 - Set database path to: C:\Users\jammu\.stmcufinder\plugins\mcufinder//mcu/cs/
2023-12-16 10:15:36,796 [INFO] RulesReader:64 - Compatibility file has been processed (293 Rules)
2023-12-16 10:15:37,004 [INFO] DbMcusXml:78 - Set database path to: C:\ST\STM32CubeIDE_1.13.2\STM32CubeIDE\plugins\com.st.stm32cube.common.mx_6.9.2.202309101412\\db\/mcu/
2023-12-16 10:15:37,005 [INFO] ApiDb:274 - Set plugin database path to: C:\ST\STM32CubeIDE_1.13.2\STM32CubeIDE\plugins\com.st.stm32cube.common.mx_6.9.2.202309101412\\db\/plugins/boardmanager/
2023-12-16 10:15:37,005 [INFO] ApiDb:261 - Set plugin images path to: C:\ST\STM32CubeIDE_1.13.2\STM32CubeIDE\plugins\com.st.stm32cube.common.mx_6.9.2.202309101412\\db\/plugins/mcufinder/images/
2023-12-16 10:15:37,007 [WARN] DbFile:41 - Overriding database path with different value: C:\Users\jammu\.stmcufinder\plugins\mcufinder/ => C:\Users\jammu\.stmcufinder\plugins\mcufinder
2023-12-16 10:15:37,007 [INFO] ApiDb:250 - Set database path to: C:\Users\jammu\.stmcufinder\plugins\mcufinder//mcu/
2023-12-16 10:15:37,007 [WARN] DbFile:41 - Overriding database path with different value: C:\Users\jammu\.stmcufinder\plugins\mcufinder/ => C:\Users\jammu\.stmcufinder\plugins\mcufinder
2023-12-16 10:15:37,007 [INFO] DbMcusAds:125 - Set database path to: C:\Users\jammu\.stmcufinder\plugins\mcufinder//mcu/
2023-12-16 10:15:37,008 [WARN] DbFile:41 - Overriding database path with different value: C:\Users\jammu\.stmcufinder\plugins\mcufinder/ => C:\Users\jammu\.stmcufinder\plugins\mcufinder
2023-12-16 10:15:37,008 [WARN] DbFile:41 - Overriding database path with different value: C:\Users\jammu\.stmcufinder\plugins\mcufinder/ => C:\Users\jammu\.stmcufinder\plugins\mcufinder
2023-12-16 10:15:37,008 [INFO] CrossReferenceDbSqlite:203 - Set database path to: C:\Users\jammu\.stmcufinder\plugins\mcufinder//mcu/cs/
2023-12-16 10:15:37,229 [INFO] MainPanel:262 - HeapMemory: 268435456
2023-12-16 10:15:37,457 [INFO] DbMcusXml:78 - Set database path to: C:\ST\STM32CubeIDE_1.13.2\STM32CubeIDE\plugins\com.st.stm32cube.common.mx_6.9.2.202309101412\\db\/mcu/
2023-12-16 10:15:37,457 [INFO] ApiDb:274 - Set plugin database path to: C:\ST\STM32CubeIDE_1.13.2\STM32CubeIDE\plugins\com.st.stm32cube.common.mx_6.9.2.202309101412\\db\/plugins/boardmanager/
2023-12-16 10:15:37,458 [INFO] ApiDb:261 - Set plugin images path to: C:\ST\STM32CubeIDE_1.13.2\STM32CubeIDE\plugins\com.st.stm32cube.common.mx_6.9.2.202309101412\\db\/plugins/mcufinder/images/
2023-12-16 10:15:37,459 [WARN] DbFile:41 - Overriding database path with different value: C:\Users\jammu\.stmcufinder\plugins\mcufinder/ => C:\Users\jammu\.stmcufinder\plugins\mcufinder
2023-12-16 10:15:37,459 [INFO] ApiDb:250 - Set database path to: C:\Users\jammu\.stmcufinder\plugins\mcufinder//mcu/
2023-12-16 10:15:37,459 [WARN] DbFile:41 - Overriding database path with different value: C:\Users\jammu\.stmcufinder\plugins\mcufinder/ => C:\Users\jammu\.stmcufinder\plugins\mcufinder
2023-12-16 10:15:37,460 [INFO] DbMcusAds:125 - Set database path to: C:\Users\jammu\.stmcufinder\plugins\mcufinder//mcu/
2023-12-16 10:15:37,460 [WARN] DbFile:41 - Overriding database path with different value: C:\Users\jammu\.stmcufinder\plugins\mcufinder/ => C:\Users\jammu\.stmcufinder\plugins\mcufinder
2023-12-16 10:15:37,460 [WARN] DbFile:41 - Overriding database path with different value: C:\Users\jammu\.stmcufinder\plugins\mcufinder/ => C:\Users\jammu\.stmcufinder\plugins\mcufinder
2023-12-16 10:15:37,461 [INFO] CrossReferenceDbSqlite:203 - Set database path to: C:\Users\jammu\.stmcufinder\plugins\mcufinder//mcu/cs/
2023-12-16 10:15:37,504 [INFO] ApplicationProperties:184 - Using Application install path: C:\ST\STM32CubeIDE_1.13.2\STM32CubeIDE\plugins\com.st.stm32cube.common.mx_6.9.2.202309101412
2023-12-16 10:15:37,506 [INFO] PluginManage:196 - Search for loadable plugins [exclusion list=, ]
2023-12-16 10:15:37,509 [INFO] PluginManage:310 - Check plugin analytics
2023-12-16 10:15:38,107 [INFO] AnalyticsPlugin:253 - Accepted Software Licenses: 
2023-12-16 10:15:38,107 [INFO] AnalyticsPlugin:255 - Accepted CMSIS Pack Licenses: 
2023-12-16 10:15:38,109 [INFO] AnalyticsPlugin:257 - Accepted Firmware Licenses: 
2023-12-16 10:15:38,131 [INFO] PluginManage:359 - Loaded plugin analytics (category:tool,tabindex:-1)
2023-12-16 10:15:38,132 [INFO] PluginManage:310 - Check plugin cadmodel
2023-12-16 10:15:38,163 [INFO] CADModel:105 - Init CAD model plugin
2023-12-16 10:15:38,164 [INFO] PluginManage:359 - Loaded plugin cadmodel (category:power,tabindex:5)
2023-12-16 10:15:38,165 [INFO] PluginManage:310 - Check plugin clock
2023-12-16 10:15:38,213 [INFO] PluginManage:359 - Loaded plugin clock (category:base,tabindex:2)
2023-12-16 10:15:38,214 [INFO] PluginManage:310 - Check plugin ddr
2023-12-16 10:15:38,219 [INFO] PluginManage:359 - Loaded plugin ddr (category:tool,tabindex:6)
2023-12-16 10:15:38,219 [INFO] PluginManage:310 - Check plugin filemanager
2023-12-16 10:15:38,582 [INFO] PluginManage:359 - Loaded plugin filemanager (category:base,tabindex:10)
2023-12-16 10:15:38,583 [INFO] PluginManage:310 - Check plugin ipmanager
2023-12-16 10:15:38,603 [INFO] PluginManage:359 - Loaded plugin ipmanager (category:base,tabindex:5)
2023-12-16 10:15:38,603 [INFO] PluginManage:310 - Check plugin lpbam
2023-12-16 10:15:38,647 [INFO] PluginManage:359 - Loaded plugin lpbam (category:base,tabindex:0)
2023-12-16 10:15:38,647 [INFO] PluginManage:310 - Check plugin memorymap
2023-12-16 10:15:38,712 [INFO] PluginManage:359 - Loaded plugin memorymap (category:base,tabindex:4)
2023-12-16 10:15:38,712 [INFO] PluginManage:310 - Check plugin pinoutandconfiguration
2023-12-16 10:15:38,757 [INFO] PluginManage:359 - Loaded plugin pinoutandconfiguration (category:base,tabindex:1)
2023-12-16 10:15:38,758 [INFO] PluginManage:310 - Check plugin pinoutconfig
2023-12-16 10:15:38,987 [WARN] SupportedApi:132 - Cannot load RTOS API schema: s4s-elt-must-match.1: The content of 'definitions' must match (annotation?, (simpleType | complexType)?, (unique | key | keyref)*)). A problem was found starting at: attribute.
2023-12-16 10:15:39,416 [INFO] PluginManage:359 - Loaded plugin pinoutconfig (category:base,tabindex:0)
2023-12-16 10:15:39,417 [INFO] PluginManage:310 - Check plugin power
2023-12-16 10:15:39,471 [INFO] PluginManage:359 - Loaded plugin power (category:power,tabindex:4)
2023-12-16 10:15:39,472 [INFO] PluginManage:310 - Check plugin projectmanager
2023-12-16 10:15:39,516 [INFO] PluginManage:359 - Loaded plugin projectmanager (category:projectmanager,tabindex:3)
2023-12-16 10:15:39,516 [INFO] PluginManage:310 - Check plugin thirdparty
2023-12-16 10:15:40,287 [INFO] PluginManage:359 - Loaded plugin thirdparty (category:base,tabindex:-1)
2023-12-16 10:15:40,286 [WARN] IntegrityCheckThread:84 - waiting for thirdparty lock release [integrity check]
2023-12-16 10:15:40,287 [INFO] PluginManage:310 - Check plugin tools
2023-12-16 10:15:40,287 [INFO] IntegrityCheckThread:86 - entering critical section [integrity check]
2023-12-16 10:15:40,288 [INFO] ThirdPartyUpdaterWithRetryManager:70 - Updater plugin not ready yet. [1/15]
2023-12-16 10:15:40,377 [INFO] PluginManage:359 - Loaded plugin tools (category:base,tabindex:7)
2023-12-16 10:15:40,377 [INFO] PluginManage:310 - Check plugin tutovideos
2023-12-16 10:15:40,842 [INFO] PluginManage:359 - Loaded plugin tutovideos (category:base,tabindex:-1)
2023-12-16 10:15:40,843 [INFO] PluginManage:310 - Check plugin updater
2023-12-16 10:15:40,868 [INFO] PluginManage:359 - Loaded plugin updater (category:base,tabindex:12)
2023-12-16 10:15:40,868 [INFO] PluginManage:310 - Check plugin userauth
2023-12-16 10:15:40,880 [INFO] UserAuth:113 - Init User Auth plugin
2023-12-16 10:15:40,880 [INFO] PluginManage:359 - Loaded plugin userauth (category:base,tabindex:14)
2023-12-16 10:15:40,881 [INFO] PluginManage:283 - PluginManage : Loaded plugins [17]
2023-12-16 10:15:41,423 [INFO] PinOutPanel:1499 - setPackage(No Configuration,No Configuration)
2023-12-16 10:15:41,675 [INFO] CADModel:165 - CPN selected for project level
2023-12-16 10:15:41,675 [INFO] CADModel:114 - Register for checkConnection events
2023-12-16 10:15:41,766 [INFO] IPUIPlugin:80 - create IPUIPlugin
2023-12-16 10:15:41,766 [INFO] PluginManager:220 - loadIPPluginJar : add adc
2023-12-16 10:15:41,853 [INFO] IPUIPlugin:80 - create IPUIPlugin
2023-12-16 10:15:41,853 [INFO] PluginManager:220 - loadIPPluginJar : add aes
2023-12-16 10:15:41,973 [INFO] IPUIPlugin:80 - create IPUIPlugin
2023-12-16 10:15:41,974 [INFO] PluginManager:220 - loadIPPluginJar : add can
2023-12-16 10:15:42,052 [INFO] IPUIPlugin:80 - create IPUIPlugin
2023-12-16 10:15:42,052 [INFO] PluginManager:220 - loadIPPluginJar : add comp
2023-12-16 10:15:42,146 [INFO] IPUIPlugin:80 - create IPUIPlugin
2023-12-16 10:15:42,146 [INFO] PluginManager:220 - loadIPPluginJar : add cryp
2023-12-16 10:15:42,244 [INFO] IPUIPlugin:80 - create IPUIPlugin
2023-12-16 10:15:42,244 [INFO] PluginManager:220 - loadIPPluginJar : add dfsdm
2023-12-16 10:15:42,280 [INFO] IPUIPlugin:80 - create IPUIPlugin
2023-12-16 10:15:42,281 [INFO] PluginManager:220 - loadIPPluginJar : add dma
2023-12-16 10:15:42,414 [INFO] IPUIPlugin:80 - create IPUIPlugin
2023-12-16 10:15:42,414 [INFO] PluginManager:220 - loadIPPluginJar : add dma3
2023-12-16 10:15:42,470 [INFO] IPUIPlugin:80 - create IPUIPlugin
2023-12-16 10:15:42,470 [INFO] PluginManager:220 - loadIPPluginJar : add fatfs
2023-12-16 10:15:42,607 [INFO] IPUIPlugin:80 - create IPUIPlugin
2023-12-16 10:15:42,607 [INFO] PluginManager:220 - loadIPPluginJar : add fmc
2023-12-16 10:15:42,641 [INFO] IPUIPlugin:80 - create IPUIPlugin
2023-12-16 10:15:42,642 [INFO] PluginManager:220 - loadIPPluginJar : add freertos
2023-12-16 10:15:42,692 [INFO] IPUIPlugin:80 - create IPUIPlugin
2023-12-16 10:15:42,693 [INFO] PluginManager:220 - loadIPPluginJar : add genericplugin
2023-12-16 10:15:42,942 [INFO] IPUIPlugin:80 - create IPUIPlugin
2023-12-16 10:15:42,942 [INFO] PluginManager:220 - loadIPPluginJar : add gfxmmu
2023-12-16 10:15:43,268 [INFO] IPUIPlugin:80 - create IPUIPlugin
2023-12-16 10:15:43,269 [INFO] PluginManager:220 - loadIPPluginJar : add gic
2023-12-16 10:15:43,290 [INFO] ThirdPartyUpdaterWithRetryManager:70 - Updater plugin not ready yet. [2/15]
2023-12-16 10:15:43,303 [INFO] IPUIPlugin:80 - create IPUIPlugin
2023-12-16 10:15:43,303 [INFO] PluginManager:220 - loadIPPluginJar : add gpio
2023-12-16 10:15:43,543 [INFO] IPUIPlugin:80 - create IPUIPlugin
2023-12-16 10:15:43,543 [INFO] PluginManager:220 - loadIPPluginJar : add gtzc
2023-12-16 10:15:43,619 [INFO] IPUIPlugin:80 - create IPUIPlugin
2023-12-16 10:15:43,619 [INFO] PluginManager:220 - loadIPPluginJar : add hash
2023-12-16 10:15:43,788 [INFO] IPUIPlugin:80 - create IPUIPlugin
2023-12-16 10:15:43,789 [INFO] PluginManager:220 - loadIPPluginJar : add i2c
2023-12-16 10:15:43,891 [INFO] IPUIPlugin:80 - create IPUIPlugin
2023-12-16 10:15:43,891 [INFO] PluginManager:220 - loadIPPluginJar : add i2s
2023-12-16 10:15:44,022 [INFO] IPUIPlugin:80 - create IPUIPlugin
2023-12-16 10:15:44,022 [INFO] PluginManager:220 - loadIPPluginJar : add i3c
2023-12-16 10:15:44,282 [INFO] IPUIPlugin:80 - create IPUIPlugin
2023-12-16 10:15:44,282 [INFO] PluginManager:220 - loadIPPluginJar : add ipddr
2023-12-16 10:15:44,474 [INFO] IPUIPlugin:80 - create IPUIPlugin
2023-12-16 10:15:44,475 [INFO] PluginManager:220 - loadIPPluginJar : add linkedlist
2023-12-16 10:15:44,573 [INFO] IPUIPlugin:80 - create IPUIPlugin
2023-12-16 10:15:44,573 [INFO] PluginManager:220 - loadIPPluginJar : add lorawan
2023-12-16 10:15:44,679 [INFO] IPUIPlugin:80 - create IPUIPlugin
2023-12-16 10:15:44,679 [INFO] PluginManager:220 - loadIPPluginJar : add ltdc
2023-12-16 10:15:44,710 [INFO] IPUIPlugin:80 - create IPUIPlugin
2023-12-16 10:15:44,710 [INFO] PluginManager:220 - loadIPPluginJar : add mdma
2023-12-16 10:15:44,742 [INFO] IPUIPlugin:80 - create IPUIPlugin
2023-12-16 10:15:44,743 [INFO] PluginManager:220 - loadIPPluginJar : add nvic
2023-12-16 10:15:44,846 [INFO] IPUIPlugin:80 - create IPUIPlugin
2023-12-16 10:15:44,846 [INFO] PluginManager:220 - loadIPPluginJar : add opamp
2023-12-16 10:15:44,953 [INFO] IPUIPlugin:80 - create IPUIPlugin
2023-12-16 10:15:44,953 [INFO] PluginManager:220 - loadIPPluginJar : add openamp
2023-12-16 10:15:45,016 [INFO] IPUIPlugin:80 - create IPUIPlugin
2023-12-16 10:15:45,016 [INFO] PluginManager:220 - loadIPPluginJar : add pdm2pcm
2023-12-16 10:15:45,040 [INFO] IPUIPlugin:80 - create IPUIPlugin
2023-12-16 10:15:45,046 [INFO] PluginManager:220 - loadIPPluginJar : add plateformsettings
2023-12-16 10:15:45,088 [INFO] IPUIPlugin:80 - create IPUIPlugin
2023-12-16 10:15:45,089 [INFO] PluginManager:220 - loadIPPluginJar : add quadspi
2023-12-16 10:15:45,117 [INFO] IPUIPlugin:80 - create IPUIPlugin
2023-12-16 10:15:45,117 [INFO] PluginManager:220 - loadIPPluginJar : add resmgrutility
2023-12-16 10:15:45,233 [INFO] IPUIPlugin:80 - create IPUIPlugin
2023-12-16 10:15:45,233 [INFO] PluginManager:220 - loadIPPluginJar : add sai
2023-12-16 10:15:45,302 [INFO] IPUIPlugin:80 - create IPUIPlugin
2023-12-16 10:15:45,302 [INFO] PluginManager:220 - loadIPPluginJar : add spi
2023-12-16 10:15:45,424 [INFO] IPUIPlugin:80 - create IPUIPlugin
2023-12-16 10:15:45,424 [INFO] PluginManager:220 - loadIPPluginJar : add stm32_wpan
2023-12-16 10:15:45,533 [INFO] IPUIPlugin:80 - create IPUIPlugin
2023-12-16 10:15:45,533 [INFO] PluginManager:220 - loadIPPluginJar : add tim
2023-12-16 10:15:45,670 [INFO] IPUIPlugin:80 - create IPUIPlugin
2023-12-16 10:15:45,670 [INFO] PluginManager:220 - loadIPPluginJar : add touchsensing
2023-12-16 10:15:45,715 [INFO] IPUIPlugin:80 - create IPUIPlugin
2023-12-16 10:15:45,715 [INFO] PluginManager:220 - loadIPPluginJar : add tracer_emb
2023-12-16 10:15:45,761 [INFO] IPUIPlugin:80 - create IPUIPlugin
2023-12-16 10:15:45,762 [INFO] PluginManager:220 - loadIPPluginJar : add ts
2023-12-16 10:15:45,807 [INFO] IPUIPlugin:80 - create IPUIPlugin
2023-12-16 10:15:45,808 [INFO] PluginManager:220 - loadIPPluginJar : add tsc
2023-12-16 10:15:45,854 [INFO] IPUIPlugin:80 - create IPUIPlugin
2023-12-16 10:15:45,855 [INFO] PluginManager:220 - loadIPPluginJar : add ucpd
2023-12-16 10:15:45,967 [INFO] IPUIPlugin:80 - create IPUIPlugin
2023-12-16 10:15:45,967 [INFO] PluginManager:220 - loadIPPluginJar : add usart
2023-12-16 10:15:46,067 [INFO] IPUIPlugin:80 - create IPUIPlugin
2023-12-16 10:15:46,067 [INFO] PluginManager:220 - loadIPPluginJar : add usbx
2023-12-16 10:15:46,258 [INFO] CADModel:165 - CPN selected for project level
2023-12-16 10:15:46,259 [INFO] CADModel:114 - Register for checkConnection events
2023-12-16 10:15:46,259 [FATAL] Updater:308 - Updater called before beeing initialized
2023-12-16 10:15:46,260 [ERROR] CADModel:125 - Updater not yet initialized, retry later 
2023-12-16 10:15:46,291 [INFO] ThirdPartyUpdaterWithRetryManager:70 - Updater plugin not ready yet. [3/15]
2023-12-16 10:15:46,594 [INFO] CADModel:165 - CPN selected for project level
2023-12-16 10:15:46,594 [INFO] CADModel:114 - Register for checkConnection events
2023-12-16 10:15:46,594 [FATAL] Updater:308 - Updater called before beeing initialized
2023-12-16 10:15:46,594 [ERROR] CADModel:125 - Updater not yet initialized, retry later 
2023-12-16 10:15:46,603 [FATAL] Updater:308 - Updater called before beeing initialized
2023-12-16 10:15:46,839 [FATAL] Updater:308 - Updater called before beeing initialized
2023-12-16 10:15:46,852 [INFO] DbMcusAds:53 - JSON generation date=Thu Sep 30 12:25:09 IST 2021 (1632984909247)
2023-12-16 10:15:46,853 [FATAL] Updater:308 - Updater called before beeing initialized
2023-12-16 10:15:47,071 [WARN] DetailPanel:346 - Failed to get advertising image, set to default
2023-12-16 10:15:47,345 [FATAL] Updater:308 - Updater called before beeing initialized
2023-12-16 10:15:47,350 [FATAL] Updater:308 - Updater called before beeing initialized
2023-12-16 10:15:47,350 [FATAL] Updater:308 - Updater called before beeing initialized
2023-12-16 10:15:47,351 [WARN] DetailPanel:346 - Failed to get advertising image, set to default
2023-12-16 10:15:47,352 [FATAL] Updater:308 - Updater called before beeing initialized
2023-12-16 10:15:47,501 [ERROR] Updater:1120 - MainUpdater not yet initialized. External WinMGr cannot be set.
2023-12-16 10:15:47,520 [INFO] Updater:1056 - Updater Version found : 6.9.2
2023-12-16 10:15:47,556 [INFO] ApplicationProperties:184 - Using Application install path: C:\ST\STM32CubeIDE_1.13.2\STM32CubeIDE\plugins\com.st.stm32cube.common.mx_6.9.2.202309101412
2023-12-16 10:15:47,635 [INFO] MainUpdater:521 - Copy updater definitions from MX database
2023-12-16 10:15:47,744 [INFO] MainUpdater:554 - Copy flag file definitions from MX database
2023-12-16 10:15:47,747 [INFO] MainUpdater:570 - Copy thirdparty index definitions from MX database
2023-12-16 10:15:47,750 [INFO] MainUpdater:589 - Copy default thirdparty db definitions from MX database
2023-12-16 10:15:47,886 [INFO] MainUpdater:2868 - connection check result : 10
2023-12-16 10:15:47,887 [INFO] MainUpdater:3562 - Updater definition file requires update
2023-12-16 10:15:47,889 [INFO] MainUpdater:285 - Updater Check For Update Now.
2023-12-16 10:15:47,889 [INFO] MicroXplorer:498 - Change Database Version : DB.6.0.92
2023-12-16 10:15:47,933 [INFO] McuFinderGlobals:63 - Set McuFinder mode to 2 (CubeIDE integrated)
2023-12-16 10:15:47,934 [INFO] UserAuth:179 - activating auth plugin
2023-12-16 10:15:47,939 [INFO] UserAuth:393 - Internet connection configuration mode: 1
2023-12-16 10:15:47,971 [INFO] JxBrowserEngine:151 - Initiate JxBrowser Engine with user profile folder
2023-12-16 10:15:48,041 [INFO] ServerAccessManage:473 - Download File updaters.zip
2023-12-16 10:15:48,379 [INFO] FileExtend:240 - Unzip File : updaters.zip
2023-12-16 10:15:48,380 [INFO] FileExtend:255 - Standard Zip Deflate
2023-12-16 10:15:49,248 [INFO] ServerAccessManage:473 - Download File PacksControlFlags.xml
2023-12-16 10:15:49,292 [WARN] MainUpdater:1189 - Updater busy. Cannot search thirdparties
2023-12-16 10:15:49,292 [INFO] ThirdPartyUpdaterWithRetryManager:96 - Updater plugin is busy. [1/15]
2023-12-16 10:15:49,461 [INFO] ServerAccessManage:473 - Download File cubemx.pidx
2023-12-16 10:15:50,482 [INFO] ServerAccessManage:473 - Download File STMicroelectronics.FP-ATR-ASTRA1.pdsc
2023-12-16 10:15:52,294 [WARN] MainUpdater:1189 - Updater busy. Cannot search thirdparties
2023-12-16 10:15:52,294 [INFO] ThirdPartyUpdaterWithRetryManager:96 - Updater plugin is busy. [2/15]
2023-12-16 10:15:53,575 [INFO] ServerAccessManage:473 - Download File STMicroelectronics.FP-ATR-SIGFOX1.pdsc
2023-12-16 10:15:55,029 [INFO] ServerAccessManage:473 - Download File STMicroelectronics.FP-SNS-FLIGHT1.pdsc
2023-12-16 10:15:55,295 [WARN] MainUpdater:1189 - Updater busy. Cannot search thirdparties
2023-12-16 10:15:55,295 [INFO] ThirdPartyUpdaterWithRetryManager:96 - Updater plugin is busy. [3/15]
2023-12-16 10:15:58,296 [WARN] MainUpdater:1189 - Updater busy. Cannot search thirdparties
2023-12-16 10:15:58,296 [INFO] ThirdPartyUpdaterWithRetryManager:96 - Updater plugin is busy. [4/15]
2023-12-16 10:15:58,587 [INFO] ServerAccessManage:473 - Download File STMicroelectronics.FP-SNS-MOTENV1.pdsc
2023-12-16 10:16:01,300 [WARN] MainUpdater:1189 - Updater busy. Cannot search thirdparties
2023-12-16 10:16:01,300 [INFO] ThirdPartyUpdaterWithRetryManager:96 - Updater plugin is busy. [5/15]
2023-12-16 10:16:02,017 [INFO] WebApp:157 - Instantiating new browser for Auth
2023-12-16 10:16:02,179 [INFO] ServerAccessManage:473 - Download File STMicroelectronics.FP-SNS-MOTENVWB1.pdsc
2023-12-16 10:16:02,732 [INFO] ServerAccessManage:473 - Download File STMicroelectronics.FP-SNS-SMARTAG2.pdsc
2023-12-16 10:16:03,675 [INFO] WebApp:753 - Register for checkConnection events
2023-12-16 10:16:03,676 [INFO] WebApp:390 - Apply proxy settings
2023-12-16 10:16:03,676 [INFO] WebApp:475 - Chromium requires no authentication
2023-12-16 10:16:03,693 [INFO] WebApp:418 - Direct internet connection detected
2023-12-16 10:16:04,142 [INFO] WebApp:188 - Starting web application
2023-12-16 10:16:04,142 [INFO] WebApp:520 - Web application path used C:\ST\STM32CubeIDE_1.13.2\STM32CubeIDE\plugins\com.st.stm32cube.common.mx_6.9.2.202309101412\db\plugins\mcufinder\reactClient1\index.html
2023-12-16 10:16:04,302 [WARN] MainUpdater:1189 - Updater busy. Cannot search thirdparties
2023-12-16 10:16:04,302 [INFO] ThirdPartyUpdaterWithRetryManager:96 - Updater plugin is busy. [6/15]
2023-12-16 10:16:04,423 [INFO] ServerAccessManage:473 - Download File STMicroelectronics.X-CUBE-AI.pdsc
2023-12-16 10:16:07,326 [WARN] MainUpdater:1189 - Updater busy. Cannot search thirdparties
2023-12-16 10:16:07,327 [INFO] ThirdPartyUpdaterWithRetryManager:96 - Updater plugin is busy. [7/15]
2023-12-16 10:16:10,328 [WARN] MainUpdater:1189 - Updater busy. Cannot search thirdparties
2023-12-16 10:16:10,328 [INFO] ThirdPartyUpdaterWithRetryManager:96 - Updater plugin is busy. [8/15]
2023-12-16 10:16:13,329 [WARN] MainUpdater:1189 - Updater busy. Cannot search thirdparties
2023-12-16 10:16:13,329 [INFO] ThirdPartyUpdaterWithRetryManager:96 - Updater plugin is busy. [9/15]
2023-12-16 10:16:16,329 [WARN] MainUpdater:1189 - Updater busy. Cannot search thirdparties
2023-12-16 10:16:16,329 [INFO] ThirdPartyUpdaterWithRetryManager:96 - Updater plugin is busy. [10/15]
2023-12-16 10:16:19,298 [INFO] ServerAccessManage:473 - Download File STMicroelectronics.X-CUBE-ALS.pdsc
2023-12-16 10:16:19,331 [WARN] MainUpdater:1189 - Updater busy. Cannot search thirdparties
2023-12-16 10:16:19,331 [INFO] ThirdPartyUpdaterWithRetryManager:96 - Updater plugin is busy. [11/15]
2023-12-16 10:16:20,876 [INFO] ServerAccessManage:473 - Download File STMicroelectronics.X-CUBE-BLE1.pdsc
2023-12-16 10:16:22,332 [WARN] MainUpdater:1189 - Updater busy. Cannot search thirdparties
2023-12-16 10:16:22,332 [INFO] ThirdPartyUpdaterWithRetryManager:96 - Updater plugin is busy. [12/15]
2023-12-16 10:16:25,334 [WARN] MainUpdater:1189 - Updater busy. Cannot search thirdparties
2023-12-16 10:16:25,334 [INFO] ThirdPartyUpdaterWithRetryManager:96 - Updater plugin is busy. [13/15]
2023-12-16 10:16:26,679 [ERROR] LogOutputStream:75 - [STDERR_REDIRECT] SLF4J: Failed to load class "org.slf4j.impl.StaticLoggerBinder".
2023-12-16 10:16:26,680 [ERROR] LogOutputStream:75 - [STDERR_REDIRECT] SLF4J: Defaulting to no-operation (NOP) logger implementation
2023-12-16 10:16:26,688 [ERROR] LogOutputStream:75 - [STDERR_REDIRECT] SLF4J: See http://www.slf4j.org/codes.html#StaticLoggerBinder for further details.
2023-12-16 10:16:28,335 [WARN] MainUpdater:1189 - Updater busy. Cannot search thirdparties
2023-12-16 10:16:28,335 [INFO] ThirdPartyUpdaterWithRetryManager:96 - Updater plugin is busy. [14/15]
2023-12-16 10:16:30,732 [ERROR] ServerAccessManage:1089 - Problem, file not found on Server
2023-12-16 10:16:31,337 [WARN] MainUpdater:1189 - Updater busy. Cannot search thirdparties
2023-12-16 10:16:31,340 [INFO] ThirdPartyUpdaterWithRetryManager:96 - Updater plugin is busy. [15/15]
2023-12-16 10:16:31,341 [ERROR] IntegrityCheckThread:130 - Cannot retrieve database content from updater: error -1
2023-12-16 10:16:31,342 [INFO] ThirdParty:978 - Integrity check success = false
2023-12-16 10:16:31,342 [INFO] IntegrityCheckThread:100 - exiting critical section [integrity check]
2023-12-16 10:16:31,342 [INFO] IntegrityCheckThread:103 - End integrity checks thread
2023-12-16 10:16:31,728 [INFO] ServerAccessManage:473 - Download File STMicroelectronics.X-CUBE-BLE2.pdsc
2023-12-16 10:16:38,096 [INFO] ServerAccessManage:473 - Download File STMicroelectronics.X-CUBE-BLEMGR.pdsc
2023-12-16 10:16:39,542 [INFO] ServerAccessManage:473 - Download File STMicroelectronics.X-CUBE-DISPLAY.pdsc
2023-12-16 10:16:44,529 [INFO] ServerAccessManage:473 - Download File STMicroelectronics.X-CUBE-EEPRMA1.pdsc
2023-12-16 10:16:45,536 [ERROR] ServerAccessManage:1089 - Problem, file not found on Server
2023-12-16 10:16:46,583 [INFO] ServerAccessManage:473 - Download File STMicroelectronics.X-CUBE-FREERTOS.pdsc
2023-12-16 10:16:49,788 [INFO] ServerAccessManage:473 - Download File STMicroelectronics.X-CUBE-GNSS1.pdsc
2023-12-16 10:16:55,231 [ERROR] ServerAccessManage:1089 - Problem, file not found on Server
2023-12-16 10:16:56,012 [ERROR] ServerAccessManage:1089 - Problem, file not found on Server
2023-12-16 10:16:56,816 [ERROR] ServerAccessManage:1089 - Problem, file not found on Server
2023-12-16 10:16:57,861 [ERROR] ServerAccessManage:1089 - Problem, file not found on Server
2023-12-16 10:16:58,641 [ERROR] ServerAccessManage:1089 - Problem, file not found on Server
2023-12-16 10:16:59,401 [ERROR] ServerAccessManage:1089 - Problem, file not found on Server
2023-12-16 10:16:59,455 [INFO] ServerAccessManage:473 - Download File STMicroelectronics.X-CUBE-ISPU.pdsc
2023-12-16 10:17:00,939 [INFO] ServerAccessManage:473 - Download File STMicroelectronics.X-CUBE-MEMS1.pdsc
2023-12-16 10:17:16,318 [INFO] ServerAccessManage:473 - Download File STMicroelectronics.X-CUBE-NFC4.pdsc
2023-12-16 10:17:25,343 [INFO] ServerAccessManage:473 - Download File STMicroelectronics.X-CUBE-NFC6.pdsc
2023-12-16 10:17:26,574 [INFO] ServerAccessManage:473 - Download File STMicroelectronics.X-CUBE-NFC7.pdsc
2023-12-16 10:17:29,473 [INFO] ServerAccessManage:473 - Download File STMicroelectronics.X-CUBE-SFXS2LP1.pdsc
2023-12-16 10:17:33,055 [INFO] ServerAccessManage:473 - Download File STMicroelectronics.X-CUBE-SUBG2.pdsc
2023-12-16 10:17:39,191 [INFO] ServerAccessManage:473 - Download File STMicroelectronics.X-CUBE-SMBUS.pdsc
2023-12-16 10:17:40,304 [ERROR] ServerAccessManage:1089 - Problem, file not found on Server
2023-12-16 10:17:40,453 [INFO] ServerAccessManage:473 - Download File STMicroelectronics.X-CUBE-TOF1.pdsc
2023-12-16 10:17:41,148 [ERROR] ServerAccessManage:1089 - Problem, file not found on Server
2023-12-16 10:17:41,256 [INFO] ServerAccessManage:473 - Download File STMicroelectronics.X-CUBE-TOUCHGFX.pdsc
2023-12-16 10:17:42,638 [INFO] ServerAccessManage:473 - Download File STMicroelectronics.X-CUBE-ALGOBUILD.pdsc
2023-12-16 10:17:46,326 [INFO] ServerAccessManage:473 - Download File STMicroelectronics.X-CUBE-AZRTOS-H7.pdsc
2023-12-16 10:17:48,603 [INFO] ServerAccessManage:473 - Download File STMicroelectronics.X-CUBE-AZRTOS-F4.pdsc
2023-12-16 10:17:51,029 [INFO] ServerAccessManage:473 - Download File STMicroelectronics.X-CUBE-AZRTOS-F7.pdsc
2023-12-16 10:17:53,017 [INFO] ServerAccessManage:473 - Download File STMicroelectronics.X-CUBE-AZRTOS-L4.pdsc
2023-12-16 10:17:55,175 [INFO] ServerAccessManage:473 - Download File STMicroelectronics.X-CUBE-AZRTOS-L5.pdsc
2023-12-16 10:17:57,760 [INFO] ServerAccessManage:473 - Download File STMicroelectronics.X-CUBE-AZRTOS-G0.pdsc
2023-12-16 10:17:59,788 [INFO] ServerAccessManage:473 - Download File STMicroelectronics.X-CUBE-AZRTOS-G4.pdsc
2023-12-16 10:18:02,829 [INFO] ServerAccessManage:473 - Download File STMicroelectronics.X-CUBE-AZRTOS-WB.pdsc
2023-12-16 10:18:05,730 [INFO] ServerAccessManage:473 - Download File STMicroelectronics.X-CUBE-AZRTOS-WL.pdsc
2023-12-16 10:18:07,506 [INFO] ServerAccessManage:473 - Download File wolfSSL.I-CUBE-wolfSSL.pdsc
2023-12-16 10:18:14,016 [ERROR] ServerAccessManage:1089 - Problem, file not found on Server
2023-12-16 10:18:14,492 [ERROR] ServerAccessManage:1089 - Problem, file not found on Server
2023-12-16 10:18:15,040 [ERROR] ServerAccessManage:1089 - Problem, file not found on Server
2023-12-16 10:18:16,066 [ERROR] ServerAccessManage:1096 - Problem, Http access forbiden
2023-12-16 10:18:16,071 [ERROR] ServerAccessManage:651 - Problem, Http access forbiden : RoweBots.I-CUBE-UNISONRTOS.pdsc.
2023-12-16 10:18:16,612 [ERROR] ServerAccessManage:1172 - Problem during Server Connection :  IO error PKIX path building failed: sun.security.provider.certpath.SunCertPathBuilderException: unable to find valid certification path to requested target
2023-12-16 10:18:16,612 [ERROR] ServerAccessManage:651 - Problem during Server Connection :  : SEGGER.I-CUBE-embOS.pdsc.
2023-12-16 10:18:17,806 [INFO] ServerAccessManage:473 - Download File portGmbH.I-Cube-SoM-uGOAL.pdsc
2023-12-16 10:18:19,382 [ERROR] ServerAccessManage:1089 - Problem, file not found on Server
2023-12-16 10:18:19,526 [ERROR] ServerAccessManage:1089 - Problem, file not found on Server
2023-12-16 10:18:19,670 [ERROR] ServerAccessManage:1089 - Problem, file not found on Server
2023-12-16 10:18:20,608 [INFO] ServerAccessManage:473 - Download File emotas.I-CUBE-CANOPEN.pdsc
2023-12-16 10:18:22,742 [INFO] ServerAccessManage:473 - Download File WES.I-CUBE-Cesium.pdsc
2023-12-16 10:18:23,743 [ERROR] ServerAccessManage:1089 - Problem, file not found on Server
2023-12-16 10:18:24,186 [ERROR] ServerAccessManage:1089 - Problem, file not found on Server
2023-12-16 10:18:25,481 [INFO] ServerAccessManage:473 - Download File ITTIA_DB.I-CUBE-ITTIADB.pdsc
2023-12-16 10:18:29,989 [INFO] ServerAccessManage:473 - Download File Infineon.AIROC-Wi-Fi-Bluetooth-STM32.pdsc
2023-12-16 10:18:32,378 [WARN] PackLoader:240 - Cannot read IP mode file for STMicroelectronics.FP-ATR-ASTRA1.2.0.0
2023-12-16 10:18:32,389 [WARN] CheckServerUpdateThread:151 - Open CheckUpdateFile Fail
2023-12-16 10:18:32,401 [WARN] PackLoader:240 - Cannot read IP mode file for STMicroelectronics.FP-ATR-SIGFOX1.3.2.0
2023-12-16 10:18:32,416 [WARN] PackLoader:240 - Cannot read IP mode file for STMicroelectronics.FP-SNS-FLIGHT1.5.0.2
2023-12-16 10:18:32,433 [WARN] PackLoader:240 - Cannot read IP mode file for STMicroelectronics.FP-SNS-MOTENV1.4.3.2
2023-12-16 10:18:32,453 [WARN] PackLoader:240 - Cannot read IP mode file for STMicroelectronics.FP-SNS-MOTENVWB1.1.3.1
2023-12-16 10:18:32,470 [WARN] PackLoader:240 - Cannot read IP mode file for STMicroelectronics.FP-SNS-SMARTAG2.1.2.0
2023-12-16 10:18:32,485 [WARN] PackLoader:240 - Cannot read IP mode file for STMicroelectronics.X-CUBE-AI.8.1.0
2023-12-16 10:18:32,501 [WARN] PackLoader:240 - Cannot read IP mode file for STMicroelectronics.X-CUBE-ALS.1.0.1
2023-12-16 10:18:32,522 [WARN] PackLoader:240 - Cannot read IP mode file for STMicroelectronics.X-CUBE-BLE1.7.0.0
2023-12-16 10:18:32,539 [WARN] PackLoader:240 - Cannot read IP mode file for STMicroelectronics.X-CUBE-BLE2.3.3.0
2023-12-16 10:18:32,567 [INFO] CheckServerUpdateThread:120 - End of CheckServer Thread
2023-12-16 10:18:32,589 [WARN] PackLoader:240 - Cannot read IP mode file for STMicroelectronics.X-CUBE-BLEMGR.3.0.0
2023-12-16 10:18:32,635 [WARN] PackLoader:240 - Cannot read IP mode file for STMicroelectronics.X-CUBE-DISPLAY.3.0.0
2023-12-16 10:18:32,671 [WARN] PackLoader:240 - Cannot read IP mode file for STMicroelectronics.X-CUBE-EEPRMA1.4.2.0
2023-12-16 10:18:32,695 [WARN] PackLoader:240 - Cannot read IP mode file for STMicroelectronics.X-CUBE-FREERTOS.1.1.0
2023-12-16 10:18:32,709 [WARN] PackLoader:240 - Cannot read IP mode file for STMicroelectronics.X-CUBE-GNSS1.6.0.0
2023-12-16 10:18:32,723 [WARN] PackLoader:240 - Cannot read IP mode file for STMicroelectronics.X-CUBE-ISPU.2.0.0
2023-12-16 10:18:32,882 [WARN] PackLoader:240 - Cannot read IP mode file for STMicroelectronics.X-CUBE-MEMS1.10.0.0
2023-12-16 10:18:33,342 [WARN] PackLoader:240 - Cannot read IP mode file for STMicroelectronics.X-CUBE-NFC4.3.0.0
2023-12-16 10:18:33,371 [WARN] PackLoader:240 - Cannot read IP mode file for STMicroelectronics.X-CUBE-NFC6.3.0.0
2023-12-16 10:18:33,392 [WARN] PackLoader:240 - Cannot read IP mode file for STMicroelectronics.X-CUBE-NFC7.1.0.1
2023-12-16 10:18:33,413 [WARN] PackLoader:240 - Cannot read IP mode file for STMicroelectronics.X-CUBE-SFXS2LP1.4.0.0
2023-12-16 10:18:33,442 [WARN] PackLoader:240 - Cannot read IP mode file for STMicroelectronics.X-CUBE-SUBG2.5.0.0
2023-12-16 10:18:33,470 [WARN] PackLoader:240 - Cannot read IP mode file for STMicroelectronics.X-CUBE-SMBUS.2.1.0
2023-12-16 10:18:33,500 [WARN] PackLoader:240 - Cannot read IP mode file for STMicroelectronics.X-CUBE-TOF1.3.4.0
2023-12-16 10:18:33,549 [WARN] PackLoader:240 - Cannot read IP mode file for STMicroelectronics.X-CUBE-TOUCHGFX.4.23.0
2023-12-16 10:18:33,561 [WARN] PackLoader:240 - Cannot read IP mode file for STMicroelectronics.X-CUBE-ALGOBUILD.1.3.0
2023-12-16 10:18:33,615 [WARN] PackLoader:240 - Cannot read IP mode file for STMicroelectronics.X-CUBE-AZRTOS-H7.3.2.0
2023-12-16 10:18:33,672 [WARN] PackLoader:240 - Cannot read IP mode file for STMicroelectronics.X-CUBE-AZRTOS-F4.1.1.0
2023-12-16 10:18:33,731 [WARN] PackLoader:240 - Cannot read IP mode file for STMicroelectronics.X-CUBE-AZRTOS-F7.1.1.0
2023-12-16 10:18:33,789 [WARN] ConditionMgr:438 - getConditionDescription Invalid condition id : LAN8742 Phy interface Condition cause : null
2023-12-16 10:18:33,791 [WARN] PackLoader:240 - Cannot read IP mode file for STMicroelectronics.X-CUBE-AZRTOS-L4.2.0.0
2023-12-16 10:18:33,795 [WARN] ConditionMgr:1039 - genDependencies : Invalid condition id : LAN8742 Phy interface Condition cause : null
2023-12-16 10:18:33,796 [WARN] ConditionMgr:1039 - genDependencies : Invalid condition id : LAN8742 Phy interface Condition cause : null
2023-12-16 10:18:33,798 [WARN] ConditionMgr:1039 - genDependencies : Invalid condition id : LAN8742 Phy interface Condition cause : null
2023-12-16 10:18:33,857 [WARN] PackLoader:240 - Cannot read IP mode file for STMicroelectronics.X-CUBE-AZRTOS-L5.2.0.0
2023-12-16 10:18:33,919 [WARN] PackLoader:240 - Cannot read IP mode file for STMicroelectronics.X-CUBE-AZRTOS-G0.1.1.0
2023-12-16 10:18:33,972 [WARN] PackLoader:240 - Cannot read IP mode file for STMicroelectronics.X-CUBE-AZRTOS-G4.2.0.0
2023-12-16 10:18:34,015 [WARN] ConditionMgr:438 - getConditionDescription Invalid condition id : UX DEVICE CLASS RTOS Condition cause : null
2023-12-16 10:18:34,015 [WARN] ConditionMgr:438 - getConditionDescription Invalid condition id : UX DEVICE CLASS RTOS Condition cause : null
2023-12-16 10:18:34,023 [WARN] PackLoader:240 - Cannot read IP mode file for STMicroelectronics.X-CUBE-AZRTOS-WB.2.0.0
2023-12-16 10:18:34,025 [WARN] ConditionMgr:1039 - genDependencies : Invalid condition id : UX DEVICE CLASS RTOS Condition cause : null
2023-12-16 10:18:34,025 [WARN] ConditionMgr:1039 - genDependencies : Invalid condition id : UX DEVICE CLASS RTOS Condition cause : null
2023-12-16 10:18:34,027 [WARN] ConditionMgr:1039 - genDependencies : Invalid condition id : UX DEVICE CLASS RTOS Condition cause : null
2023-12-16 10:18:34,028 [WARN] ConditionMgr:1039 - genDependencies : Invalid condition id : UX DEVICE CLASS RTOS Condition cause : null
2023-12-16 10:18:34,028 [WARN] ConditionMgr:1039 - genDependencies : Invalid condition id : UX DEVICE CLASS RTOS Condition cause : null
2023-12-16 10:18:34,056 [INFO] LogOutputStream:77 - [STDOUT_REDIRECT] 1 : Invalid condition id : UX_CORESTACK_Condition cause : null
2023-12-16 10:18:34,057 [INFO] LogOutputStream:77 - [STDOUT_REDIRECT] 1 : Invalid condition id : UX_CORESTACK_Condition cause : null
2023-12-16 10:18:34,062 [INFO] LogOutputStream:77 - [STDOUT_REDIRECT] 1 : Invalid condition id : UX_CORESTACK_Condition cause : null
2023-12-16 10:18:34,067 [INFO] LogOutputStream:77 - [STDOUT_REDIRECT] 1 : Invalid condition id : UX_CORESTACK_Condition cause : null
2023-12-16 10:18:34,071 [INFO] LogOutputStream:77 - [STDOUT_REDIRECT] 1 : Invalid condition id : UX_CORESTACK_Condition cause : null
2023-12-16 10:18:34,081 [WARN] PackLoader:240 - Cannot read IP mode file for STMicroelectronics.X-CUBE-AZRTOS-WL.2.0.0
2023-12-16 10:18:34,095 [WARN] PackLoader:240 - Cannot read IP mode file for wolfSSL.I-CUBE-wolfSSL.5.6.4
2023-12-16 10:18:34,108 [WARN] PackLoader:240 - Cannot read IP mode file for portGmbH.I-Cube-SoM-uGOAL.1.1.0
2023-12-16 10:18:34,120 [WARN] PackLoader:240 - Cannot read IP mode file for emotas.I-CUBE-CANOPEN.1.3.0
2023-12-16 10:18:34,133 [WARN] PackLoader:240 - Cannot read IP mode file for WES.I-CUBE-Cesium.1.3.0
2023-12-16 10:18:34,142 [WARN] PackLoader:240 - Cannot read IP mode file for ITTIA_DB.I-CUBE-ITTIADB.8.8.0
2023-12-16 10:18:34,175 [WARN] PackLoader:240 - Cannot read IP mode file for Infineon.AIROC-Wi-Fi-Bluetooth-STM32.1.5.1
2023-12-16 10:18:34,194 [INFO] PopulateThirdPartyThread:66 - Ending populate Thread
2023-12-16 10:18:34,200 [INFO] ThirdParty:1030 - CMSIS Pack Vendor :STMicroelectronics X-CUBE-DISPLAY 3.0.0
2023-12-16 10:18:34,200 [INFO] ThirdParty:1030 - CMSIS Pack Vendor :STMicroelectronics X-CUBE-GNSS1 6.0.0
2023-12-16 10:18:34,200 [INFO] ThirdParty:1030 - CMSIS Pack Vendor :STMicroelectronics FP-SNS-MOTENVWB1 1.3.1
2023-12-16 10:18:34,201 [INFO] ThirdParty:1030 - CMSIS Pack Vendor :STMicroelectronics X-CUBE-AZRTOS-F4 1.1.0
2023-12-16 10:18:34,201 [INFO] ThirdParty:1030 - CMSIS Pack Vendor :STMicroelectronics FP-ATR-SIGFOX1 3.2.0
2023-12-16 10:18:34,201 [INFO] ThirdParty:1030 - CMSIS Pack Vendor :STMicroelectronics X-CUBE-BLE1 7.0.0
2023-12-16 10:18:34,201 [INFO] ThirdParty:1030 - CMSIS Pack Vendor :wolfSSL I-CUBE-wolfSSL 5.6.4
2023-12-16 10:18:34,201 [INFO] ThirdParty:1030 - CMSIS Pack Vendor :STMicroelectronics X-CUBE-SMBUS 2.1.0
2023-12-16 10:18:34,201 [INFO] ThirdParty:1030 - CMSIS Pack Vendor :STMicroelectronics X-CUBE-ISPU 2.0.0
2023-12-16 10:18:34,201 [INFO] ThirdParty:1030 - CMSIS Pack Vendor :STMicroelectronics X-CUBE-AZRTOS-WB 2.0.0
2023-12-16 10:18:34,202 [INFO] ThirdParty:1030 - CMSIS Pack Vendor :emotas I-CUBE-CANOPEN 1.3.0
2023-12-16 10:18:34,202 [INFO] ThirdParty:1030 - CMSIS Pack Vendor :STMicroelectronics X-CUBE-MEMS1 10.0.0
2023-12-16 10:18:34,202 [INFO] ThirdParty:1030 - CMSIS Pack Vendor :STMicroelectronics X-CUBE-FREERTOS 1.1.0
2023-12-16 10:18:34,202 [INFO] ThirdParty:1030 - CMSIS Pack Vendor :STMicroelectronics X-CUBE-NFC7 1.0.1
2023-12-16 10:18:34,202 [INFO] ThirdParty:1030 - CMSIS Pack Vendor :STMicroelectronics X-CUBE-TOUCHGFX 4.23.0
2023-12-16 10:18:34,202 [INFO] ThirdParty:1030 - CMSIS Pack Vendor :STMicroelectronics X-CUBE-AZRTOS-F7 1.1.0
2023-12-16 10:18:34,203 [INFO] ThirdParty:1030 - CMSIS Pack Vendor :STMicroelectronics X-CUBE-AZRTOS-L5 2.0.0
2023-12-16 10:18:34,203 [INFO] ThirdParty:1030 - CMSIS Pack Vendor :STMicroelectronics X-CUBE-NFC6 3.0.0
2023-12-16 10:18:34,203 [INFO] ThirdParty:1030 - CMSIS Pack Vendor :STMicroelectronics X-CUBE-ALS 1.0.1
2023-12-16 10:18:34,203 [INFO] ThirdParty:1030 - CMSIS Pack Vendor :portGmbH I-Cube-SoM-uGOAL 1.1.0
2023-12-16 10:18:34,203 [INFO] ThirdParty:1030 - CMSIS Pack Vendor :STMicroelectronics X-CUBE-EEPRMA1 4.2.0
2023-12-16 10:18:34,203 [INFO] ThirdParty:1030 - CMSIS Pack Vendor :ITTIA_DB I-CUBE-ITTIADB 8.8.0
2023-12-16 10:18:34,204 [INFO] ThirdParty:1030 - CMSIS Pack Vendor :STMicroelectronics FP-SNS-SMARTAG2 1.2.0
2023-12-16 10:18:34,204 [INFO] ThirdParty:1030 - CMSIS Pack Vendor :STMicroelectronics FP-SNS-MOTENV1 4.3.2
2023-12-16 10:18:34,204 [INFO] ThirdParty:1030 - CMSIS Pack Vendor :STMicroelectronics X-CUBE-ALGOBUILD 1.3.0
2023-12-16 10:18:34,204 [INFO] ThirdParty:1030 - CMSIS Pack Vendor :STMicroelectronics X-CUBE-AZRTOS-WL 2.0.0
2023-12-16 10:18:34,204 [INFO] ThirdParty:1030 - CMSIS Pack Vendor :STMicroelectronics X-CUBE-AZRTOS-G0 1.1.0
2023-12-16 10:18:34,204 [INFO] ThirdParty:1030 - CMSIS Pack Vendor :STMicroelectronics X-CUBE-AI 8.1.0
2023-12-16 10:18:34,204 [INFO] ThirdParty:1030 - CMSIS Pack Vendor :STMicroelectronics X-CUBE-NFC4 3.0.0
2023-12-16 10:18:34,204 [INFO] ThirdParty:1030 - CMSIS Pack Vendor :STMicroelectronics X-CUBE-SUBG2 5.0.0
2023-12-16 10:18:34,205 [INFO] ThirdParty:1030 - CMSIS Pack Vendor :STMicroelectronics X-CUBE-AZRTOS-L4 2.0.0
2023-12-16 10:18:34,205 [INFO] ThirdParty:1030 - CMSIS Pack Vendor :STMicroelectronics FP-ATR-ASTRA1 2.0.0
2023-12-16 10:18:34,205 [INFO] ThirdParty:1030 - CMSIS Pack Vendor :WES I-CUBE-Cesium 1.3.0
2023-12-16 10:18:34,205 [INFO] ThirdParty:1030 - CMSIS Pack Vendor :STMicroelectronics X-CUBE-SFXS2LP1 4.0.0
2023-12-16 10:18:34,205 [INFO] ThirdParty:1030 - CMSIS Pack Vendor :STMicroelectronics FP-SNS-FLIGHT1 5.0.2
2023-12-16 10:18:34,206 [INFO] ThirdParty:1030 - CMSIS Pack Vendor :STMicroelectronics X-CUBE-BLE2 3.3.0
2023-12-16 10:18:34,206 [INFO] ThirdParty:1030 - CMSIS Pack Vendor :STMicroelectronics X-CUBE-TOF1 3.4.0
2023-12-16 10:18:34,206 [INFO] ThirdParty:1030 - CMSIS Pack Vendor :STMicroelectronics X-CUBE-AZRTOS-G4 2.0.0
2023-12-16 10:18:34,206 [INFO] ThirdParty:1030 - CMSIS Pack Vendor :STMicroelectronics X-CUBE-AZRTOS-H7 3.2.0
2023-12-16 10:18:34,206 [INFO] ThirdParty:1030 - CMSIS Pack Vendor :Infineon AIROC-Wi-Fi-Bluetooth-STM32 1.5.1
2023-12-16 10:18:34,206 [INFO] ThirdParty:1030 - CMSIS Pack Vendor :STMicroelectronics X-CUBE-BLEMGR 3.0.0
2023-12-16 10:18:34,208 [INFO] LoadServerUpdatesThread:373 - End of LoadServerUpdate Thread
2023-12-16 10:20:41,034 [INFO] McuFinderGlobals:63 - Set McuFinder mode to 2 (CubeIDE integrated)
2023-12-16 10:20:41,035 [INFO] UserAuth:179 - activating auth plugin
2023-12-16 10:20:41,037 [INFO] UserAuth:393 - Internet connection configuration mode: 1
2023-12-16 11:33:06,750 [ERROR] LogOutputStream:75 - [STDERR_REDIRECT] 
