2024-01-11 15:11:57,181 [INFO] Activator:176 - 


2024-01-11 15:11:57,191 [INFO] Activator:177 - !SESSION log4j initialized
2024-01-11 15:12:01,240 [INFO] LogOutputStream:77 - [STDOUT_REDIRECT] 
2024-01-11 15:12:03,845 [INFO] ApplicationProperties:184 - Using Application install path: C:\ST\STM32CubeIDE_1.13.2\STM32CubeIDE\plugins\com.st.stm32cube.common.mx_6.9.2.202309101412
2024-01-11 15:12:03,863 [INFO] DbMcusXml:78 - Set database path to: C:\ST\STM32CubeIDE_1.13.2\STM32CubeIDE\plugins\com.st.stm32cube.common.mx_6.9.2.202309101412\\db\/mcu/
2024-01-11 15:12:03,864 [INFO] ApiDb:274 - Set plugin database path to: C:\ST\STM32CubeIDE_1.13.2\STM32CubeIDE\plugins\com.st.stm32cube.common.mx_6.9.2.202309101412\\db\/plugins/boardmanager/
2024-01-11 15:12:03,864 [WARN] ApiDb:259 - Overriding images path with different value:  => C:\ST\STM32CubeIDE_1.13.2\STM32CubeIDE\plugins\com.st.stm32cube.common.mx_6.9.2.202309101412\\db\/plugins/mcufinder/images/
2024-01-11 15:12:03,878 [INFO] ApiDb:250 - Set database path to: C:\Users\jammu\.stmcufinder\plugins\mcufinder//mcu/
2024-01-11 15:12:03,879 [INFO] DbMcusAds:125 - Set database path to: C:\Users\jammu\.stmcufinder\plugins\mcufinder//mcu/
2024-01-11 15:12:03,883 [INFO] CrossReferenceDbSqlite:203 - Set database path to: C:\Users\jammu\.stmcufinder\plugins\mcufinder//mcu/cs/
2024-01-11 15:12:04,025 [INFO] RulesReader:64 - Compatibility file has been processed (293 Rules)
2024-01-11 15:12:04,119 [INFO] DbMcusXml:78 - Set database path to: C:\ST\STM32CubeIDE_1.13.2\STM32CubeIDE\plugins\com.st.stm32cube.common.mx_6.9.2.202309101412\\db\/mcu/
2024-01-11 15:12:04,119 [INFO] ApiDb:274 - Set plugin database path to: C:\ST\STM32CubeIDE_1.13.2\STM32CubeIDE\plugins\com.st.stm32cube.common.mx_6.9.2.202309101412\\db\/plugins/boardmanager/
2024-01-11 15:12:04,119 [INFO] ApiDb:261 - Set plugin images path to: C:\ST\STM32CubeIDE_1.13.2\STM32CubeIDE\plugins\com.st.stm32cube.common.mx_6.9.2.202309101412\\db\/plugins/mcufinder/images/
2024-01-11 15:12:04,120 [WARN] DbFile:41 - Overriding database path with different value: C:\Users\jammu\.stmcufinder\plugins\mcufinder/ => C:\Users\jammu\.stmcufinder\plugins\mcufinder
2024-01-11 15:12:04,120 [INFO] ApiDb:250 - Set database path to: C:\Users\jammu\.stmcufinder\plugins\mcufinder//mcu/
2024-01-11 15:12:04,120 [WARN] DbFile:41 - Overriding database path with different value: C:\Users\jammu\.stmcufinder\plugins\mcufinder/ => C:\Users\jammu\.stmcufinder\plugins\mcufinder
2024-01-11 15:12:04,120 [INFO] DbMcusAds:125 - Set database path to: C:\Users\jammu\.stmcufinder\plugins\mcufinder//mcu/
2024-01-11 15:12:04,120 [WARN] DbFile:41 - Overriding database path with different value: C:\Users\jammu\.stmcufinder\plugins\mcufinder/ => C:\Users\jammu\.stmcufinder\plugins\mcufinder
2024-01-11 15:12:04,120 [WARN] DbFile:41 - Overriding database path with different value: C:\Users\jammu\.stmcufinder\plugins\mcufinder/ => C:\Users\jammu\.stmcufinder\plugins\mcufinder
2024-01-11 15:12:04,120 [INFO] CrossReferenceDbSqlite:203 - Set database path to: C:\Users\jammu\.stmcufinder\plugins\mcufinder//mcu/cs/
2024-01-11 15:12:04,217 [INFO] MainPanel:262 - HeapMemory: 268435456
2024-01-11 15:12:04,354 [INFO] DbMcusXml:78 - Set database path to: C:\ST\STM32CubeIDE_1.13.2\STM32CubeIDE\plugins\com.st.stm32cube.common.mx_6.9.2.202309101412\\db\/mcu/
2024-01-11 15:12:04,354 [INFO] ApiDb:274 - Set plugin database path to: C:\ST\STM32CubeIDE_1.13.2\STM32CubeIDE\plugins\com.st.stm32cube.common.mx_6.9.2.202309101412\\db\/plugins/boardmanager/
2024-01-11 15:12:04,354 [INFO] ApiDb:261 - Set plugin images path to: C:\ST\STM32CubeIDE_1.13.2\STM32CubeIDE\plugins\com.st.stm32cube.common.mx_6.9.2.202309101412\\db\/plugins/mcufinder/images/
2024-01-11 15:12:04,355 [WARN] DbFile:41 - Overriding database path with different value: C:\Users\jammu\.stmcufinder\plugins\mcufinder/ => C:\Users\jammu\.stmcufinder\plugins\mcufinder
2024-01-11 15:12:04,355 [INFO] ApiDb:250 - Set database path to: C:\Users\jammu\.stmcufinder\plugins\mcufinder//mcu/
2024-01-11 15:12:04,356 [WARN] DbFile:41 - Overriding database path with different value: C:\Users\jammu\.stmcufinder\plugins\mcufinder/ => C:\Users\jammu\.stmcufinder\plugins\mcufinder
2024-01-11 15:12:04,356 [INFO] DbMcusAds:125 - Set database path to: C:\Users\jammu\.stmcufinder\plugins\mcufinder//mcu/
2024-01-11 15:12:04,356 [WARN] DbFile:41 - Overriding database path with different value: C:\Users\jammu\.stmcufinder\plugins\mcufinder/ => C:\Users\jammu\.stmcufinder\plugins\mcufinder
2024-01-11 15:12:04,356 [WARN] DbFile:41 - Overriding database path with different value: C:\Users\jammu\.stmcufinder\plugins\mcufinder/ => C:\Users\jammu\.stmcufinder\plugins\mcufinder
2024-01-11 15:12:04,357 [INFO] CrossReferenceDbSqlite:203 - Set database path to: C:\Users\jammu\.stmcufinder\plugins\mcufinder//mcu/cs/
2024-01-11 15:12:04,388 [INFO] ApplicationProperties:184 - Using Application install path: C:\ST\STM32CubeIDE_1.13.2\STM32CubeIDE\plugins\com.st.stm32cube.common.mx_6.9.2.202309101412
2024-01-11 15:12:04,391 [INFO] PluginManage:196 - Search for loadable plugins [exclusion list=, ]
2024-01-11 15:12:04,393 [INFO] PluginManage:310 - Check plugin analytics
2024-01-11 15:12:04,614 [INFO] AnalyticsPlugin:253 - Accepted Software Licenses: 
2024-01-11 15:12:04,614 [INFO] AnalyticsPlugin:255 - Accepted CMSIS Pack Licenses: 
2024-01-11 15:12:04,614 [INFO] AnalyticsPlugin:257 - Accepted Firmware Licenses: 
2024-01-11 15:12:04,618 [INFO] PluginManage:359 - Loaded plugin analytics (category:tool,tabindex:-1)
2024-01-11 15:12:04,618 [INFO] PluginManage:310 - Check plugin cadmodel
2024-01-11 15:12:04,637 [INFO] CADModel:105 - Init CAD model plugin
2024-01-11 15:12:04,637 [INFO] PluginManage:359 - Loaded plugin cadmodel (category:power,tabindex:5)
2024-01-11 15:12:04,637 [INFO] PluginManage:310 - Check plugin clock
2024-01-11 15:12:04,665 [INFO] PluginManage:359 - Loaded plugin clock (category:base,tabindex:2)
2024-01-11 15:12:04,665 [INFO] PluginManage:310 - Check plugin ddr
2024-01-11 15:12:04,667 [INFO] PluginManage:359 - Loaded plugin ddr (category:tool,tabindex:6)
2024-01-11 15:12:04,667 [INFO] PluginManage:310 - Check plugin filemanager
2024-01-11 15:12:04,814 [INFO] PluginManage:359 - Loaded plugin filemanager (category:base,tabindex:10)
2024-01-11 15:12:04,814 [INFO] PluginManage:310 - Check plugin ipmanager
2024-01-11 15:12:04,823 [INFO] PluginManage:359 - Loaded plugin ipmanager (category:base,tabindex:5)
2024-01-11 15:12:04,823 [INFO] PluginManage:310 - Check plugin lpbam
2024-01-11 15:12:04,840 [INFO] PluginManage:359 - Loaded plugin lpbam (category:base,tabindex:0)
2024-01-11 15:12:04,840 [INFO] PluginManage:310 - Check plugin memorymap
2024-01-11 15:12:04,864 [INFO] PluginManage:359 - Loaded plugin memorymap (category:base,tabindex:4)
2024-01-11 15:12:04,864 [INFO] PluginManage:310 - Check plugin pinoutandconfiguration
2024-01-11 15:12:04,881 [INFO] PluginManage:359 - Loaded plugin pinoutandconfiguration (category:base,tabindex:1)
2024-01-11 15:12:04,881 [INFO] PluginManage:310 - Check plugin pinoutconfig
2024-01-11 15:12:04,987 [WARN] SupportedApi:132 - Cannot load RTOS API schema: s4s-elt-must-match.1: The content of 'definitions' must match (annotation?, (simpleType | complexType)?, (unique | key | keyref)*)). A problem was found starting at: attribute.
2024-01-11 15:12:05,186 [INFO] PluginManage:359 - Loaded plugin pinoutconfig (category:base,tabindex:0)
2024-01-11 15:12:05,186 [INFO] PluginManage:310 - Check plugin power
2024-01-11 15:12:05,206 [INFO] PluginManage:359 - Loaded plugin power (category:power,tabindex:4)
2024-01-11 15:12:05,206 [INFO] PluginManage:310 - Check plugin projectmanager
2024-01-11 15:12:05,224 [INFO] PluginManage:359 - Loaded plugin projectmanager (category:projectmanager,tabindex:3)
2024-01-11 15:12:05,224 [INFO] PluginManage:310 - Check plugin thirdparty
2024-01-11 15:12:05,568 [INFO] PluginManage:359 - Loaded plugin thirdparty (category:base,tabindex:-1)
2024-01-11 15:12:05,568 [WARN] IntegrityCheckThread:84 - waiting for thirdparty lock release [integrity check]
2024-01-11 15:12:05,568 [INFO] PluginManage:310 - Check plugin tools
2024-01-11 15:12:05,568 [INFO] IntegrityCheckThread:86 - entering critical section [integrity check]
2024-01-11 15:12:05,569 [INFO] ThirdPartyUpdaterWithRetryManager:70 - Updater plugin not ready yet. [1/15]
2024-01-11 15:12:05,601 [INFO] PluginManage:359 - Loaded plugin tools (category:base,tabindex:7)
2024-01-11 15:12:05,601 [INFO] PluginManage:310 - Check plugin tutovideos
2024-01-11 15:12:05,830 [INFO] PluginManage:359 - Loaded plugin tutovideos (category:base,tabindex:-1)
2024-01-11 15:12:05,831 [INFO] PluginManage:310 - Check plugin updater
2024-01-11 15:12:05,846 [INFO] PluginManage:359 - Loaded plugin updater (category:base,tabindex:12)
2024-01-11 15:12:05,846 [INFO] PluginManage:310 - Check plugin userauth
2024-01-11 15:12:05,852 [INFO] UserAuth:113 - Init User Auth plugin
2024-01-11 15:12:05,853 [INFO] PluginManage:359 - Loaded plugin userauth (category:base,tabindex:14)
2024-01-11 15:12:05,854 [INFO] PluginManage:283 - PluginManage : Loaded plugins [17]
2024-01-11 15:12:06,173 [INFO] PinOutPanel:1499 - setPackage(No Configuration,No Configuration)
2024-01-11 15:12:06,290 [INFO] CADModel:165 - CPN selected for project level
2024-01-11 15:12:06,290 [INFO] CADModel:114 - Register for checkConnection events
2024-01-11 15:12:06,319 [INFO] IPUIPlugin:80 - create IPUIPlugin
2024-01-11 15:12:06,319 [INFO] PluginManager:220 - loadIPPluginJar : add adc
2024-01-11 15:12:06,350 [INFO] IPUIPlugin:80 - create IPUIPlugin
2024-01-11 15:12:06,350 [INFO] PluginManager:220 - loadIPPluginJar : add aes
2024-01-11 15:12:06,388 [INFO] IPUIPlugin:80 - create IPUIPlugin
2024-01-11 15:12:06,388 [INFO] PluginManager:220 - loadIPPluginJar : add can
2024-01-11 15:12:06,414 [INFO] IPUIPlugin:80 - create IPUIPlugin
2024-01-11 15:12:06,414 [INFO] PluginManager:220 - loadIPPluginJar : add comp
2024-01-11 15:12:06,447 [INFO] IPUIPlugin:80 - create IPUIPlugin
2024-01-11 15:12:06,447 [INFO] PluginManager:220 - loadIPPluginJar : add cryp
2024-01-11 15:12:06,477 [INFO] IPUIPlugin:80 - create IPUIPlugin
2024-01-11 15:12:06,477 [INFO] PluginManager:220 - loadIPPluginJar : add dfsdm
2024-01-11 15:12:06,490 [INFO] IPUIPlugin:80 - create IPUIPlugin
2024-01-11 15:12:06,491 [INFO] PluginManager:220 - loadIPPluginJar : add dma
2024-01-11 15:12:06,532 [INFO] IPUIPlugin:80 - create IPUIPlugin
2024-01-11 15:12:06,532 [INFO] PluginManager:220 - loadIPPluginJar : add dma3
2024-01-11 15:12:06,550 [INFO] IPUIPlugin:80 - create IPUIPlugin
2024-01-11 15:12:06,551 [INFO] PluginManager:220 - loadIPPluginJar : add fatfs
2024-01-11 15:12:06,603 [INFO] IPUIPlugin:80 - create IPUIPlugin
2024-01-11 15:12:06,603 [INFO] PluginManager:220 - loadIPPluginJar : add fmc
2024-01-11 15:12:06,620 [INFO] IPUIPlugin:80 - create IPUIPlugin
2024-01-11 15:12:06,621 [INFO] PluginManager:220 - loadIPPluginJar : add freertos
2024-01-11 15:12:06,662 [INFO] IPUIPlugin:80 - create IPUIPlugin
2024-01-11 15:12:06,662 [INFO] PluginManager:220 - loadIPPluginJar : add genericplugin
2024-01-11 15:12:06,773 [INFO] IPUIPlugin:80 - create IPUIPlugin
2024-01-11 15:12:06,773 [INFO] PluginManager:220 - loadIPPluginJar : add gfxmmu
2024-01-11 15:12:06,908 [INFO] IPUIPlugin:80 - create IPUIPlugin
2024-01-11 15:12:06,908 [INFO] PluginManager:220 - loadIPPluginJar : add gic
2024-01-11 15:12:06,920 [INFO] IPUIPlugin:80 - create IPUIPlugin
2024-01-11 15:12:06,921 [INFO] PluginManager:220 - loadIPPluginJar : add gpio
2024-01-11 15:12:07,017 [INFO] IPUIPlugin:80 - create IPUIPlugin
2024-01-11 15:12:07,017 [INFO] PluginManager:220 - loadIPPluginJar : add gtzc
2024-01-11 15:12:07,054 [INFO] IPUIPlugin:80 - create IPUIPlugin
2024-01-11 15:12:07,054 [INFO] PluginManager:220 - loadIPPluginJar : add hash
2024-01-11 15:12:07,107 [INFO] IPUIPlugin:80 - create IPUIPlugin
2024-01-11 15:12:07,107 [INFO] PluginManager:220 - loadIPPluginJar : add i2c
2024-01-11 15:12:07,145 [INFO] IPUIPlugin:80 - create IPUIPlugin
2024-01-11 15:12:07,145 [INFO] PluginManager:220 - loadIPPluginJar : add i2s
2024-01-11 15:12:07,186 [INFO] IPUIPlugin:80 - create IPUIPlugin
2024-01-11 15:12:07,186 [INFO] PluginManager:220 - loadIPPluginJar : add i3c
2024-01-11 15:12:07,286 [INFO] IPUIPlugin:80 - create IPUIPlugin
2024-01-11 15:12:07,287 [INFO] PluginManager:220 - loadIPPluginJar : add ipddr
2024-01-11 15:12:07,368 [INFO] IPUIPlugin:80 - create IPUIPlugin
2024-01-11 15:12:07,368 [INFO] PluginManager:220 - loadIPPluginJar : add linkedlist
2024-01-11 15:12:07,400 [INFO] IPUIPlugin:80 - create IPUIPlugin
2024-01-11 15:12:07,400 [INFO] PluginManager:220 - loadIPPluginJar : add lorawan
2024-01-11 15:12:07,435 [INFO] IPUIPlugin:80 - create IPUIPlugin
2024-01-11 15:12:07,435 [INFO] PluginManager:220 - loadIPPluginJar : add ltdc
2024-01-11 15:12:07,448 [INFO] IPUIPlugin:80 - create IPUIPlugin
2024-01-11 15:12:07,448 [INFO] PluginManager:220 - loadIPPluginJar : add mdma
2024-01-11 15:12:07,459 [INFO] IPUIPlugin:80 - create IPUIPlugin
2024-01-11 15:12:07,459 [INFO] PluginManager:220 - loadIPPluginJar : add nvic
2024-01-11 15:12:07,492 [INFO] IPUIPlugin:80 - create IPUIPlugin
2024-01-11 15:12:07,493 [INFO] PluginManager:220 - loadIPPluginJar : add opamp
2024-01-11 15:12:07,545 [INFO] IPUIPlugin:80 - create IPUIPlugin
2024-01-11 15:12:07,545 [INFO] PluginManager:220 - loadIPPluginJar : add openamp
2024-01-11 15:12:07,584 [INFO] IPUIPlugin:80 - create IPUIPlugin
2024-01-11 15:12:07,584 [INFO] PluginManager:220 - loadIPPluginJar : add pdm2pcm
2024-01-11 15:12:07,598 [INFO] IPUIPlugin:80 - create IPUIPlugin
2024-01-11 15:12:07,600 [INFO] PluginManager:220 - loadIPPluginJar : add plateformsettings
2024-01-11 15:12:07,620 [INFO] IPUIPlugin:80 - create IPUIPlugin
2024-01-11 15:12:07,620 [INFO] PluginManager:220 - loadIPPluginJar : add quadspi
2024-01-11 15:12:07,632 [INFO] IPUIPlugin:80 - create IPUIPlugin
2024-01-11 15:12:07,632 [INFO] PluginManager:220 - loadIPPluginJar : add resmgrutility
2024-01-11 15:12:07,680 [INFO] IPUIPlugin:80 - create IPUIPlugin
2024-01-11 15:12:07,680 [INFO] PluginManager:220 - loadIPPluginJar : add sai
2024-01-11 15:12:07,719 [INFO] IPUIPlugin:80 - create IPUIPlugin
2024-01-11 15:12:07,720 [INFO] PluginManager:220 - loadIPPluginJar : add spi
2024-01-11 15:12:07,778 [INFO] IPUIPlugin:80 - create IPUIPlugin
2024-01-11 15:12:07,778 [INFO] PluginManager:220 - loadIPPluginJar : add stm32_wpan
2024-01-11 15:12:07,799 [INFO] IPUIPlugin:80 - create IPUIPlugin
2024-01-11 15:12:07,799 [INFO] PluginManager:220 - loadIPPluginJar : add tim
2024-01-11 15:12:07,851 [INFO] IPUIPlugin:80 - create IPUIPlugin
2024-01-11 15:12:07,851 [INFO] PluginManager:220 - loadIPPluginJar : add touchsensing
2024-01-11 15:12:07,873 [INFO] IPUIPlugin:80 - create IPUIPlugin
2024-01-11 15:12:07,873 [INFO] PluginManager:220 - loadIPPluginJar : add tracer_emb
2024-01-11 15:12:07,894 [INFO] IPUIPlugin:80 - create IPUIPlugin
2024-01-11 15:12:07,894 [INFO] PluginManager:220 - loadIPPluginJar : add ts
2024-01-11 15:12:07,914 [INFO] IPUIPlugin:80 - create IPUIPlugin
2024-01-11 15:12:07,914 [INFO] PluginManager:220 - loadIPPluginJar : add tsc
2024-01-11 15:12:07,933 [INFO] IPUIPlugin:80 - create IPUIPlugin
2024-01-11 15:12:07,934 [INFO] PluginManager:220 - loadIPPluginJar : add ucpd
2024-01-11 15:12:07,973 [INFO] IPUIPlugin:80 - create IPUIPlugin
2024-01-11 15:12:07,973 [INFO] PluginManager:220 - loadIPPluginJar : add usart
2024-01-11 15:12:08,013 [INFO] IPUIPlugin:80 - create IPUIPlugin
2024-01-11 15:12:08,013 [INFO] PluginManager:220 - loadIPPluginJar : add usbx
2024-01-11 15:12:08,156 [INFO] CADModel:165 - CPN selected for project level
2024-01-11 15:12:08,157 [INFO] CADModel:114 - Register for checkConnection events
2024-01-11 15:12:08,157 [FATAL] Updater:308 - Updater called before beeing initialized
2024-01-11 15:12:08,157 [ERROR] CADModel:125 - Updater not yet initialized, retry later 
2024-01-11 15:12:08,415 [INFO] CADModel:165 - CPN selected for project level
2024-01-11 15:12:08,415 [INFO] CADModel:114 - Register for checkConnection events
2024-01-11 15:12:08,415 [FATAL] Updater:308 - Updater called before beeing initialized
2024-01-11 15:12:08,415 [ERROR] CADModel:125 - Updater not yet initialized, retry later 
2024-01-11 15:12:08,419 [FATAL] Updater:308 - Updater called before beeing initialized
2024-01-11 15:12:08,546 [FATAL] Updater:308 - Updater called before beeing initialized
2024-01-11 15:12:08,557 [INFO] DbMcusAds:53 - JSON generation date=Thu Sep 30 12:25:09 IST 2021 (1632984909247)
2024-01-11 15:12:08,557 [FATAL] Updater:308 - Updater called before beeing initialized
2024-01-11 15:12:08,569 [INFO] ThirdPartyUpdaterWithRetryManager:70 - Updater plugin not ready yet. [2/15]
2024-01-11 15:12:08,644 [WARN] DetailPanel:346 - Failed to get advertising image, set to default
2024-01-11 15:12:08,750 [FATAL] Updater:308 - Updater called before beeing initialized
2024-01-11 15:12:08,751 [FATAL] Updater:308 - Updater called before beeing initialized
2024-01-11 15:12:08,752 [FATAL] Updater:308 - Updater called before beeing initialized
2024-01-11 15:12:08,753 [WARN] DetailPanel:346 - Failed to get advertising image, set to default
2024-01-11 15:12:08,753 [FATAL] Updater:308 - Updater called before beeing initialized
2024-01-11 15:12:08,842 [ERROR] Updater:1120 - MainUpdater not yet initialized. External WinMGr cannot be set.
2024-01-11 15:12:08,855 [INFO] Updater:1056 - Updater Version found : 6.9.2
2024-01-11 15:12:08,874 [INFO] ApplicationProperties:184 - Using Application install path: C:\ST\STM32CubeIDE_1.13.2\STM32CubeIDE\plugins\com.st.stm32cube.common.mx_6.9.2.202309101412
2024-01-11 15:12:09,004 [INFO] MainUpdater:2868 - connection check result : 10
2024-01-11 15:12:09,005 [INFO] MainUpdater:285 - Updater Check For Update Now.
2024-01-11 15:12:09,006 [INFO] MicroXplorer:498 - Change Database Version : DB.6.0.92
2024-01-11 15:12:09,027 [INFO] McuFinderGlobals:63 - Set McuFinder mode to 2 (CubeIDE integrated)
2024-01-11 15:12:09,028 [INFO] UserAuth:179 - activating auth plugin
2024-01-11 15:12:09,031 [INFO] UserAuth:393 - Internet connection configuration mode: 1
2024-01-11 15:12:09,069 [INFO] JxBrowserEngine:151 - Initiate JxBrowser Engine with user profile folder
2024-01-11 15:12:09,225 [INFO] CheckServerUpdateThread:120 - End of CheckServer Thread
2024-01-11 15:12:11,903 [WARN] PackLoader:240 - Cannot read IP mode file for STMicroelectronics.X-CUBE-SMBUS.2.1.0
2024-01-11 15:12:11,920 [WARN] PackLoader:240 - Cannot read IP mode file for STMicroelectronics.X-CUBE-TOUCHGFX.4.23.0
2024-01-11 15:12:12,008 [WARN] PackLoader:240 - Cannot read IP mode file for STMicroelectronics.X-CUBE-AZRTOS-F7.1.1.0
2024-01-11 15:12:12,044 [WARN] PackLoader:240 - Cannot read IP mode file for STMicroelectronics.FP-SNS-MOTENV1.4.3.2
2024-01-11 15:12:12,064 [WARN] PackLoader:240 - Cannot read IP mode file for STMicroelectronics.FP-SNS-FLIGHT1.5.0.2
2024-01-11 15:12:12,094 [WARN] PackLoader:240 - Cannot read IP mode file for STMicroelectronics.X-CUBE-DISPLAY.3.0.0
2024-01-11 15:12:12,141 [WARN] PackLoader:240 - Cannot read IP mode file for STMicroelectronics.X-CUBE-BLE1.7.0.0
2024-01-11 15:12:12,234 [WARN] PackLoader:240 - Cannot read IP mode file for emotas.I-CUBE-CANOPEN.1.3.0
2024-01-11 15:12:12,259 [WARN] PackLoader:240 - Cannot read IP mode file for STMicroelectronics.FP-SNS-SMARTAG2.1.2.0
2024-01-11 15:12:12,307 [INFO] LogOutputStream:77 - [STDOUT_REDIRECT] 1 : Invalid condition id : UX_CORESTACK_Condition cause : null
2024-01-11 15:12:12,309 [INFO] LogOutputStream:77 - [STDOUT_REDIRECT] 1 : Invalid condition id : UX_CORESTACK_Condition cause : null
2024-01-11 15:12:12,311 [INFO] LogOutputStream:77 - [STDOUT_REDIRECT] 1 : Invalid condition id : UX_CORESTACK_Condition cause : null
2024-01-11 15:12:12,314 [INFO] LogOutputStream:77 - [STDOUT_REDIRECT] 1 : Invalid condition id : UX_CORESTACK_Condition cause : null
2024-01-11 15:12:12,316 [INFO] LogOutputStream:77 - [STDOUT_REDIRECT] 1 : Invalid condition id : UX_CORESTACK_Condition cause : null
2024-01-11 15:12:12,328 [WARN] PackLoader:240 - Cannot read IP mode file for STMicroelectronics.X-CUBE-AZRTOS-WL.2.0.0
2024-01-11 15:12:12,359 [WARN] PackLoader:240 - Cannot read IP mode file for WES.I-CUBE-Cesium.1.3.0
2024-01-11 15:12:12,380 [WARN] PackLoader:240 - Cannot read IP mode file for STMicroelectronics.X-CUBE-BLE2.3.3.0
2024-01-11 15:12:12,406 [WARN] PackLoader:240 - Cannot read IP mode file for STMicroelectronics.X-CUBE-ALGOBUILD.1.3.0
2024-01-11 15:12:12,451 [WARN] PackLoader:240 - Cannot read IP mode file for STMicroelectronics.X-CUBE-AZRTOS-G0.1.1.0
2024-01-11 15:12:12,472 [WARN] PackLoader:240 - Cannot read IP mode file for STMicroelectronics.X-CUBE-NFC4.3.0.0
2024-01-11 15:12:12,496 [INFO] WebApp:157 - Instantiating new browser for Auth
2024-01-11 15:12:12,497 [WARN] PackLoader:240 - Cannot read IP mode file for STMicroelectronics.X-CUBE-BLEMGR.3.0.0
2024-01-11 15:12:12,515 [WARN] PackLoader:240 - Cannot read IP mode file for STMicroelectronics.FP-ATR-SIGFOX1.3.2.0
2024-01-11 15:12:12,539 [WARN] PackLoader:240 - Cannot read IP mode file for STMicroelectronics.X-CUBE-GNSS1.6.0.0
2024-01-11 15:12:12,590 [WARN] PackLoader:240 - Cannot read IP mode file for STMicroelectronics.X-CUBE-AZRTOS-F4.1.1.0
2024-01-11 15:12:12,619 [WARN] PackLoader:240 - Cannot read IP mode file for wolfSSL.I-CUBE-wolfSSL.5.6.4
2024-01-11 15:12:12,665 [WARN] PackLoader:240 - Cannot read IP mode file for STMicroelectronics.X-CUBE-AZRTOS-L5.2.0.0
2024-01-11 15:12:12,686 [WARN] PackLoader:240 - Cannot read IP mode file for STMicroelectronics.X-CUBE-EEPRMA1.4.2.0
2024-01-11 15:12:12,706 [WARN] PackLoader:240 - Cannot read IP mode file for ITTIA_DB.I-CUBE-ITTIADB.8.8.0
2024-01-11 15:12:12,727 [WARN] PackLoader:240 - Cannot read IP mode file for STMicroelectronics.X-CUBE-NFC7.1.0.1
2024-01-11 15:12:12,750 [WARN] PackLoader:240 - Cannot read IP mode file for STMicroelectronics.X-CUBE-NFC6.3.0.0
2024-01-11 15:12:12,772 [WARN] PackLoader:240 - Cannot read IP mode file for STMicroelectronics.X-CUBE-AI.8.1.0
2024-01-11 15:12:12,822 [WARN] ConditionMgr:438 - getConditionDescription Invalid condition id : LAN8742 Phy interface Condition cause : null
2024-01-11 15:12:12,823 [WARN] PackLoader:240 - Cannot read IP mode file for STMicroelectronics.X-CUBE-AZRTOS-L4.2.0.0
2024-01-11 15:12:12,825 [WARN] ConditionMgr:1039 - genDependencies : Invalid condition id : LAN8742 Phy interface Condition cause : null
2024-01-11 15:12:12,826 [WARN] ConditionMgr:1039 - genDependencies : Invalid condition id : LAN8742 Phy interface Condition cause : null
2024-01-11 15:12:12,827 [WARN] ConditionMgr:1039 - genDependencies : Invalid condition id : LAN8742 Phy interface Condition cause : null
2024-01-11 15:12:12,852 [WARN] PackLoader:240 - Cannot read IP mode file for STMicroelectronics.X-CUBE-SFXS2LP1.4.0.0
2024-01-11 15:12:12,900 [WARN] ConditionMgr:438 - getConditionDescription Invalid condition id : UX DEVICE CLASS RTOS Condition cause : null
2024-01-11 15:12:12,900 [WARN] ConditionMgr:438 - getConditionDescription Invalid condition id : UX DEVICE CLASS RTOS Condition cause : null
2024-01-11 15:12:12,903 [WARN] PackLoader:240 - Cannot read IP mode file for STMicroelectronics.X-CUBE-AZRTOS-WB.2.0.0
2024-01-11 15:12:12,905 [WARN] ConditionMgr:1039 - genDependencies : Invalid condition id : UX DEVICE CLASS RTOS Condition cause : null
2024-01-11 15:12:12,905 [WARN] ConditionMgr:1039 - genDependencies : Invalid condition id : UX DEVICE CLASS RTOS Condition cause : null
2024-01-11 15:12:12,906 [WARN] ConditionMgr:1039 - genDependencies : Invalid condition id : UX DEVICE CLASS RTOS Condition cause : null
2024-01-11 15:12:12,906 [WARN] ConditionMgr:1039 - genDependencies : Invalid condition id : UX DEVICE CLASS RTOS Condition cause : null
2024-01-11 15:12:12,906 [WARN] ConditionMgr:1039 - genDependencies : Invalid condition id : UX DEVICE CLASS RTOS Condition cause : null
2024-01-11 15:12:12,942 [WARN] PackLoader:240 - Cannot read IP mode file for STMicroelectronics.X-CUBE-SUBG2.5.0.0
2024-01-11 15:12:12,985 [WARN] PackLoader:240 - Cannot read IP mode file for STMicroelectronics.X-CUBE-AZRTOS-G4.2.0.0
2024-01-11 15:12:13,011 [WARN] PackLoader:240 - Cannot read IP mode file for Infineon.AIROC-Wi-Fi-Bluetooth-STM32.1.5.1
2024-01-11 15:12:13,026 [WARN] PackLoader:240 - Cannot read IP mode file for STMicroelectronics.FP-SNS-MOTENVWB1.1.3.1
2024-01-11 15:12:13,040 [WARN] PackLoader:240 - Cannot read IP mode file for STMicroelectronics.X-CUBE-ISPU.2.0.0
2024-01-11 15:12:13,089 [WARN] PackLoader:240 - Cannot read IP mode file for STMicroelectronics.X-CUBE-MEMS1.10.0.0
2024-01-11 15:12:13,320 [WARN] PackLoader:240 - Cannot read IP mode file for STMicroelectronics.X-CUBE-FREERTOS.1.1.0
2024-01-11 15:12:13,341 [WARN] PackLoader:240 - Cannot read IP mode file for portGmbH.I-Cube-SoM-uGOAL.1.1.0
2024-01-11 15:12:13,360 [WARN] PackLoader:240 - Cannot read IP mode file for STMicroelectronics.X-CUBE-ALS.1.0.1
2024-01-11 15:12:13,379 [WARN] PackLoader:240 - Cannot read IP mode file for STMicroelectronics.FP-ATR-ASTRA1.2.0.0
2024-01-11 15:12:13,409 [WARN] PackLoader:240 - Cannot read IP mode file for STMicroelectronics.X-CUBE-TOF1.3.4.0
2024-01-11 15:12:13,458 [WARN] PackLoader:240 - Cannot read IP mode file for STMicroelectronics.X-CUBE-AZRTOS-H7.3.2.0
2024-01-11 15:12:13,461 [INFO] ThirdParty:978 - Integrity check success = true
2024-01-11 15:12:13,461 [INFO] IntegrityCheckThread:100 - exiting critical section [integrity check]
2024-01-11 15:12:13,461 [INFO] IntegrityCheckThread:103 - End integrity checks thread
2024-01-11 15:12:13,540 [INFO] WebApp:753 - Register for checkConnection events
2024-01-11 15:12:13,540 [INFO] WebApp:390 - Apply proxy settings
2024-01-11 15:12:13,541 [INFO] WebApp:475 - Chromium requires no authentication
2024-01-11 15:12:13,552 [INFO] WebApp:418 - Direct internet connection detected
2024-01-11 15:12:13,788 [INFO] WebApp:188 - Starting web application
2024-01-11 15:12:13,788 [INFO] WebApp:520 - Web application path used C:\ST\STM32CubeIDE_1.13.2\STM32CubeIDE\plugins\com.st.stm32cube.common.mx_6.9.2.202309101412\db\plugins\mcufinder\reactClient1\index.html
2024-01-11 15:12:14,819 [INFO] McuFinderGlobals:63 - Set McuFinder mode to 2 (CubeIDE integrated)
2024-01-11 15:12:14,853 [INFO] MainUpdater:2868 - connection check result : 10
2024-01-11 15:12:14,886 [INFO] McuFinderGlobals:76 - Set McuFinderConnectedMode to true
2024-01-11 15:12:15,024 [INFO] ServerAccessManage:473 - Download File mcusAds.json._tmp_
2024-01-11 15:12:15,152 [INFO] LoadUrlFilesThread:156 - End of LoadUrlFiles Thread
2024-01-11 15:12:15,296 [INFO] ServerAccessManage:473 - Download File cube-finder-db.zip
2024-01-11 15:12:17,992 [INFO] FileExtend:240 - Unzip File : cube-finder-db.zip
2024-01-11 15:12:17,993 [INFO] FileExtend:255 - Standard Zip Deflate
2024-01-11 15:12:18,863 [INFO] LoadUrlFilesThread:156 - End of LoadUrlFiles Thread
2024-01-11 15:12:19,710 [INFO] ServerAccessManage:473 - Download File crdb.zip
2024-01-11 15:12:20,836 [INFO] FileExtend:240 - Unzip File : crdb.zip
2024-01-11 15:12:20,837 [INFO] FileExtend:255 - Standard Zip Deflate
2024-01-11 15:12:21,010 [INFO] LoadUrlFilesThread:156 - End of LoadUrlFiles Thread
2024-01-11 15:12:21,135 [INFO] ServerAccessManage:473 - Download File tutoVideoDB.zip
2024-01-11 15:12:21,149 [INFO] FileExtend:240 - Unzip File : tutoVideoDB.zip
2024-01-11 15:12:21,149 [INFO] FileExtend:255 - Standard Zip Deflate
2024-01-11 15:12:21,272 [INFO] LoadUrlFilesThread:156 - End of LoadUrlFiles Thread
2024-01-11 15:12:21,274 [WARN] DbFile:41 - Overriding database path with different value: C:\Users\jammu\.stmcufinder\plugins\mcufinder/ => C:\Users\jammu\.stmcufinder\plugins\mcufinder
2024-01-11 15:12:21,425 [INFO] ServerAccessManage:473 - Download File api_config.json
2024-01-11 15:12:21,538 [INFO] LoadUrlFilesThread:156 - End of LoadUrlFiles Thread
2024-01-11 15:12:21,539 [INFO] DbMcusAds:53 - JSON generation date=Wed Nov 29 16:22:27 IST 2023 (1701255147349)
2024-01-11 15:12:21,595 [INFO] ServerAccessManage:473 - Download File 
2024-01-11 15:12:21,603 [INFO] LoadUrlFilesThread:185 - End of LoadServerUrlFiles without Thread
2024-01-11 15:12:21,603 [INFO] TargetSelectorAdapter:259 - Refresh data is successful
2024-01-11 15:12:21,781 [INFO] ApiDb:581 - Connected to CubeFinder SQLite database (C:\Users\jammu\.stmcufinder\plugins\mcufinder\mcu\cube-finder-db.db)
2024-01-11 15:12:21,844 [INFO] ApiDb:668 - CubeFinder database Data Model version=2.1
2024-01-11 15:12:21,845 [INFO] ApiDb:669 - CubeFinder database Configuration version=3.0.39
2024-01-11 15:12:21,845 [INFO] ApiDb:670 - CubeFinder database generation date=2023-12-08 (1702028721)
2024-01-11 15:12:21,845 [INFO] ApiDb:671 - CubeFinder database FW Pack versions=[FP-ATR-ASTRA1_V2.0.0, FP-SNS-FLIGHT1_V5.0.1, FP-SNS-FLIGHT1_V5.0.2, FP-SNS-MOTENV1_V4.3.1, FP-SNS-MOTENV1_V4.3.2, FP-SNS-MOTENVWB1_V1.3.1, FP-SNS-SMARTAG2_V1.2.0, STM32Cube_FW_C0_V1.1.0, STM32Cube_FW_F4_V1.28.0, STM32Cube_FW_F7_V1.17.0, STM32Cube_FW_G0_V1.6.1, STM32Cube_FW_G4_V1.5.1, STM32Cube_FW_H5_V0.5.1, STM32Cube_FW_H5_V1.1.1, STM32Cube_FW_H5_V1.2.0RC2, STM32Cube_FW_H7_V1.11.0, STM32Cube_FW_L0_V1.12.2, STM32Cube_FW_L5_V1.5.0, STM32Cube_FW_U5_V1.3.0RC4, STM32Cube_FW_U5_V1.4.0, STM32Cube_FW_WBA_V1.0.0RC1, STM32Cube_FW_WBA_V1.1.0RC1, STM32Cube_FW_WBA_V1.2.0, STM32Cube_FW_WBA_V1.2.0RC2, STM32Cube_FW_WB_V1.15.0RC1, STM32Cube_FW_WB_V1.16.0, STM32Cube_FW_WB_V1.16.0RC2, STM32Cube_FW_WB_V1.18.0, STM32Cube_FW_WL_V1.3.0, X-CUBE-ALGOBUILD_V1.3.0, X-CUBE-ALS_V1.0.1, X-CUBE-AZRTOS-F4_V1.1.0, X-CUBE-AZRTOS-F7_V1.1.0, X-CUBE-AZRTOS-G0_V1.1.0, X-CUBE-AZRTOS-G4_V2.0.0, X-CUBE-AZRTOS-H7_V3.1.0, X-CUBE-AZRTOS-L4_V1.0.0, X-CUBE-AZRTOS-L4_V2.0.0, X-CUBE-AZRTOS-L5_V1.1.0, X-CUBE-AZRTOS-WB_V2.0.0, X-CUBE-AZRTOS-WL_V2.0.0, X-CUBE-BLE1_V7.0.0, X-CUBE-BLE2_V3.3.0, X-CUBE-BLEMGR_V3.0.0, X-CUBE-EEPRMA1_V4.1.0, X-CUBE-EEPRMA1_V4.2.0, X-CUBE-FREERTOS_V1.1.0, X-CUBE-GNSS1_V6.0.0, X-CUBE-MEMS1_V10.0.0, X-CUBE-MEMS1_V9.1.0, X-CUBE-MEMS1_V9.4.0, X-CUBE-MEMS1_V9.6.0, X-CUBE-NFC4_V3.0.0, X-CUBE-NFC7_V1.0.1, X-CUBE-SFXS2LP1_V4.0.0, X-CUBE-SUBG2_V5.0.0, X-CUBE-TOF1_V3.4.0]
2024-01-11 15:12:23,851 [INFO] ApiDb:240 - Found 323 in-development CPN: [B-G473E-ZEST1S, B-WB1M-WPAN1, B-WL5M-SUBG1, NUCLEO-C031C6, NUCLEO-H503RB, NUCLEO-H563ZI, NUCLEO-U545RE-Q, NUCLEO-U5A5ZJ-Q, NUCLEO-WBA52CG, STEVAL-PROTEUS1, STEVAL-SMARTAG2, STEVAL-STWINBX1, STM320518-EVAL, STM32C0116-DK, STM32C011D6Y3TR, STM32C011D6Y6TR, STM32C011F4P3, STM32C011F4P6, STM32C011F4U3, STM32C011F4U6TR, STM32C011F6P3, STM32C011F6P6, STM32C011F6U3, STM32C011F6U6TR, STM32C011J4M3, STM32C011J4M6, STM32C011J6M3, STM32C011J6M6, STM32C0316-DK, STM32C031C4T3, STM32C031C4T6, STM32C031C4U3, STM32C031C4U6, STM32C031C6T3, STM32C031C6T6, STM32C031C6U3, STM32C031C6U6, STM32C031F4P3, STM32C031F4P6, STM32C031F6P3, STM32C031F6P6, STM32C031G4U3, STM32C031G4U6, STM32C031G6U3, STM32C031G6U6, STM32C031K4T3, STM32C031K4T6, STM32C031K4U3, STM32C031K4U6, STM32C031K6T3, STM32C031K6T6, STM32C031K6U3, STM32C031K6U6, STM32G071K8TXN, STM32G071K8UXN, STM32G081GBU6N, STM32G081KBT6N, STM32G081KBUXN, STM32G0B1CCT6N, STM32G0B1KCT6, STM32G0B1NEY6TR, STM32G0B1RCT6N, STM32G0C1CCT6, STM32G0C1CCT6N, STM32G0C1CCU6N, STM32G0C1CET6N, STM32G0C1CEU6N, STM32G0C1KCT6, STM32G0C1NEY6TR, STM32G0C1RCI6N, STM32G0C1RCT6N, STM32G0C1REI6N, STM32G0C1RET6N, STM32G0C1VCI6, STM32G0C1VEI6, STM32G471CCT6, STM32G471CCU6, STM32G471CET3, STM32G471CET6, STM32G471CEU3, STM32G471CEU6, STM32G471MCT6, STM32G471MET3, STM32G471MET6, STM32G471MEY6TR, STM32G471QCT6, STM32G471QET3, STM32G471RCT6, STM32G471RET3, STM32G471RET6, STM32G471VCH6, STM32G471VCI6, STM32G471VCT6, STM32G471VEH3, STM32G471VEH6, STM32G471VEI3, STM32G471VEI6, STM32G471VET3, STM32G471VET6, STM32G474CCT6, STM32H503CBT6, STM32H503CBU6, STM32H503EBY6TR, STM32H503KBU6, STM32H503RBT6, STM32H562AGI6, STM32H562AII6, STM32H562IGK6, STM32H562IGT6, STM32H562IIK6, STM32H562IIT6, STM32H562RGT6, STM32H562RGV6, STM32H562RIT6, STM32H562RIV6, STM32H562VGT6, STM32H562VIT6, STM32H562ZGT6, STM32H562ZIT6, STM32H563AGI6, STM32H563AII3Q, STM32H563AII6, STM32H563IGK6, STM32H563IGT6, STM32H563IIK3Q, STM32H563IIK6, STM32H563IIT3Q, STM32H563IIT6, STM32H563MIY3QTR, STM32H563RGT6, STM32H563RGV6, STM32H563RIT6, STM32H563RIV6, STM32H563VGT6, STM32H563VIT3Q, STM32H563VIT6, STM32H563ZGT6, STM32H563ZIT3Q, STM32H563ZIT6, STM32H573AII3Q, STM32H573AII6, STM32H573I-DK, STM32H573IIK3Q, STM32H573IIK6, STM32H573IIT3Q, STM32H573IIT6, STM32H573MIY3QTR, STM32H573RIT6, STM32H573RIV6, STM32H573VIT3Q, STM32H573VIT6, STM32H573ZIT3Q, STM32H573ZIT6, STM32L4R5QGI6STR, STM32MP131AAE3, STM32MP131AAF3, STM32MP131AAG3, STM32MP131CAE3, STM32MP131CAF3, STM32MP131CAG3, STM32MP131DAE7, STM32MP131DAF7, STM32MP131DAG7, STM32MP131FAE7, STM32MP131FAF7, STM32MP131FAG7, STM32MP133AAE3, STM32MP133AAF3, STM32MP133AAG3, STM32MP133CAE3, STM32MP133CAF3, STM32MP133CAG3, STM32MP133DAE7, STM32MP133DAF7, STM32MP133DAG7, STM32MP133FAE7, STM32MP133FAF7, STM32MP133FAG7, STM32MP135AAE3, STM32MP135AAF3, STM32MP135AAG3, STM32MP135CAE3, STM32MP135CAF3, STM32MP135CAG3, STM32MP135DAE7, STM32MP135DAF7, STM32MP135DAG7, STM32MP135F-DK, STM32MP135FAE7, STM32MP135FAF7, STM32MP135FAF7T, STM32MP135FAF7U, STM32MP135FAG7, STM32U535CBT6, STM32U535CBT6Q, STM32U535CBU6, STM32U535CBU6Q, STM32U535CCT6, STM32U535CCT6Q, STM32U535CCU6, STM32U535CCU6Q, STM32U535CET6, STM32U535CET6Q, STM32U535CEU6, STM32U535CEU6Q, STM32U535JEY6QTR, STM32U535NCY6QTR, STM32U535NEY6QTR, STM32U535RBI6, STM32U535RBI6Q, STM32U535RBT6, STM32U535RBT6Q, STM32U535RCI6, STM32U535RCI6Q, STM32U535RCT6, STM32U535RCT6Q, STM32U535REI6, STM32U535REI6Q, STM32U535RET6, STM32U535RET6Q, STM32U535VCI6, STM32U535VCI6Q, STM32U535VCT6, STM32U535VCT6Q, STM32U535VEI6, STM32U535VEI6Q, STM32U535VET6, STM32U535VET6Q, STM32U545CET6, STM32U545CET6Q, STM32U545CEU6, STM32U545CEU6Q, STM32U545JEY6QTR, STM32U545NEY6QTR, STM32U545REI6, STM32U545REI6Q, STM32U545RET6, STM32U545RET6Q, STM32U545VEI6, STM32U545VEI6Q, STM32U545VET6, STM32U545VET6Q, STM32U595AIH6, STM32U595AIH6Q, STM32U595AJH6, STM32U595AJH6Q, STM32U595QII6, STM32U595QII6Q, STM32U595QJI6, STM32U595QJI6Q, STM32U595RIT6, STM32U595RIT6Q, STM32U595RJT6, STM32U595RJT6Q, STM32U595VIT6, STM32U595VIT6Q, STM32U595VJT6, STM32U595VJT6Q, STM32U595ZIT6, STM32U595ZIT6Q, STM32U595ZIY6QTR, STM32U595ZJT6, STM32U595ZJT6Q, STM32U595ZJY6QTR, STM32U599BJY6QTR, STM32U599NIH6Q, STM32U599NJH6Q, STM32U599VIT6Q, STM32U599VJT6, STM32U599VJT6Q, STM32U599ZIT6Q, STM32U599ZIY6QTR, STM32U599ZJT6Q, STM32U599ZJY6QTR, STM32U5A5AJH6, STM32U5A5AJH6Q, STM32U5A5QJI6, STM32U5A5QJI6Q, STM32U5A5RJT6, STM32U5A5RJT6Q, STM32U5A5VJT6, STM32U5A5VJT6Q, STM32U5A5ZJT6, STM32U5A5ZJT6Q, STM32U5A5ZJY6QTR, STM32U5A9BJY6QTR, STM32U5A9J-DK, STM32U5A9NJH6Q, STM32U5A9VJT6Q, STM32U5A9ZJT6Q, STM32U5A9ZJY6QTR, STM32U5F7VIT6, STM32U5F7VIT6Q, STM32U5F7VJT6, STM32U5F7VJT6Q, STM32U5F9BJY6QTR, STM32U5F9NJH6Q, STM32U5F9VIT6Q, STM32U5F9VJT6Q, STM32U5F9ZIJ6QTR, STM32U5F9ZIT6Q, STM32U5F9ZJJ6QTR, STM32U5F9ZJT6Q, STM32U5G7VJT6, STM32U5G7VJT6Q, STM32U5G9BJY6QTR, STM32U5G9J-DK1, STM32U5G9J-DK2, STM32U5G9NJH6Q, STM32U5G9VJT6Q, STM32U5G9ZJJ6QTR, STM32U5G9ZJT6Q, STM32WB1MMCH6, STM32WBA52CEU6, STM32WBA52CEU6T, STM32WBA52CGU6, STM32WBA52CGU6T, STM32WBA52KEU6, STM32WBA52KEU6T, STM32WBA52KGU6, STM32WBA52KGU6T, STM32WL5MOCH6, STM32WL5MOCH6TR]
2024-01-11 15:12:23,857 [INFO] DbMcus:217 - Found 3882 MCUs, 3882 are supported
2024-01-11 15:12:23,857 [INFO] ApiDb:414 - User favorites file not found: C:\Users\jammu/.stm32cubeide/favorites.mcus.txt
2024-01-11 15:12:23,858 [INFO] DbMcus:223 - Set 0 / 0 favorites MCUs
2024-01-11 15:12:24,124 [INFO] ApiDb:668 - CubeFinder database Data Model version=2.1
2024-01-11 15:12:24,124 [INFO] ApiDb:669 - CubeFinder database Configuration version=3.0.39
2024-01-11 15:12:24,125 [INFO] ApiDb:670 - CubeFinder database generation date=2023-12-08 (1702028721)
2024-01-11 15:12:24,125 [INFO] ApiDb:671 - CubeFinder database FW Pack versions=[FP-ATR-ASTRA1_V2.0.0, FP-SNS-FLIGHT1_V5.0.1, FP-SNS-FLIGHT1_V5.0.2, FP-SNS-MOTENV1_V4.3.1, FP-SNS-MOTENV1_V4.3.2, FP-SNS-MOTENVWB1_V1.3.1, FP-SNS-SMARTAG2_V1.2.0, STM32Cube_FW_C0_V1.1.0, STM32Cube_FW_F4_V1.28.0, STM32Cube_FW_F7_V1.17.0, STM32Cube_FW_G0_V1.6.1, STM32Cube_FW_G4_V1.5.1, STM32Cube_FW_H5_V0.5.1, STM32Cube_FW_H5_V1.1.1, STM32Cube_FW_H5_V1.2.0RC2, STM32Cube_FW_H7_V1.11.0, STM32Cube_FW_L0_V1.12.2, STM32Cube_FW_L5_V1.5.0, STM32Cube_FW_U5_V1.3.0RC4, STM32Cube_FW_U5_V1.4.0, STM32Cube_FW_WBA_V1.0.0RC1, STM32Cube_FW_WBA_V1.1.0RC1, STM32Cube_FW_WBA_V1.2.0, STM32Cube_FW_WBA_V1.2.0RC2, STM32Cube_FW_WB_V1.15.0RC1, STM32Cube_FW_WB_V1.16.0, STM32Cube_FW_WB_V1.16.0RC2, STM32Cube_FW_WB_V1.18.0, STM32Cube_FW_WL_V1.3.0, X-CUBE-ALGOBUILD_V1.3.0, X-CUBE-ALS_V1.0.1, X-CUBE-AZRTOS-F4_V1.1.0, X-CUBE-AZRTOS-F7_V1.1.0, X-CUBE-AZRTOS-G0_V1.1.0, X-CUBE-AZRTOS-G4_V2.0.0, X-CUBE-AZRTOS-H7_V3.1.0, X-CUBE-AZRTOS-L4_V1.0.0, X-CUBE-AZRTOS-L4_V2.0.0, X-CUBE-AZRTOS-L5_V1.1.0, X-CUBE-AZRTOS-WB_V2.0.0, X-CUBE-AZRTOS-WL_V2.0.0, X-CUBE-BLE1_V7.0.0, X-CUBE-BLE2_V3.3.0, X-CUBE-BLEMGR_V3.0.0, X-CUBE-EEPRMA1_V4.1.0, X-CUBE-EEPRMA1_V4.2.0, X-CUBE-FREERTOS_V1.1.0, X-CUBE-GNSS1_V6.0.0, X-CUBE-MEMS1_V10.0.0, X-CUBE-MEMS1_V9.1.0, X-CUBE-MEMS1_V9.4.0, X-CUBE-MEMS1_V9.6.0, X-CUBE-NFC4_V3.0.0, X-CUBE-NFC7_V1.0.1, X-CUBE-SFXS2LP1_V4.0.0, X-CUBE-SUBG2_V5.0.0, X-CUBE-TOF1_V3.4.0]
2024-01-11 15:12:24,178 [INFO] DbBoardsSqlite:226 - include board P-NUCLEO-WB55-NUCLEO as a kit item of type 'Nucleo-64'
2024-01-11 15:12:24,178 [INFO] DbBoardsSqlite:226 - include board P-NUCLEO-WB55-USBDONGLE as a kit item of type 'Nucleo USB Dongle'
2024-01-11 15:12:24,178 [INFO] DbBoardsSqlite:226 - include board STEVAL-IDP005V1 as a kit item of type 'Evaluation Board'
2024-01-11 15:12:24,178 [INFO] DbBoardsSqlite:226 - include board STEVAL-IDP005V2 as a kit item of type 'Evaluation Board'
2024-01-11 15:12:24,234 [INFO] ApiDb:240 - Found 323 in-development CPN: [B-G473E-ZEST1S, B-WB1M-WPAN1, B-WL5M-SUBG1, NUCLEO-C031C6, NUCLEO-H503RB, NUCLEO-H563ZI, NUCLEO-U545RE-Q, NUCLEO-U5A5ZJ-Q, NUCLEO-WBA52CG, STEVAL-PROTEUS1, STEVAL-SMARTAG2, STEVAL-STWINBX1, STM320518-EVAL, STM32C0116-DK, STM32C011D6Y3TR, STM32C011D6Y6TR, STM32C011F4P3, STM32C011F4P6, STM32C011F4U3, STM32C011F4U6TR, STM32C011F6P3, STM32C011F6P6, STM32C011F6U3, STM32C011F6U6TR, STM32C011J4M3, STM32C011J4M6, STM32C011J6M3, STM32C011J6M6, STM32C0316-DK, STM32C031C4T3, STM32C031C4T6, STM32C031C4U3, STM32C031C4U6, STM32C031C6T3, STM32C031C6T6, STM32C031C6U3, STM32C031C6U6, STM32C031F4P3, STM32C031F4P6, STM32C031F6P3, STM32C031F6P6, STM32C031G4U3, STM32C031G4U6, STM32C031G6U3, STM32C031G6U6, STM32C031K4T3, STM32C031K4T6, STM32C031K4U3, STM32C031K4U6, STM32C031K6T3, STM32C031K6T6, STM32C031K6U3, STM32C031K6U6, STM32G071K8TXN, STM32G071K8UXN, STM32G081GBU6N, STM32G081KBT6N, STM32G081KBUXN, STM32G0B1CCT6N, STM32G0B1KCT6, STM32G0B1NEY6TR, STM32G0B1RCT6N, STM32G0C1CCT6, STM32G0C1CCT6N, STM32G0C1CCU6N, STM32G0C1CET6N, STM32G0C1CEU6N, STM32G0C1KCT6, STM32G0C1NEY6TR, STM32G0C1RCI6N, STM32G0C1RCT6N, STM32G0C1REI6N, STM32G0C1RET6N, STM32G0C1VCI6, STM32G0C1VEI6, STM32G471CCT6, STM32G471CCU6, STM32G471CET3, STM32G471CET6, STM32G471CEU3, STM32G471CEU6, STM32G471MCT6, STM32G471MET3, STM32G471MET6, STM32G471MEY6TR, STM32G471QCT6, STM32G471QET3, STM32G471RCT6, STM32G471RET3, STM32G471RET6, STM32G471VCH6, STM32G471VCI6, STM32G471VCT6, STM32G471VEH3, STM32G471VEH6, STM32G471VEI3, STM32G471VEI6, STM32G471VET3, STM32G471VET6, STM32G474CCT6, STM32H503CBT6, STM32H503CBU6, STM32H503EBY6TR, STM32H503KBU6, STM32H503RBT6, STM32H562AGI6, STM32H562AII6, STM32H562IGK6, STM32H562IGT6, STM32H562IIK6, STM32H562IIT6, STM32H562RGT6, STM32H562RGV6, STM32H562RIT6, STM32H562RIV6, STM32H562VGT6, STM32H562VIT6, STM32H562ZGT6, STM32H562ZIT6, STM32H563AGI6, STM32H563AII3Q, STM32H563AII6, STM32H563IGK6, STM32H563IGT6, STM32H563IIK3Q, STM32H563IIK6, STM32H563IIT3Q, STM32H563IIT6, STM32H563MIY3QTR, STM32H563RGT6, STM32H563RGV6, STM32H563RIT6, STM32H563RIV6, STM32H563VGT6, STM32H563VIT3Q, STM32H563VIT6, STM32H563ZGT6, STM32H563ZIT3Q, STM32H563ZIT6, STM32H573AII3Q, STM32H573AII6, STM32H573I-DK, STM32H573IIK3Q, STM32H573IIK6, STM32H573IIT3Q, STM32H573IIT6, STM32H573MIY3QTR, STM32H573RIT6, STM32H573RIV6, STM32H573VIT3Q, STM32H573VIT6, STM32H573ZIT3Q, STM32H573ZIT6, STM32L4R5QGI6STR, STM32MP131AAE3, STM32MP131AAF3, STM32MP131AAG3, STM32MP131CAE3, STM32MP131CAF3, STM32MP131CAG3, STM32MP131DAE7, STM32MP131DAF7, STM32MP131DAG7, STM32MP131FAE7, STM32MP131FAF7, STM32MP131FAG7, STM32MP133AAE3, STM32MP133AAF3, STM32MP133AAG3, STM32MP133CAE3, STM32MP133CAF3, STM32MP133CAG3, STM32MP133DAE7, STM32MP133DAF7, STM32MP133DAG7, STM32MP133FAE7, STM32MP133FAF7, STM32MP133FAG7, STM32MP135AAE3, STM32MP135AAF3, STM32MP135AAG3, STM32MP135CAE3, STM32MP135CAF3, STM32MP135CAG3, STM32MP135DAE7, STM32MP135DAF7, STM32MP135DAG7, STM32MP135F-DK, STM32MP135FAE7, STM32MP135FAF7, STM32MP135FAF7T, STM32MP135FAF7U, STM32MP135FAG7, STM32U535CBT6, STM32U535CBT6Q, STM32U535CBU6, STM32U535CBU6Q, STM32U535CCT6, STM32U535CCT6Q, STM32U535CCU6, STM32U535CCU6Q, STM32U535CET6, STM32U535CET6Q, STM32U535CEU6, STM32U535CEU6Q, STM32U535JEY6QTR, STM32U535NCY6QTR, STM32U535NEY6QTR, STM32U535RBI6, STM32U535RBI6Q, STM32U535RBT6, STM32U535RBT6Q, STM32U535RCI6, STM32U535RCI6Q, STM32U535RCT6, STM32U535RCT6Q, STM32U535REI6, STM32U535REI6Q, STM32U535RET6, STM32U535RET6Q, STM32U535VCI6, STM32U535VCI6Q, STM32U535VCT6, STM32U535VCT6Q, STM32U535VEI6, STM32U535VEI6Q, STM32U535VET6, STM32U535VET6Q, STM32U545CET6, STM32U545CET6Q, STM32U545CEU6, STM32U545CEU6Q, STM32U545JEY6QTR, STM32U545NEY6QTR, STM32U545REI6, STM32U545REI6Q, STM32U545RET6, STM32U545RET6Q, STM32U545VEI6, STM32U545VEI6Q, STM32U545VET6, STM32U545VET6Q, STM32U595AIH6, STM32U595AIH6Q, STM32U595AJH6, STM32U595AJH6Q, STM32U595QII6, STM32U595QII6Q, STM32U595QJI6, STM32U595QJI6Q, STM32U595RIT6, STM32U595RIT6Q, STM32U595RJT6, STM32U595RJT6Q, STM32U595VIT6, STM32U595VIT6Q, STM32U595VJT6, STM32U595VJT6Q, STM32U595ZIT6, STM32U595ZIT6Q, STM32U595ZIY6QTR, STM32U595ZJT6, STM32U595ZJT6Q, STM32U595ZJY6QTR, STM32U599BJY6QTR, STM32U599NIH6Q, STM32U599NJH6Q, STM32U599VIT6Q, STM32U599VJT6, STM32U599VJT6Q, STM32U599ZIT6Q, STM32U599ZIY6QTR, STM32U599ZJT6Q, STM32U599ZJY6QTR, STM32U5A5AJH6, STM32U5A5AJH6Q, STM32U5A5QJI6, STM32U5A5QJI6Q, STM32U5A5RJT6, STM32U5A5RJT6Q, STM32U5A5VJT6, STM32U5A5VJT6Q, STM32U5A5ZJT6, STM32U5A5ZJT6Q, STM32U5A5ZJY6QTR, STM32U5A9BJY6QTR, STM32U5A9J-DK, STM32U5A9NJH6Q, STM32U5A9VJT6Q, STM32U5A9ZJT6Q, STM32U5A9ZJY6QTR, STM32U5F7VIT6, STM32U5F7VIT6Q, STM32U5F7VJT6, STM32U5F7VJT6Q, STM32U5F9BJY6QTR, STM32U5F9NJH6Q, STM32U5F9VIT6Q, STM32U5F9VJT6Q, STM32U5F9ZIJ6QTR, STM32U5F9ZIT6Q, STM32U5F9ZJJ6QTR, STM32U5F9ZJT6Q, STM32U5G7VJT6, STM32U5G7VJT6Q, STM32U5G9BJY6QTR, STM32U5G9J-DK1, STM32U5G9J-DK2, STM32U5G9NJH6Q, STM32U5G9VJT6Q, STM32U5G9ZJJ6QTR, STM32U5G9ZJT6Q, STM32WB1MMCH6, STM32WBA52CEU6, STM32WBA52CEU6T, STM32WBA52CGU6, STM32WBA52CGU6T, STM32WBA52KEU6, STM32WBA52KEU6T, STM32WBA52KGU6, STM32WBA52KGU6T, STM32WL5MOCH6, STM32WL5MOCH6TR]
2024-01-11 15:12:24,382 [INFO] BoardInfo:880 - No configuration file found for board P-NUCLEO-WB55
2024-01-11 15:12:24,382 [INFO] DbBoards:157 - Kit is not supported: P-NUCLEO-WB55
2024-01-11 15:12:24,387 [INFO] BoardInfo:880 - No configuration file found for board STEVAL-BFA001V1B
2024-01-11 15:12:24,387 [INFO] DbBoards:157 - Kit is not supported: STEVAL-BFA001V1B
2024-01-11 15:12:24,388 [INFO] BoardInfo:880 - No configuration file found for board STEVAL-BFA001V2B
2024-01-11 15:12:24,388 [INFO] DbBoards:157 - Kit is not supported: STEVAL-BFA001V2B
2024-01-11 15:12:24,393 [INFO] BoardInfo:880 - No configuration file found for board STEVAL-MKBOXPRO
2024-01-11 15:12:24,393 [INFO] DbBoards:157 - Board is not supported: STEVAL-MKBOXPRO
2024-01-11 15:12:24,522 [INFO] DbBoards:161 - Found 191 boards, 187 are supported
2024-01-11 15:12:24,524 [INFO] ApiDb:414 - User favorites file not found: C:\Users\jammu/.stm32cubeide/favorites.boards.txt
2024-01-11 15:12:24,524 [INFO] DbBoards:190 - Set 0 / 0 favorites Boards
2024-01-11 15:12:24,527 [INFO] ApiDb:668 - CubeFinder database Data Model version=2.1
2024-01-11 15:12:24,527 [INFO] ApiDb:669 - CubeFinder database Configuration version=3.0.39
2024-01-11 15:12:24,527 [INFO] ApiDb:670 - CubeFinder database generation date=2023-12-08 (1702028721)
2024-01-11 15:12:24,527 [INFO] ApiDb:671 - CubeFinder database FW Pack versions=[FP-ATR-ASTRA1_V2.0.0, FP-SNS-FLIGHT1_V5.0.1, FP-SNS-FLIGHT1_V5.0.2, FP-SNS-MOTENV1_V4.3.1, FP-SNS-MOTENV1_V4.3.2, FP-SNS-MOTENVWB1_V1.3.1, FP-SNS-SMARTAG2_V1.2.0, STM32Cube_FW_C0_V1.1.0, STM32Cube_FW_F4_V1.28.0, STM32Cube_FW_F7_V1.17.0, STM32Cube_FW_G0_V1.6.1, STM32Cube_FW_G4_V1.5.1, STM32Cube_FW_H5_V0.5.1, STM32Cube_FW_H5_V1.1.1, STM32Cube_FW_H5_V1.2.0RC2, STM32Cube_FW_H7_V1.11.0, STM32Cube_FW_L0_V1.12.2, STM32Cube_FW_L5_V1.5.0, STM32Cube_FW_U5_V1.3.0RC4, STM32Cube_FW_U5_V1.4.0, STM32Cube_FW_WBA_V1.0.0RC1, STM32Cube_FW_WBA_V1.1.0RC1, STM32Cube_FW_WBA_V1.2.0, STM32Cube_FW_WBA_V1.2.0RC2, STM32Cube_FW_WB_V1.15.0RC1, STM32Cube_FW_WB_V1.16.0, STM32Cube_FW_WB_V1.16.0RC2, STM32Cube_FW_WB_V1.18.0, STM32Cube_FW_WL_V1.3.0, X-CUBE-ALGOBUILD_V1.3.0, X-CUBE-ALS_V1.0.1, X-CUBE-AZRTOS-F4_V1.1.0, X-CUBE-AZRTOS-F7_V1.1.0, X-CUBE-AZRTOS-G0_V1.1.0, X-CUBE-AZRTOS-G4_V2.0.0, X-CUBE-AZRTOS-H7_V3.1.0, X-CUBE-AZRTOS-L4_V1.0.0, X-CUBE-AZRTOS-L4_V2.0.0, X-CUBE-AZRTOS-L5_V1.1.0, X-CUBE-AZRTOS-WB_V2.0.0, X-CUBE-AZRTOS-WL_V2.0.0, X-CUBE-BLE1_V7.0.0, X-CUBE-BLE2_V3.3.0, X-CUBE-BLEMGR_V3.0.0, X-CUBE-EEPRMA1_V4.1.0, X-CUBE-EEPRMA1_V4.2.0, X-CUBE-FREERTOS_V1.1.0, X-CUBE-GNSS1_V6.0.0, X-CUBE-MEMS1_V10.0.0, X-CUBE-MEMS1_V9.1.0, X-CUBE-MEMS1_V9.4.0, X-CUBE-MEMS1_V9.6.0, X-CUBE-NFC4_V3.0.0, X-CUBE-NFC7_V1.0.1, X-CUBE-SFXS2LP1_V4.0.0, X-CUBE-SUBG2_V5.0.0, X-CUBE-TOF1_V3.4.0]
2024-01-11 15:12:25,316 [ERROR] DbExamplesSqlite:437 - Missing JSON key: board_cpn
2024-01-11 15:12:25,316 [ERROR] DbExamplesSqlite:437 - Missing JSON key: board_cpn
2024-01-11 15:12:25,316 [ERROR] DbExamplesSqlite:437 - Missing JSON key: board_cpn
2024-01-11 15:12:25,316 [ERROR] DbExamplesSqlite:437 - Missing JSON key: board_cpn
2024-01-11 15:12:25,357 [INFO] DbExamplesSqlite:395 - Ignored 55 examples not supported by CubeIDE
2024-01-11 15:12:25,358 [INFO] DbExamplesSqlite:396 - Found 7560 examples active
2024-01-11 15:12:25,358 [INFO] DbExamplesSqlite:397 - Found 844 examples obsolete
2024-01-11 15:12:25,358 [INFO] DbExamplesSqlite:398 - Found 0 examples under development
2024-01-11 15:12:25,358 [INFO] DbExamplesSqlite:399 - Found 8 examples not building
2024-01-11 15:12:25,359 [INFO] DbExamples:125 - Found 7513 examples
2024-01-11 15:12:25,421 [ERROR] DbExamples:208 - Found 247 examples with invalid data (board or MCU)
2024-01-11 15:12:25,421 [INFO] DbExamples:222 - Found 93 boards with related examples
2024-01-11 15:12:25,422 [INFO] DbExamples:235 - Found 79 MCUs with related examples
2024-01-11 15:12:25,440 [INFO] ApiDb:414 - User favorites file not found: C:\Users\jammu/.stm32cubeide/favorites.examples.txt
2024-01-11 15:12:25,440 [INFO] DbExamples:250 - Set 0 / 0 favorites Examples
2024-01-11 15:12:25,785 [INFO] McuFinderGlobals:76 - Set McuFinderConnectedMode to true
2024-01-11 15:12:25,795 [INFO] MultiScanPanel:200 - Auto-refresh data requested => check proxy status ongoing
2024-01-11 15:12:25,799 [INFO] FinderPluginLoader:95 - Searching for filters in installed packs
2024-01-11 15:12:27,283 [INFO] LoadUrlFilesThread:185 - End of LoadServerUrlFiles without Thread
2024-01-11 15:12:27,300 [INFO] DetailPanel:341 - Set advertising image to C:/Users/jammu/STM32Cube/Repository/\en.prom-stm32wl3-mcu-finder.jpg
2024-01-11 15:12:34,873 [ERROR] LogOutputStream:75 - [STDERR_REDIRECT] SLF4J: Failed to load class "org.slf4j.impl.StaticLoggerBinder".
2024-01-11 15:12:34,874 [ERROR] LogOutputStream:75 - [STDERR_REDIRECT] SLF4J: Defaulting to no-operation (NOP) logger implementation
2024-01-11 15:12:34,877 [ERROR] LogOutputStream:75 - [STDERR_REDIRECT] SLF4J: See http://www.slf4j.org/codes.html#StaticLoggerBinder for further details.
2024-01-11 15:30:39,392 [INFO] MultiScanPanel:200 - Auto-refresh data requested => check proxy status ongoing
2024-01-11 15:30:39,605 [INFO] LoadUrlFilesThread:185 - End of LoadServerUrlFiles without Thread
2024-01-11 15:30:39,606 [INFO] DetailPanel:341 - Set advertising image to C:/Users/jammu/STM32Cube/Repository/\en.prom-stm32wl3-mcu-finder.jpg
2024-01-11 15:30:39,620 [INFO] DbBoards:634 - Loading board mini-images...
2024-01-11 15:30:42,021 [INFO] DbBoards:657 - Loaded 191 board mini-images
2024-01-11 15:31:31,300 [INFO] ServerAccessManage:473 - Download File 
2024-01-11 15:31:31,319 [INFO] LoadUrlFilesThread:185 - End of LoadServerUrlFiles without Thread
2024-01-11 15:31:31,387 [INFO] BoardAction:170 - Large Picture
2024-01-11 15:31:37,678 [INFO] BoardAction:75 - Docs & Resources
2024-01-11 15:31:51,402 [INFO] ServerAccessManage:473 - Download File DB2196.pdf
2024-01-11 15:31:51,907 [INFO] LoadUrlFilesThread:156 - End of LoadUrlFiles Thread
2024-01-11 15:31:52,062 [INFO] BoardAction:139 - Datasheet
2024-01-11 15:32:32,645 [INFO] ServerAccessManage:473 - Download File 19167.pdf
2024-01-11 15:32:33,071 [INFO] LoadUrlFilesThread:156 - End of LoadUrlFiles Thread
2024-01-11 15:32:38,103 [INFO] ServerAccessManage:473 - Download File 19168.pdf
2024-01-11 15:32:38,516 [INFO] LoadUrlFilesThread:156 - End of LoadUrlFiles Thread
2024-01-11 15:34:28,159 [INFO] ServerAccessManage:473 - Download File 18843.zip
2024-01-11 15:34:28,280 [INFO] FileExtend:240 - Unzip File : 18843.zip
2024-01-11 15:34:28,281 [INFO] FileExtend:255 - Standard Zip Deflate
2024-01-11 15:34:28,497 [INFO] LoadUrlFilesThread:156 - End of LoadUrlFiles Thread
2024-01-11 15:35:21,621 [INFO] ServerAccessManage:473 - Download File 
2024-01-11 15:35:21,684 [INFO] LoadUrlFilesThread:185 - End of LoadServerUrlFiles without Thread
2024-01-11 15:35:21,743 [INFO] McuAction:171 - Block Diagram
2024-01-11 15:35:25,959 [INFO] McuAction:76 - Docs & Resources
2024-01-11 15:35:33,747 [INFO] ServerAccessManage:473 - Download File PM0214.pdf
2024-01-11 15:35:36,445 [INFO] LoadUrlFilesThread:156 - End of LoadUrlFiles Thread
2024-01-11 15:36:25,930 [INFO] ServerAccessManage:473 - Download File DS10693.pdf
2024-01-11 15:36:26,381 [INFO] LoadUrlFilesThread:156 - End of LoadUrlFiles Thread
2024-01-11 15:36:26,424 [INFO] McuAction:140 - Datasheet
2024-01-11 15:43:44,615 [INFO] McuFinderGlobals:76 - Set McuFinderConnectedMode to true
2024-01-11 15:43:44,622 [INFO] ApiDb:448 - Save user favorites file C:\Users\jammu/.stm32cubeide/favorites.mcus.txt: 0 item(s)
2024-01-11 15:43:44,622 [INFO] ApiDb:452 - User favorites MCUs=[]
2024-01-11 15:43:44,625 [INFO] ApiDb:448 - Save user favorites file C:\Users\jammu/.stm32cubeide/favorites.boards.txt: 0 item(s)
2024-01-11 15:43:44,625 [INFO] ApiDb:452 - User favorites Boards=[]
2024-01-11 18:28:22,380 [ERROR] LogOutputStream:75 - [STDERR_REDIRECT] 
2024-01-11 22:20:05,338 [INFO] Activator:176 - 


2024-01-11 22:20:05,338 [INFO] Activator:177 - !SESSION log4j initialized
2024-01-11 22:20:10,679 [INFO] LogOutputStream:77 - [STDOUT_REDIRECT] 
2024-01-11 22:20:11,863 [INFO] ApplicationProperties:184 - Using Application install path: C:\ST\STM32CubeIDE_1.13.2\STM32CubeIDE\plugins\com.st.stm32cube.common.mx_6.9.2.202309101412
2024-01-11 22:20:11,889 [INFO] DbMcusXml:78 - Set database path to: C:\ST\STM32CubeIDE_1.13.2\STM32CubeIDE\plugins\com.st.stm32cube.common.mx_6.9.2.202309101412\\db\/mcu/
2024-01-11 22:20:11,889 [INFO] ApiDb:274 - Set plugin database path to: C:\ST\STM32CubeIDE_1.13.2\STM32CubeIDE\plugins\com.st.stm32cube.common.mx_6.9.2.202309101412\\db\/plugins/boardmanager/
2024-01-11 22:20:11,889 [WARN] ApiDb:259 - Overriding images path with different value:  => C:\ST\STM32CubeIDE_1.13.2\STM32CubeIDE\plugins\com.st.stm32cube.common.mx_6.9.2.202309101412\\db\/plugins/mcufinder/images/
2024-01-11 22:20:11,904 [INFO] ApiDb:250 - Set database path to: C:\Users\jammu\.stmcufinder\plugins\mcufinder//mcu/
2024-01-11 22:20:11,906 [INFO] DbMcusAds:125 - Set database path to: C:\Users\jammu\.stmcufinder\plugins\mcufinder//mcu/
2024-01-11 22:20:11,910 [INFO] CrossReferenceDbSqlite:203 - Set database path to: C:\Users\jammu\.stmcufinder\plugins\mcufinder//mcu/cs/
2024-01-11 22:20:12,072 [INFO] RulesReader:64 - Compatibility file has been processed (293 Rules)
2024-01-11 22:20:12,166 [INFO] DbMcusXml:78 - Set database path to: C:\ST\STM32CubeIDE_1.13.2\STM32CubeIDE\plugins\com.st.stm32cube.common.mx_6.9.2.202309101412\\db\/mcu/
2024-01-11 22:20:12,166 [INFO] ApiDb:274 - Set plugin database path to: C:\ST\STM32CubeIDE_1.13.2\STM32CubeIDE\plugins\com.st.stm32cube.common.mx_6.9.2.202309101412\\db\/plugins/boardmanager/
2024-01-11 22:20:12,167 [INFO] ApiDb:261 - Set plugin images path to: C:\ST\STM32CubeIDE_1.13.2\STM32CubeIDE\plugins\com.st.stm32cube.common.mx_6.9.2.202309101412\\db\/plugins/mcufinder/images/
2024-01-11 22:20:12,167 [WARN] DbFile:41 - Overriding database path with different value: C:\Users\jammu\.stmcufinder\plugins\mcufinder/ => C:\Users\jammu\.stmcufinder\plugins\mcufinder
2024-01-11 22:20:12,167 [INFO] ApiDb:250 - Set database path to: C:\Users\jammu\.stmcufinder\plugins\mcufinder//mcu/
2024-01-11 22:20:12,167 [WARN] DbFile:41 - Overriding database path with different value: C:\Users\jammu\.stmcufinder\plugins\mcufinder/ => C:\Users\jammu\.stmcufinder\plugins\mcufinder
2024-01-11 22:20:12,167 [INFO] DbMcusAds:125 - Set database path to: C:\Users\jammu\.stmcufinder\plugins\mcufinder//mcu/
2024-01-11 22:20:12,168 [WARN] DbFile:41 - Overriding database path with different value: C:\Users\jammu\.stmcufinder\plugins\mcufinder/ => C:\Users\jammu\.stmcufinder\plugins\mcufinder
2024-01-11 22:20:12,168 [WARN] DbFile:41 - Overriding database path with different value: C:\Users\jammu\.stmcufinder\plugins\mcufinder/ => C:\Users\jammu\.stmcufinder\plugins\mcufinder
2024-01-11 22:20:12,168 [INFO] CrossReferenceDbSqlite:203 - Set database path to: C:\Users\jammu\.stmcufinder\plugins\mcufinder//mcu/cs/
2024-01-11 22:20:12,240 [INFO] MainPanel:262 - HeapMemory: 268435456
2024-01-11 22:20:12,332 [INFO] DbMcusXml:78 - Set database path to: C:\ST\STM32CubeIDE_1.13.2\STM32CubeIDE\plugins\com.st.stm32cube.common.mx_6.9.2.202309101412\\db\/mcu/
2024-01-11 22:20:12,332 [INFO] ApiDb:274 - Set plugin database path to: C:\ST\STM32CubeIDE_1.13.2\STM32CubeIDE\plugins\com.st.stm32cube.common.mx_6.9.2.202309101412\\db\/plugins/boardmanager/
2024-01-11 22:20:12,332 [INFO] ApiDb:261 - Set plugin images path to: C:\ST\STM32CubeIDE_1.13.2\STM32CubeIDE\plugins\com.st.stm32cube.common.mx_6.9.2.202309101412\\db\/plugins/mcufinder/images/
2024-01-11 22:20:12,333 [WARN] DbFile:41 - Overriding database path with different value: C:\Users\jammu\.stmcufinder\plugins\mcufinder/ => C:\Users\jammu\.stmcufinder\plugins\mcufinder
2024-01-11 22:20:12,333 [INFO] ApiDb:250 - Set database path to: C:\Users\jammu\.stmcufinder\plugins\mcufinder//mcu/
2024-01-11 22:20:12,333 [WARN] DbFile:41 - Overriding database path with different value: C:\Users\jammu\.stmcufinder\plugins\mcufinder/ => C:\Users\jammu\.stmcufinder\plugins\mcufinder
2024-01-11 22:20:12,333 [INFO] DbMcusAds:125 - Set database path to: C:\Users\jammu\.stmcufinder\plugins\mcufinder//mcu/
2024-01-11 22:20:12,333 [WARN] DbFile:41 - Overriding database path with different value: C:\Users\jammu\.stmcufinder\plugins\mcufinder/ => C:\Users\jammu\.stmcufinder\plugins\mcufinder
2024-01-11 22:20:12,333 [WARN] DbFile:41 - Overriding database path with different value: C:\Users\jammu\.stmcufinder\plugins\mcufinder/ => C:\Users\jammu\.stmcufinder\plugins\mcufinder
2024-01-11 22:20:12,333 [INFO] CrossReferenceDbSqlite:203 - Set database path to: C:\Users\jammu\.stmcufinder\plugins\mcufinder//mcu/cs/
2024-01-11 22:20:12,352 [INFO] ApplicationProperties:184 - Using Application install path: C:\ST\STM32CubeIDE_1.13.2\STM32CubeIDE\plugins\com.st.stm32cube.common.mx_6.9.2.202309101412
2024-01-11 22:20:12,353 [INFO] PluginManage:196 - Search for loadable plugins [exclusion list=, ]
2024-01-11 22:20:12,355 [INFO] PluginManage:310 - Check plugin analytics
2024-01-11 22:20:12,545 [INFO] AnalyticsPlugin:253 - Accepted Software Licenses: 
2024-01-11 22:20:12,546 [INFO] AnalyticsPlugin:255 - Accepted CMSIS Pack Licenses: 
2024-01-11 22:20:12,546 [INFO] AnalyticsPlugin:257 - Accepted Firmware Licenses: 
2024-01-11 22:20:12,550 [INFO] PluginManage:359 - Loaded plugin analytics (category:tool,tabindex:-1)
2024-01-11 22:20:12,551 [INFO] PluginManage:310 - Check plugin cadmodel
2024-01-11 22:20:12,564 [INFO] CADModel:105 - Init CAD model plugin
2024-01-11 22:20:12,564 [INFO] PluginManage:359 - Loaded plugin cadmodel (category:power,tabindex:5)
2024-01-11 22:20:12,565 [INFO] PluginManage:310 - Check plugin clock
2024-01-11 22:20:12,583 [INFO] PluginManage:359 - Loaded plugin clock (category:base,tabindex:2)
2024-01-11 22:20:12,583 [INFO] PluginManage:310 - Check plugin ddr
2024-01-11 22:20:12,586 [INFO] PluginManage:359 - Loaded plugin ddr (category:tool,tabindex:6)
2024-01-11 22:20:12,586 [INFO] PluginManage:310 - Check plugin filemanager
2024-01-11 22:20:12,713 [INFO] PluginManage:359 - Loaded plugin filemanager (category:base,tabindex:10)
2024-01-11 22:20:12,714 [INFO] PluginManage:310 - Check plugin ipmanager
2024-01-11 22:20:12,721 [INFO] PluginManage:359 - Loaded plugin ipmanager (category:base,tabindex:5)
2024-01-11 22:20:12,721 [INFO] PluginManage:310 - Check plugin lpbam
2024-01-11 22:20:12,738 [INFO] PluginManage:359 - Loaded plugin lpbam (category:base,tabindex:0)
2024-01-11 22:20:12,738 [INFO] PluginManage:310 - Check plugin memorymap
2024-01-11 22:20:12,758 [INFO] PluginManage:359 - Loaded plugin memorymap (category:base,tabindex:4)
2024-01-11 22:20:12,758 [INFO] PluginManage:310 - Check plugin pinoutandconfiguration
2024-01-11 22:20:12,772 [INFO] PluginManage:359 - Loaded plugin pinoutandconfiguration (category:base,tabindex:1)
2024-01-11 22:20:12,772 [INFO] PluginManage:310 - Check plugin pinoutconfig
2024-01-11 22:20:12,879 [WARN] SupportedApi:132 - Cannot load RTOS API schema: s4s-elt-must-match.1: The content of 'definitions' must match (annotation?, (simpleType | complexType)?, (unique | key | keyref)*)). A problem was found starting at: attribute.
2024-01-11 22:20:13,016 [INFO] PluginManage:359 - Loaded plugin pinoutconfig (category:base,tabindex:0)
2024-01-11 22:20:13,016 [INFO] PluginManage:310 - Check plugin power
2024-01-11 22:20:13,038 [INFO] PluginManage:359 - Loaded plugin power (category:power,tabindex:4)
2024-01-11 22:20:13,038 [INFO] PluginManage:310 - Check plugin projectmanager
2024-01-11 22:20:13,055 [INFO] PluginManage:359 - Loaded plugin projectmanager (category:projectmanager,tabindex:3)
2024-01-11 22:20:13,055 [INFO] PluginManage:310 - Check plugin thirdparty
2024-01-11 22:20:13,294 [WARN] IntegrityCheckThread:84 - waiting for thirdparty lock release [integrity check]
2024-01-11 22:20:13,294 [INFO] PluginManage:359 - Loaded plugin thirdparty (category:base,tabindex:-1)
2024-01-11 22:20:13,294 [INFO] IntegrityCheckThread:86 - entering critical section [integrity check]
2024-01-11 22:20:13,295 [INFO] PluginManage:310 - Check plugin tools
2024-01-11 22:20:13,295 [INFO] ThirdPartyUpdaterWithRetryManager:70 - Updater plugin not ready yet. [1/15]
2024-01-11 22:20:13,326 [INFO] PluginManage:359 - Loaded plugin tools (category:base,tabindex:7)
2024-01-11 22:20:13,327 [INFO] PluginManage:310 - Check plugin tutovideos
2024-01-11 22:20:13,547 [INFO] PluginManage:359 - Loaded plugin tutovideos (category:base,tabindex:-1)
2024-01-11 22:20:13,547 [INFO] PluginManage:310 - Check plugin updater
2024-01-11 22:20:13,558 [INFO] PluginManage:359 - Loaded plugin updater (category:base,tabindex:12)
2024-01-11 22:20:13,558 [INFO] PluginManage:310 - Check plugin userauth
2024-01-11 22:20:13,563 [INFO] UserAuth:113 - Init User Auth plugin
2024-01-11 22:20:13,563 [INFO] PluginManage:359 - Loaded plugin userauth (category:base,tabindex:14)
2024-01-11 22:20:13,564 [INFO] PluginManage:283 - PluginManage : Loaded plugins [17]
2024-01-11 22:20:13,764 [INFO] PinOutPanel:1499 - setPackage(No Configuration,No Configuration)
2024-01-11 22:20:13,861 [INFO] CADModel:165 - CPN selected for project level
2024-01-11 22:20:13,861 [INFO] CADModel:114 - Register for checkConnection events
2024-01-11 22:20:13,883 [INFO] IPUIPlugin:80 - create IPUIPlugin
2024-01-11 22:20:13,883 [INFO] PluginManager:220 - loadIPPluginJar : add adc
2024-01-11 22:20:13,914 [INFO] IPUIPlugin:80 - create IPUIPlugin
2024-01-11 22:20:13,914 [INFO] PluginManager:220 - loadIPPluginJar : add aes
2024-01-11 22:20:13,948 [INFO] IPUIPlugin:80 - create IPUIPlugin
2024-01-11 22:20:13,948 [INFO] PluginManager:220 - loadIPPluginJar : add can
2024-01-11 22:20:13,967 [INFO] IPUIPlugin:80 - create IPUIPlugin
2024-01-11 22:20:13,967 [INFO] PluginManager:220 - loadIPPluginJar : add comp
2024-01-11 22:20:13,996 [INFO] IPUIPlugin:80 - create IPUIPlugin
2024-01-11 22:20:13,997 [INFO] PluginManager:220 - loadIPPluginJar : add cryp
2024-01-11 22:20:14,023 [INFO] IPUIPlugin:80 - create IPUIPlugin
2024-01-11 22:20:14,023 [INFO] PluginManager:220 - loadIPPluginJar : add dfsdm
2024-01-11 22:20:14,035 [INFO] IPUIPlugin:80 - create IPUIPlugin
2024-01-11 22:20:14,035 [INFO] PluginManager:220 - loadIPPluginJar : add dma
2024-01-11 22:20:14,071 [INFO] IPUIPlugin:80 - create IPUIPlugin
2024-01-11 22:20:14,071 [INFO] PluginManager:220 - loadIPPluginJar : add dma3
2024-01-11 22:20:14,089 [INFO] IPUIPlugin:80 - create IPUIPlugin
2024-01-11 22:20:14,089 [INFO] PluginManager:220 - loadIPPluginJar : add fatfs
2024-01-11 22:20:14,132 [INFO] IPUIPlugin:80 - create IPUIPlugin
2024-01-11 22:20:14,132 [INFO] PluginManager:220 - loadIPPluginJar : add fmc
2024-01-11 22:20:14,145 [INFO] IPUIPlugin:80 - create IPUIPlugin
2024-01-11 22:20:14,145 [INFO] PluginManager:220 - loadIPPluginJar : add freertos
2024-01-11 22:20:14,163 [INFO] IPUIPlugin:80 - create IPUIPlugin
2024-01-11 22:20:14,163 [INFO] PluginManager:220 - loadIPPluginJar : add genericplugin
2024-01-11 22:20:14,241 [INFO] IPUIPlugin:80 - create IPUIPlugin
2024-01-11 22:20:14,241 [INFO] PluginManager:220 - loadIPPluginJar : add gfxmmu
2024-01-11 22:20:14,351 [INFO] IPUIPlugin:80 - create IPUIPlugin
2024-01-11 22:20:14,351 [INFO] PluginManager:220 - loadIPPluginJar : add gic
2024-01-11 22:20:14,363 [INFO] IPUIPlugin:80 - create IPUIPlugin
2024-01-11 22:20:14,363 [INFO] PluginManager:220 - loadIPPluginJar : add gpio
2024-01-11 22:20:14,442 [INFO] IPUIPlugin:80 - create IPUIPlugin
2024-01-11 22:20:14,443 [INFO] PluginManager:220 - loadIPPluginJar : add gtzc
2024-01-11 22:20:14,470 [INFO] IPUIPlugin:80 - create IPUIPlugin
2024-01-11 22:20:14,470 [INFO] PluginManager:220 - loadIPPluginJar : add hash
2024-01-11 22:20:14,512 [INFO] IPUIPlugin:80 - create IPUIPlugin
2024-01-11 22:20:14,512 [INFO] PluginManager:220 - loadIPPluginJar : add i2c
2024-01-11 22:20:14,544 [INFO] IPUIPlugin:80 - create IPUIPlugin
2024-01-11 22:20:14,544 [INFO] PluginManager:220 - loadIPPluginJar : add i2s
2024-01-11 22:20:14,579 [INFO] IPUIPlugin:80 - create IPUIPlugin
2024-01-11 22:20:14,579 [INFO] PluginManager:220 - loadIPPluginJar : add i3c
2024-01-11 22:20:14,675 [INFO] IPUIPlugin:80 - create IPUIPlugin
2024-01-11 22:20:14,675 [INFO] PluginManager:220 - loadIPPluginJar : add ipddr
2024-01-11 22:20:14,752 [INFO] IPUIPlugin:80 - create IPUIPlugin
2024-01-11 22:20:14,752 [INFO] PluginManager:220 - loadIPPluginJar : add linkedlist
2024-01-11 22:20:14,781 [INFO] IPUIPlugin:80 - create IPUIPlugin
2024-01-11 22:20:14,781 [INFO] PluginManager:220 - loadIPPluginJar : add lorawan
2024-01-11 22:20:14,810 [INFO] IPUIPlugin:80 - create IPUIPlugin
2024-01-11 22:20:14,810 [INFO] PluginManager:220 - loadIPPluginJar : add ltdc
2024-01-11 22:20:14,821 [INFO] IPUIPlugin:80 - create IPUIPlugin
2024-01-11 22:20:14,821 [INFO] PluginManager:220 - loadIPPluginJar : add mdma
2024-01-11 22:20:14,841 [INFO] IPUIPlugin:80 - create IPUIPlugin
2024-01-11 22:20:14,841 [INFO] PluginManager:220 - loadIPPluginJar : add nvic
2024-01-11 22:20:14,870 [INFO] IPUIPlugin:80 - create IPUIPlugin
2024-01-11 22:20:14,870 [INFO] PluginManager:220 - loadIPPluginJar : add opamp
2024-01-11 22:20:14,918 [INFO] IPUIPlugin:80 - create IPUIPlugin
2024-01-11 22:20:14,918 [INFO] PluginManager:220 - loadIPPluginJar : add openamp
2024-01-11 22:20:14,953 [INFO] IPUIPlugin:80 - create IPUIPlugin
2024-01-11 22:20:14,953 [INFO] PluginManager:220 - loadIPPluginJar : add pdm2pcm
2024-01-11 22:20:14,964 [INFO] IPUIPlugin:80 - create IPUIPlugin
2024-01-11 22:20:14,966 [INFO] PluginManager:220 - loadIPPluginJar : add plateformsettings
2024-01-11 22:20:14,983 [INFO] IPUIPlugin:80 - create IPUIPlugin
2024-01-11 22:20:14,983 [INFO] PluginManager:220 - loadIPPluginJar : add quadspi
2024-01-11 22:20:14,993 [INFO] IPUIPlugin:80 - create IPUIPlugin
2024-01-11 22:20:14,993 [INFO] PluginManager:220 - loadIPPluginJar : add resmgrutility
2024-01-11 22:20:15,035 [INFO] IPUIPlugin:80 - create IPUIPlugin
2024-01-11 22:20:15,035 [INFO] PluginManager:220 - loadIPPluginJar : add sai
2024-01-11 22:20:15,064 [INFO] IPUIPlugin:80 - create IPUIPlugin
2024-01-11 22:20:15,065 [INFO] PluginManager:220 - loadIPPluginJar : add spi
2024-01-11 22:20:15,114 [INFO] IPUIPlugin:80 - create IPUIPlugin
2024-01-11 22:20:15,115 [INFO] PluginManager:220 - loadIPPluginJar : add stm32_wpan
2024-01-11 22:20:15,132 [INFO] IPUIPlugin:80 - create IPUIPlugin
2024-01-11 22:20:15,132 [INFO] PluginManager:220 - loadIPPluginJar : add tim
2024-01-11 22:20:15,180 [INFO] IPUIPlugin:80 - create IPUIPlugin
2024-01-11 22:20:15,180 [INFO] PluginManager:220 - loadIPPluginJar : add touchsensing
2024-01-11 22:20:15,198 [INFO] IPUIPlugin:80 - create IPUIPlugin
2024-01-11 22:20:15,198 [INFO] PluginManager:220 - loadIPPluginJar : add tracer_emb
2024-01-11 22:20:15,216 [INFO] IPUIPlugin:80 - create IPUIPlugin
2024-01-11 22:20:15,216 [INFO] PluginManager:220 - loadIPPluginJar : add ts
2024-01-11 22:20:15,233 [INFO] IPUIPlugin:80 - create IPUIPlugin
2024-01-11 22:20:15,233 [INFO] PluginManager:220 - loadIPPluginJar : add tsc
2024-01-11 22:20:15,250 [INFO] IPUIPlugin:80 - create IPUIPlugin
2024-01-11 22:20:15,250 [INFO] PluginManager:220 - loadIPPluginJar : add ucpd
2024-01-11 22:20:15,287 [INFO] IPUIPlugin:80 - create IPUIPlugin
2024-01-11 22:20:15,287 [INFO] PluginManager:220 - loadIPPluginJar : add usart
2024-01-11 22:20:15,322 [INFO] IPUIPlugin:80 - create IPUIPlugin
2024-01-11 22:20:15,322 [INFO] PluginManager:220 - loadIPPluginJar : add usbx
2024-01-11 22:20:15,446 [INFO] CADModel:165 - CPN selected for project level
2024-01-11 22:20:15,446 [INFO] CADModel:114 - Register for checkConnection events
2024-01-11 22:20:15,447 [FATAL] Updater:308 - Updater called before beeing initialized
2024-01-11 22:20:15,447 [ERROR] CADModel:125 - Updater not yet initialized, retry later 
2024-01-11 22:20:15,599 [INFO] CADModel:165 - CPN selected for project level
2024-01-11 22:20:15,599 [INFO] CADModel:114 - Register for checkConnection events
2024-01-11 22:20:15,599 [FATAL] Updater:308 - Updater called before beeing initialized
2024-01-11 22:20:15,599 [ERROR] CADModel:125 - Updater not yet initialized, retry later 
2024-01-11 22:20:15,603 [FATAL] Updater:308 - Updater called before beeing initialized
2024-01-11 22:20:15,707 [FATAL] Updater:308 - Updater called before beeing initialized
2024-01-11 22:20:15,718 [INFO] DbMcusAds:53 - JSON generation date=Wed Nov 29 16:22:27 IST 2023 (1701255147349)
2024-01-11 22:20:15,718 [FATAL] Updater:308 - Updater called before beeing initialized
2024-01-11 22:20:15,786 [WARN] DetailPanel:346 - Failed to get advertising image, set to default
2024-01-11 22:20:15,880 [FATAL] Updater:308 - Updater called before beeing initialized
2024-01-11 22:20:15,881 [FATAL] Updater:308 - Updater called before beeing initialized
2024-01-11 22:20:15,881 [FATAL] Updater:308 - Updater called before beeing initialized
2024-01-11 22:20:15,882 [WARN] DetailPanel:346 - Failed to get advertising image, set to default
2024-01-11 22:20:15,882 [FATAL] Updater:308 - Updater called before beeing initialized
2024-01-11 22:20:15,942 [ERROR] Updater:1120 - MainUpdater not yet initialized. External WinMGr cannot be set.
2024-01-11 22:20:15,952 [INFO] Updater:1056 - Updater Version found : 6.9.2
2024-01-11 22:20:15,970 [INFO] ApplicationProperties:184 - Using Application install path: C:\ST\STM32CubeIDE_1.13.2\STM32CubeIDE\plugins\com.st.stm32cube.common.mx_6.9.2.202309101412
2024-01-11 22:20:16,150 [INFO] MainUpdater:2868 - connection check result : 10
2024-01-11 22:20:16,150 [INFO] MainUpdater:285 - Updater Check For Update Now.
2024-01-11 22:20:16,151 [INFO] MicroXplorer:498 - Change Database Version : DB.6.0.92
2024-01-11 22:20:16,177 [INFO] McuFinderGlobals:63 - Set McuFinder mode to 2 (CubeIDE integrated)
2024-01-11 22:20:16,177 [INFO] UserAuth:179 - activating auth plugin
2024-01-11 22:20:16,180 [INFO] UserAuth:393 - Internet connection configuration mode: 1
2024-01-11 22:20:16,219 [INFO] JxBrowserEngine:151 - Initiate JxBrowser Engine with user profile folder
2024-01-11 22:20:16,297 [WARN] MainUpdater:1189 - Updater busy. Cannot search thirdparties
2024-01-11 22:20:16,297 [INFO] ThirdPartyUpdaterWithRetryManager:96 - Updater plugin is busy. [1/15]
2024-01-11 22:20:16,395 [INFO] CheckServerUpdateThread:120 - End of CheckServer Thread
2024-01-11 22:20:18,408 [INFO] WebApp:157 - Instantiating new browser for Auth
2024-01-11 22:20:19,000 [INFO] WebApp:753 - Register for checkConnection events
2024-01-11 22:20:19,000 [INFO] WebApp:390 - Apply proxy settings
2024-01-11 22:20:19,000 [INFO] WebApp:475 - Chromium requires no authentication
2024-01-11 22:20:19,008 [INFO] WebApp:418 - Direct internet connection detected
2024-01-11 22:20:19,171 [INFO] WebApp:188 - Starting web application
2024-01-11 22:20:19,171 [INFO] WebApp:520 - Web application path used C:\ST\STM32CubeIDE_1.13.2\STM32CubeIDE\plugins\com.st.stm32cube.common.mx_6.9.2.202309101412\db\plugins\mcufinder\reactClient1\index.html
2024-01-11 22:20:19,542 [WARN] PackLoader:240 - Cannot read IP mode file for STMicroelectronics.X-CUBE-SMBUS.2.1.0
2024-01-11 22:20:19,564 [WARN] PackLoader:240 - Cannot read IP mode file for STMicroelectronics.X-CUBE-TOUCHGFX.4.23.0
2024-01-11 22:20:19,624 [WARN] PackLoader:240 - Cannot read IP mode file for STMicroelectronics.X-CUBE-AZRTOS-F7.1.1.0
2024-01-11 22:20:19,651 [WARN] PackLoader:240 - Cannot read IP mode file for STMicroelectronics.FP-SNS-MOTENV1.4.3.2
2024-01-11 22:20:19,673 [WARN] PackLoader:240 - Cannot read IP mode file for STMicroelectronics.FP-SNS-FLIGHT1.5.0.2
2024-01-11 22:20:19,701 [WARN] PackLoader:240 - Cannot read IP mode file for STMicroelectronics.X-CUBE-DISPLAY.3.0.0
2024-01-11 22:20:19,731 [WARN] PackLoader:240 - Cannot read IP mode file for STMicroelectronics.X-CUBE-BLE1.7.0.0
2024-01-11 22:20:19,748 [WARN] PackLoader:240 - Cannot read IP mode file for emotas.I-CUBE-CANOPEN.1.3.0
2024-01-11 22:20:19,766 [WARN] PackLoader:240 - Cannot read IP mode file for STMicroelectronics.FP-SNS-SMARTAG2.1.2.0
2024-01-11 22:20:19,791 [INFO] LogOutputStream:77 - [STDOUT_REDIRECT] 1 : Invalid condition id : UX_CORESTACK_Condition cause : null
2024-01-11 22:20:19,792 [INFO] LogOutputStream:77 - [STDOUT_REDIRECT] 1 : Invalid condition id : UX_CORESTACK_Condition cause : null
2024-01-11 22:20:19,794 [INFO] LogOutputStream:77 - [STDOUT_REDIRECT] 1 : Invalid condition id : UX_CORESTACK_Condition cause : null
2024-01-11 22:20:19,796 [INFO] LogOutputStream:77 - [STDOUT_REDIRECT] 1 : Invalid condition id : UX_CORESTACK_Condition cause : null
2024-01-11 22:20:19,797 [INFO] LogOutputStream:77 - [STDOUT_REDIRECT] 1 : Invalid condition id : UX_CORESTACK_Condition cause : null
2024-01-11 22:20:19,803 [WARN] PackLoader:240 - Cannot read IP mode file for STMicroelectronics.X-CUBE-AZRTOS-WL.2.0.0
2024-01-11 22:20:19,827 [WARN] PackLoader:240 - Cannot read IP mode file for WES.I-CUBE-Cesium.1.3.0
2024-01-11 22:20:19,845 [WARN] PackLoader:240 - Cannot read IP mode file for STMicroelectronics.X-CUBE-BLE2.3.3.0
2024-01-11 22:20:19,866 [WARN] PackLoader:240 - Cannot read IP mode file for STMicroelectronics.X-CUBE-ALGOBUILD.1.3.0
2024-01-11 22:20:19,914 [WARN] PackLoader:240 - Cannot read IP mode file for STMicroelectronics.X-CUBE-AZRTOS-G0.1.1.0
2024-01-11 22:20:19,939 [WARN] PackLoader:240 - Cannot read IP mode file for STMicroelectronics.X-CUBE-NFC4.3.0.0
2024-01-11 22:20:19,968 [WARN] PackLoader:240 - Cannot read IP mode file for STMicroelectronics.X-CUBE-BLEMGR.3.0.0
2024-01-11 22:20:19,984 [WARN] PackLoader:240 - Cannot read IP mode file for STMicroelectronics.FP-ATR-SIGFOX1.3.2.0
2024-01-11 22:20:19,998 [WARN] PackLoader:240 - Cannot read IP mode file for STMicroelectronics.X-CUBE-GNSS1.6.0.0
2024-01-11 22:20:20,047 [WARN] PackLoader:240 - Cannot read IP mode file for STMicroelectronics.X-CUBE-AZRTOS-F4.1.1.0
2024-01-11 22:20:20,067 [WARN] PackLoader:240 - Cannot read IP mode file for wolfSSL.I-CUBE-wolfSSL.5.6.4
2024-01-11 22:20:20,106 [WARN] PackLoader:240 - Cannot read IP mode file for STMicroelectronics.X-CUBE-AZRTOS-L5.2.0.0
2024-01-11 22:20:20,129 [WARN] PackLoader:240 - Cannot read IP mode file for STMicroelectronics.X-CUBE-EEPRMA1.4.2.0
2024-01-11 22:20:20,148 [WARN] PackLoader:240 - Cannot read IP mode file for ITTIA_DB.I-CUBE-ITTIADB.8.8.0
2024-01-11 22:20:20,162 [WARN] PackLoader:240 - Cannot read IP mode file for STMicroelectronics.X-CUBE-NFC7.1.0.1
2024-01-11 22:20:20,178 [WARN] PackLoader:240 - Cannot read IP mode file for STMicroelectronics.X-CUBE-NFC6.3.0.0
2024-01-11 22:20:20,191 [WARN] PackLoader:240 - Cannot read IP mode file for STMicroelectronics.X-CUBE-AI.8.1.0
2024-01-11 22:20:20,222 [WARN] ConditionMgr:438 - getConditionDescription Invalid condition id : LAN8742 Phy interface Condition cause : null
2024-01-11 22:20:20,222 [WARN] PackLoader:240 - Cannot read IP mode file for STMicroelectronics.X-CUBE-AZRTOS-L4.2.0.0
2024-01-11 22:20:20,224 [WARN] ConditionMgr:1039 - genDependencies : Invalid condition id : LAN8742 Phy interface Condition cause : null
2024-01-11 22:20:20,224 [WARN] ConditionMgr:1039 - genDependencies : Invalid condition id : LAN8742 Phy interface Condition cause : null
2024-01-11 22:20:20,224 [WARN] ConditionMgr:1039 - genDependencies : Invalid condition id : LAN8742 Phy interface Condition cause : null
2024-01-11 22:20:20,238 [WARN] PackLoader:240 - Cannot read IP mode file for STMicroelectronics.X-CUBE-SFXS2LP1.4.0.0
2024-01-11 22:20:20,264 [WARN] ConditionMgr:438 - getConditionDescription Invalid condition id : UX DEVICE CLASS RTOS Condition cause : null
2024-01-11 22:20:20,264 [WARN] ConditionMgr:438 - getConditionDescription Invalid condition id : UX DEVICE CLASS RTOS Condition cause : null
2024-01-11 22:20:20,266 [WARN] PackLoader:240 - Cannot read IP mode file for STMicroelectronics.X-CUBE-AZRTOS-WB.2.0.0
2024-01-11 22:20:20,267 [WARN] ConditionMgr:1039 - genDependencies : Invalid condition id : UX DEVICE CLASS RTOS Condition cause : null
2024-01-11 22:20:20,267 [WARN] ConditionMgr:1039 - genDependencies : Invalid condition id : UX DEVICE CLASS RTOS Condition cause : null
2024-01-11 22:20:20,267 [WARN] ConditionMgr:1039 - genDependencies : Invalid condition id : UX DEVICE CLASS RTOS Condition cause : null
2024-01-11 22:20:20,268 [WARN] ConditionMgr:1039 - genDependencies : Invalid condition id : UX DEVICE CLASS RTOS Condition cause : null
2024-01-11 22:20:20,268 [WARN] ConditionMgr:1039 - genDependencies : Invalid condition id : UX DEVICE CLASS RTOS Condition cause : null
2024-01-11 22:20:20,288 [WARN] PackLoader:240 - Cannot read IP mode file for STMicroelectronics.X-CUBE-SUBG2.5.0.0
2024-01-11 22:20:20,320 [WARN] PackLoader:240 - Cannot read IP mode file for STMicroelectronics.X-CUBE-AZRTOS-G4.2.0.0
2024-01-11 22:20:20,343 [WARN] PackLoader:240 - Cannot read IP mode file for Infineon.AIROC-Wi-Fi-Bluetooth-STM32.1.5.1
2024-01-11 22:20:20,363 [WARN] PackLoader:240 - Cannot read IP mode file for STMicroelectronics.FP-SNS-MOTENVWB1.1.3.1
2024-01-11 22:20:20,378 [WARN] PackLoader:240 - Cannot read IP mode file for STMicroelectronics.X-CUBE-ISPU.2.0.0
2024-01-11 22:20:20,425 [WARN] PackLoader:240 - Cannot read IP mode file for STMicroelectronics.X-CUBE-MEMS1.10.0.0
2024-01-11 22:20:20,568 [WARN] PackLoader:240 - Cannot read IP mode file for STMicroelectronics.X-CUBE-FREERTOS.1.1.0
2024-01-11 22:20:20,580 [WARN] PackLoader:240 - Cannot read IP mode file for portGmbH.I-Cube-SoM-uGOAL.1.1.0
2024-01-11 22:20:20,591 [WARN] PackLoader:240 - Cannot read IP mode file for STMicroelectronics.X-CUBE-ALS.1.0.1
2024-01-11 22:20:20,602 [WARN] PackLoader:240 - Cannot read IP mode file for STMicroelectronics.FP-ATR-ASTRA1.2.0.0
2024-01-11 22:20:20,620 [WARN] PackLoader:240 - Cannot read IP mode file for STMicroelectronics.X-CUBE-TOF1.3.4.0
2024-01-11 22:20:20,666 [WARN] PackLoader:240 - Cannot read IP mode file for STMicroelectronics.X-CUBE-AZRTOS-H7.3.2.0
2024-01-11 22:20:20,671 [INFO] ThirdParty:978 - Integrity check success = true
2024-01-11 22:20:20,671 [INFO] IntegrityCheckThread:100 - exiting critical section [integrity check]
2024-01-11 22:20:20,672 [INFO] IntegrityCheckThread:103 - End integrity checks thread
2024-01-11 22:20:40,189 [ERROR] LogOutputStream:75 - [STDERR_REDIRECT] SLF4J: Failed to load class "org.slf4j.impl.StaticLoggerBinder".
2024-01-11 22:20:40,189 [ERROR] LogOutputStream:75 - [STDERR_REDIRECT] SLF4J: Defaulting to no-operation (NOP) logger implementation
2024-01-11 22:20:40,193 [ERROR] LogOutputStream:75 - [STDERR_REDIRECT] SLF4J: See http://www.slf4j.org/codes.html#StaticLoggerBinder for further details.
2024-01-11 23:04:55,945 [ERROR] LogOutputStream:75 - [STDERR_REDIRECT] 
