2023-12-26 17:42:15,166 [INFO] Activator:176 - 


2023-12-26 17:42:15,172 [INFO] Activator:177 - !SESSION log4j initialized
2023-12-26 17:42:19,590 [INFO] LogOutputStream:77 - [STDOUT_REDIRECT] 
2023-12-26 17:42:22,250 [INFO] ApplicationProperties:184 - Using Application install path: C:\ST\STM32CubeIDE_1.13.2\STM32CubeIDE\plugins\com.st.stm32cube.common.mx_6.9.2.202309101412
2023-12-26 17:42:22,273 [INFO] DbMcusXml:78 - Set database path to: C:\ST\STM32CubeIDE_1.13.2\STM32CubeIDE\plugins\com.st.stm32cube.common.mx_6.9.2.202309101412\\db\/mcu/
2023-12-26 17:42:22,273 [INFO] ApiDb:274 - Set plugin database path to: C:\ST\STM32CubeIDE_1.13.2\STM32CubeIDE\plugins\com.st.stm32cube.common.mx_6.9.2.202309101412\\db\/plugins/boardmanager/
2023-12-26 17:42:22,274 [WARN] ApiDb:259 - Overriding images path with different value:  => C:\ST\STM32CubeIDE_1.13.2\STM32CubeIDE\plugins\com.st.stm32cube.common.mx_6.9.2.202309101412\\db\/plugins/mcufinder/images/
2023-12-26 17:42:22,290 [INFO] ApiDb:250 - Set database path to: C:\Users\jammu\.stmcufinder\plugins\mcufinder//mcu/
2023-12-26 17:42:22,292 [INFO] DbMcusAds:125 - Set database path to: C:\Users\jammu\.stmcufinder\plugins\mcufinder//mcu/
2023-12-26 17:42:22,294 [INFO] CrossReferenceDbSqlite:203 - Set database path to: C:\Users\jammu\.stmcufinder\plugins\mcufinder//mcu/cs/
2023-12-26 17:42:22,447 [INFO] RulesReader:64 - Compatibility file has been processed (293 Rules)
2023-12-26 17:42:22,563 [INFO] DbMcusXml:78 - Set database path to: C:\ST\STM32CubeIDE_1.13.2\STM32CubeIDE\plugins\com.st.stm32cube.common.mx_6.9.2.202309101412\\db\/mcu/
2023-12-26 17:42:22,563 [INFO] ApiDb:274 - Set plugin database path to: C:\ST\STM32CubeIDE_1.13.2\STM32CubeIDE\plugins\com.st.stm32cube.common.mx_6.9.2.202309101412\\db\/plugins/boardmanager/
2023-12-26 17:42:22,563 [INFO] ApiDb:261 - Set plugin images path to: C:\ST\STM32CubeIDE_1.13.2\STM32CubeIDE\plugins\com.st.stm32cube.common.mx_6.9.2.202309101412\\db\/plugins/mcufinder/images/
2023-12-26 17:42:22,564 [WARN] DbFile:41 - Overriding database path with different value: C:\Users\jammu\.stmcufinder\plugins\mcufinder/ => C:\Users\jammu\.stmcufinder\plugins\mcufinder
2023-12-26 17:42:22,564 [INFO] ApiDb:250 - Set database path to: C:\Users\jammu\.stmcufinder\plugins\mcufinder//mcu/
2023-12-26 17:42:22,564 [WARN] DbFile:41 - Overriding database path with different value: C:\Users\jammu\.stmcufinder\plugins\mcufinder/ => C:\Users\jammu\.stmcufinder\plugins\mcufinder
2023-12-26 17:42:22,564 [INFO] DbMcusAds:125 - Set database path to: C:\Users\jammu\.stmcufinder\plugins\mcufinder//mcu/
2023-12-26 17:42:22,564 [WARN] DbFile:41 - Overriding database path with different value: C:\Users\jammu\.stmcufinder\plugins\mcufinder/ => C:\Users\jammu\.stmcufinder\plugins\mcufinder
2023-12-26 17:42:22,564 [WARN] DbFile:41 - Overriding database path with different value: C:\Users\jammu\.stmcufinder\plugins\mcufinder/ => C:\Users\jammu\.stmcufinder\plugins\mcufinder
2023-12-26 17:42:22,564 [INFO] CrossReferenceDbSqlite:203 - Set database path to: C:\Users\jammu\.stmcufinder\plugins\mcufinder//mcu/cs/
2023-12-26 17:42:22,663 [INFO] MainPanel:262 - HeapMemory: 268435456
2023-12-26 17:42:22,772 [INFO] DbMcusXml:78 - Set database path to: C:\ST\STM32CubeIDE_1.13.2\STM32CubeIDE\plugins\com.st.stm32cube.common.mx_6.9.2.202309101412\\db\/mcu/
2023-12-26 17:42:22,772 [INFO] ApiDb:274 - Set plugin database path to: C:\ST\STM32CubeIDE_1.13.2\STM32CubeIDE\plugins\com.st.stm32cube.common.mx_6.9.2.202309101412\\db\/plugins/boardmanager/
2023-12-26 17:42:22,772 [INFO] ApiDb:261 - Set plugin images path to: C:\ST\STM32CubeIDE_1.13.2\STM32CubeIDE\plugins\com.st.stm32cube.common.mx_6.9.2.202309101412\\db\/plugins/mcufinder/images/
2023-12-26 17:42:22,773 [WARN] DbFile:41 - Overriding database path with different value: C:\Users\jammu\.stmcufinder\plugins\mcufinder/ => C:\Users\jammu\.stmcufinder\plugins\mcufinder
2023-12-26 17:42:22,773 [INFO] ApiDb:250 - Set database path to: C:\Users\jammu\.stmcufinder\plugins\mcufinder//mcu/
2023-12-26 17:42:22,773 [WARN] DbFile:41 - Overriding database path with different value: C:\Users\jammu\.stmcufinder\plugins\mcufinder/ => C:\Users\jammu\.stmcufinder\plugins\mcufinder
2023-12-26 17:42:22,773 [INFO] DbMcusAds:125 - Set database path to: C:\Users\jammu\.stmcufinder\plugins\mcufinder//mcu/
2023-12-26 17:42:22,773 [WARN] DbFile:41 - Overriding database path with different value: C:\Users\jammu\.stmcufinder\plugins\mcufinder/ => C:\Users\jammu\.stmcufinder\plugins\mcufinder
2023-12-26 17:42:22,773 [WARN] DbFile:41 - Overriding database path with different value: C:\Users\jammu\.stmcufinder\plugins\mcufinder/ => C:\Users\jammu\.stmcufinder\plugins\mcufinder
2023-12-26 17:42:22,774 [INFO] CrossReferenceDbSqlite:203 - Set database path to: C:\Users\jammu\.stmcufinder\plugins\mcufinder//mcu/cs/
2023-12-26 17:42:22,796 [INFO] ApplicationProperties:184 - Using Application install path: C:\ST\STM32CubeIDE_1.13.2\STM32CubeIDE\plugins\com.st.stm32cube.common.mx_6.9.2.202309101412
2023-12-26 17:42:22,797 [INFO] PluginManage:196 - Search for loadable plugins [exclusion list=, ]
2023-12-26 17:42:22,799 [INFO] PluginManage:310 - Check plugin analytics
2023-12-26 17:42:23,013 [INFO] AnalyticsPlugin:253 - Accepted Software Licenses: 
2023-12-26 17:42:23,014 [INFO] AnalyticsPlugin:255 - Accepted CMSIS Pack Licenses: 
2023-12-26 17:42:23,014 [INFO] AnalyticsPlugin:257 - Accepted Firmware Licenses: 
2023-12-26 17:42:23,018 [INFO] PluginManage:359 - Loaded plugin analytics (category:tool,tabindex:-1)
2023-12-26 17:42:23,019 [INFO] PluginManage:310 - Check plugin cadmodel
2023-12-26 17:42:23,035 [INFO] CADModel:105 - Init CAD model plugin
2023-12-26 17:42:23,036 [INFO] PluginManage:359 - Loaded plugin cadmodel (category:power,tabindex:5)
2023-12-26 17:42:23,036 [INFO] PluginManage:310 - Check plugin clock
2023-12-26 17:42:23,061 [INFO] PluginManage:359 - Loaded plugin clock (category:base,tabindex:2)
2023-12-26 17:42:23,061 [INFO] PluginManage:310 - Check plugin ddr
2023-12-26 17:42:23,065 [INFO] PluginManage:359 - Loaded plugin ddr (category:tool,tabindex:6)
2023-12-26 17:42:23,065 [INFO] PluginManage:310 - Check plugin filemanager
2023-12-26 17:42:23,241 [INFO] PluginManage:359 - Loaded plugin filemanager (category:base,tabindex:10)
2023-12-26 17:42:23,241 [INFO] PluginManage:310 - Check plugin ipmanager
2023-12-26 17:42:23,252 [INFO] PluginManage:359 - Loaded plugin ipmanager (category:base,tabindex:5)
2023-12-26 17:42:23,252 [INFO] PluginManage:310 - Check plugin lpbam
2023-12-26 17:42:23,274 [INFO] PluginManage:359 - Loaded plugin lpbam (category:base,tabindex:0)
2023-12-26 17:42:23,274 [INFO] PluginManage:310 - Check plugin memorymap
2023-12-26 17:42:23,303 [INFO] PluginManage:359 - Loaded plugin memorymap (category:base,tabindex:4)
2023-12-26 17:42:23,303 [INFO] PluginManage:310 - Check plugin pinoutandconfiguration
2023-12-26 17:42:23,322 [INFO] PluginManage:359 - Loaded plugin pinoutandconfiguration (category:base,tabindex:1)
2023-12-26 17:42:23,322 [INFO] PluginManage:310 - Check plugin pinoutconfig
2023-12-26 17:42:23,445 [WARN] SupportedApi:132 - Cannot load RTOS API schema: s4s-elt-must-match.1: The content of 'definitions' must match (annotation?, (simpleType | complexType)?, (unique | key | keyref)*)). A problem was found starting at: attribute.
2023-12-26 17:42:23,682 [INFO] PluginManage:359 - Loaded plugin pinoutconfig (category:base,tabindex:0)
2023-12-26 17:42:23,683 [INFO] PluginManage:310 - Check plugin power
2023-12-26 17:42:23,710 [INFO] PluginManage:359 - Loaded plugin power (category:power,tabindex:4)
2023-12-26 17:42:23,711 [INFO] PluginManage:310 - Check plugin projectmanager
2023-12-26 17:42:23,730 [INFO] PluginManage:359 - Loaded plugin projectmanager (category:projectmanager,tabindex:3)
2023-12-26 17:42:23,730 [INFO] PluginManage:310 - Check plugin thirdparty
2023-12-26 17:42:24,290 [INFO] PluginManage:359 - Loaded plugin thirdparty (category:base,tabindex:-1)
2023-12-26 17:42:24,291 [INFO] PluginManage:310 - Check plugin tools
2023-12-26 17:42:24,290 [WARN] IntegrityCheckThread:84 - waiting for thirdparty lock release [integrity check]
2023-12-26 17:42:24,291 [INFO] IntegrityCheckThread:86 - entering critical section [integrity check]
2023-12-26 17:42:24,292 [INFO] ThirdPartyUpdaterWithRetryManager:70 - Updater plugin not ready yet. [1/15]
2023-12-26 17:42:24,369 [INFO] PluginManage:359 - Loaded plugin tools (category:base,tabindex:7)
2023-12-26 17:42:24,370 [INFO] PluginManage:310 - Check plugin tutovideos
2023-12-26 17:42:24,649 [INFO] PluginManage:359 - Loaded plugin tutovideos (category:base,tabindex:-1)
2023-12-26 17:42:24,649 [INFO] PluginManage:310 - Check plugin updater
2023-12-26 17:42:24,666 [INFO] PluginManage:359 - Loaded plugin updater (category:base,tabindex:12)
2023-12-26 17:42:24,666 [INFO] PluginManage:310 - Check plugin userauth
2023-12-26 17:42:24,674 [INFO] UserAuth:113 - Init User Auth plugin
2023-12-26 17:42:24,675 [INFO] PluginManage:359 - Loaded plugin userauth (category:base,tabindex:14)
2023-12-26 17:42:24,675 [INFO] PluginManage:283 - PluginManage : Loaded plugins [17]
2023-12-26 17:42:24,981 [INFO] PinOutPanel:1499 - setPackage(No Configuration,No Configuration)
2023-12-26 17:42:25,127 [INFO] CADModel:165 - CPN selected for project level
2023-12-26 17:42:25,127 [INFO] CADModel:114 - Register for checkConnection events
2023-12-26 17:42:25,160 [INFO] IPUIPlugin:80 - create IPUIPlugin
2023-12-26 17:42:25,161 [INFO] PluginManager:220 - loadIPPluginJar : add adc
2023-12-26 17:42:25,206 [INFO] IPUIPlugin:80 - create IPUIPlugin
2023-12-26 17:42:25,206 [INFO] PluginManager:220 - loadIPPluginJar : add aes
2023-12-26 17:42:25,256 [INFO] IPUIPlugin:80 - create IPUIPlugin
2023-12-26 17:42:25,256 [INFO] PluginManager:220 - loadIPPluginJar : add can
2023-12-26 17:42:25,285 [INFO] IPUIPlugin:80 - create IPUIPlugin
2023-12-26 17:42:25,285 [INFO] PluginManager:220 - loadIPPluginJar : add comp
2023-12-26 17:42:25,325 [INFO] IPUIPlugin:80 - create IPUIPlugin
2023-12-26 17:42:25,325 [INFO] PluginManager:220 - loadIPPluginJar : add cryp
2023-12-26 17:42:25,363 [INFO] IPUIPlugin:80 - create IPUIPlugin
2023-12-26 17:42:25,363 [INFO] PluginManager:220 - loadIPPluginJar : add dfsdm
2023-12-26 17:42:25,379 [INFO] IPUIPlugin:80 - create IPUIPlugin
2023-12-26 17:42:25,380 [INFO] PluginManager:220 - loadIPPluginJar : add dma
2023-12-26 17:42:25,432 [INFO] IPUIPlugin:80 - create IPUIPlugin
2023-12-26 17:42:25,432 [INFO] PluginManager:220 - loadIPPluginJar : add dma3
2023-12-26 17:42:25,456 [INFO] IPUIPlugin:80 - create IPUIPlugin
2023-12-26 17:42:25,456 [INFO] PluginManager:220 - loadIPPluginJar : add fatfs
2023-12-26 17:42:25,532 [INFO] IPUIPlugin:80 - create IPUIPlugin
2023-12-26 17:42:25,533 [INFO] PluginManager:220 - loadIPPluginJar : add fmc
2023-12-26 17:42:25,551 [INFO] IPUIPlugin:80 - create IPUIPlugin
2023-12-26 17:42:25,551 [INFO] PluginManager:220 - loadIPPluginJar : add freertos
2023-12-26 17:42:25,575 [INFO] IPUIPlugin:80 - create IPUIPlugin
2023-12-26 17:42:25,575 [INFO] PluginManager:220 - loadIPPluginJar : add genericplugin
2023-12-26 17:42:25,688 [INFO] IPUIPlugin:80 - create IPUIPlugin
2023-12-26 17:42:25,688 [INFO] PluginManager:220 - loadIPPluginJar : add gfxmmu
2023-12-26 17:42:25,821 [INFO] IPUIPlugin:80 - create IPUIPlugin
2023-12-26 17:42:25,822 [INFO] PluginManager:220 - loadIPPluginJar : add gic
2023-12-26 17:42:25,833 [INFO] IPUIPlugin:80 - create IPUIPlugin
2023-12-26 17:42:25,833 [INFO] PluginManager:220 - loadIPPluginJar : add gpio
2023-12-26 17:42:25,922 [INFO] IPUIPlugin:80 - create IPUIPlugin
2023-12-26 17:42:25,922 [INFO] PluginManager:220 - loadIPPluginJar : add gtzc
2023-12-26 17:42:25,954 [INFO] IPUIPlugin:80 - create IPUIPlugin
2023-12-26 17:42:25,954 [INFO] PluginManager:220 - loadIPPluginJar : add hash
2023-12-26 17:42:26,002 [INFO] IPUIPlugin:80 - create IPUIPlugin
2023-12-26 17:42:26,002 [INFO] PluginManager:220 - loadIPPluginJar : add i2c
2023-12-26 17:42:26,039 [INFO] IPUIPlugin:80 - create IPUIPlugin
2023-12-26 17:42:26,039 [INFO] PluginManager:220 - loadIPPluginJar : add i2s
2023-12-26 17:42:26,079 [INFO] IPUIPlugin:80 - create IPUIPlugin
2023-12-26 17:42:26,079 [INFO] PluginManager:220 - loadIPPluginJar : add i3c
2023-12-26 17:42:26,182 [INFO] IPUIPlugin:80 - create IPUIPlugin
2023-12-26 17:42:26,182 [INFO] PluginManager:220 - loadIPPluginJar : add ipddr
2023-12-26 17:42:26,266 [INFO] IPUIPlugin:80 - create IPUIPlugin
2023-12-26 17:42:26,266 [INFO] PluginManager:220 - loadIPPluginJar : add linkedlist
2023-12-26 17:42:26,297 [INFO] IPUIPlugin:80 - create IPUIPlugin
2023-12-26 17:42:26,297 [INFO] PluginManager:220 - loadIPPluginJar : add lorawan
2023-12-26 17:42:26,331 [INFO] IPUIPlugin:80 - create IPUIPlugin
2023-12-26 17:42:26,331 [INFO] PluginManager:220 - loadIPPluginJar : add ltdc
2023-12-26 17:42:26,343 [INFO] IPUIPlugin:80 - create IPUIPlugin
2023-12-26 17:42:26,344 [INFO] PluginManager:220 - loadIPPluginJar : add mdma
2023-12-26 17:42:26,353 [INFO] IPUIPlugin:80 - create IPUIPlugin
2023-12-26 17:42:26,354 [INFO] PluginManager:220 - loadIPPluginJar : add nvic
2023-12-26 17:42:26,386 [INFO] IPUIPlugin:80 - create IPUIPlugin
2023-12-26 17:42:26,386 [INFO] PluginManager:220 - loadIPPluginJar : add opamp
2023-12-26 17:42:26,445 [INFO] IPUIPlugin:80 - create IPUIPlugin
2023-12-26 17:42:26,445 [INFO] PluginManager:220 - loadIPPluginJar : add openamp
2023-12-26 17:42:26,486 [INFO] IPUIPlugin:80 - create IPUIPlugin
2023-12-26 17:42:26,486 [INFO] PluginManager:220 - loadIPPluginJar : add pdm2pcm
2023-12-26 17:42:26,499 [INFO] IPUIPlugin:80 - create IPUIPlugin
2023-12-26 17:42:26,501 [INFO] PluginManager:220 - loadIPPluginJar : add plateformsettings
2023-12-26 17:42:26,522 [INFO] IPUIPlugin:80 - create IPUIPlugin
2023-12-26 17:42:26,522 [INFO] PluginManager:220 - loadIPPluginJar : add quadspi
2023-12-26 17:42:26,534 [INFO] IPUIPlugin:80 - create IPUIPlugin
2023-12-26 17:42:26,534 [INFO] PluginManager:220 - loadIPPluginJar : add resmgrutility
2023-12-26 17:42:26,586 [INFO] IPUIPlugin:80 - create IPUIPlugin
2023-12-26 17:42:26,586 [INFO] PluginManager:220 - loadIPPluginJar : add sai
2023-12-26 17:42:26,624 [INFO] IPUIPlugin:80 - create IPUIPlugin
2023-12-26 17:42:26,624 [INFO] PluginManager:220 - loadIPPluginJar : add spi
2023-12-26 17:42:26,680 [INFO] IPUIPlugin:80 - create IPUIPlugin
2023-12-26 17:42:26,680 [INFO] PluginManager:220 - loadIPPluginJar : add stm32_wpan
2023-12-26 17:42:26,699 [INFO] IPUIPlugin:80 - create IPUIPlugin
2023-12-26 17:42:26,700 [INFO] PluginManager:220 - loadIPPluginJar : add tim
2023-12-26 17:42:26,750 [INFO] IPUIPlugin:80 - create IPUIPlugin
2023-12-26 17:42:26,750 [INFO] PluginManager:220 - loadIPPluginJar : add touchsensing
2023-12-26 17:42:26,771 [INFO] IPUIPlugin:80 - create IPUIPlugin
2023-12-26 17:42:26,771 [INFO] PluginManager:220 - loadIPPluginJar : add tracer_emb
2023-12-26 17:42:26,790 [INFO] IPUIPlugin:80 - create IPUIPlugin
2023-12-26 17:42:26,790 [INFO] PluginManager:220 - loadIPPluginJar : add ts
2023-12-26 17:42:26,809 [INFO] IPUIPlugin:80 - create IPUIPlugin
2023-12-26 17:42:26,809 [INFO] PluginManager:220 - loadIPPluginJar : add tsc
2023-12-26 17:42:26,828 [INFO] IPUIPlugin:80 - create IPUIPlugin
2023-12-26 17:42:26,828 [INFO] PluginManager:220 - loadIPPluginJar : add ucpd
2023-12-26 17:42:26,868 [INFO] IPUIPlugin:80 - create IPUIPlugin
2023-12-26 17:42:26,868 [INFO] PluginManager:220 - loadIPPluginJar : add usart
2023-12-26 17:42:26,908 [INFO] IPUIPlugin:80 - create IPUIPlugin
2023-12-26 17:42:26,908 [INFO] PluginManager:220 - loadIPPluginJar : add usbx
2023-12-26 17:42:27,034 [INFO] CADModel:165 - CPN selected for project level
2023-12-26 17:42:27,035 [INFO] CADModel:114 - Register for checkConnection events
2023-12-26 17:42:27,035 [FATAL] Updater:308 - Updater called before beeing initialized
2023-12-26 17:42:27,036 [ERROR] CADModel:125 - Updater not yet initialized, retry later 
2023-12-26 17:42:27,198 [INFO] CADModel:165 - CPN selected for project level
2023-12-26 17:42:27,198 [INFO] CADModel:114 - Register for checkConnection events
2023-12-26 17:42:27,198 [FATAL] Updater:308 - Updater called before beeing initialized
2023-12-26 17:42:27,198 [ERROR] CADModel:125 - Updater not yet initialized, retry later 
2023-12-26 17:42:27,202 [FATAL] Updater:308 - Updater called before beeing initialized
2023-12-26 17:42:27,293 [INFO] ThirdPartyUpdaterWithRetryManager:70 - Updater plugin not ready yet. [2/15]
2023-12-26 17:42:27,302 [FATAL] Updater:308 - Updater called before beeing initialized
2023-12-26 17:42:27,313 [INFO] DbMcusAds:53 - JSON generation date=Thu Sep 30 12:25:09 IST 2021 (1632984909247)
2023-12-26 17:42:27,313 [FATAL] Updater:308 - Updater called before beeing initialized
2023-12-26 17:42:27,388 [WARN] DetailPanel:346 - Failed to get advertising image, set to default
2023-12-26 17:42:27,480 [FATAL] Updater:308 - Updater called before beeing initialized
2023-12-26 17:42:27,482 [FATAL] Updater:308 - Updater called before beeing initialized
2023-12-26 17:42:27,482 [FATAL] Updater:308 - Updater called before beeing initialized
2023-12-26 17:42:27,482 [WARN] DetailPanel:346 - Failed to get advertising image, set to default
2023-12-26 17:42:27,483 [FATAL] Updater:308 - Updater called before beeing initialized
2023-12-26 17:42:27,544 [ERROR] Updater:1120 - MainUpdater not yet initialized. External WinMGr cannot be set.
2023-12-26 17:42:27,556 [INFO] Updater:1056 - Updater Version found : 6.9.2
2023-12-26 17:42:27,577 [INFO] ApplicationProperties:184 - Using Application install path: C:\ST\STM32CubeIDE_1.13.2\STM32CubeIDE\plugins\com.st.stm32cube.common.mx_6.9.2.202309101412
2023-12-26 17:42:27,695 [INFO] MainUpdater:2868 - connection check result : 10
2023-12-26 17:42:27,696 [INFO] MainUpdater:3562 - Updater definition file requires update
2023-12-26 17:42:27,697 [INFO] MainUpdater:285 - Updater Check For Update Now.
2023-12-26 17:42:27,697 [INFO] MicroXplorer:498 - Change Database Version : DB.6.0.92
2023-12-26 17:42:27,715 [INFO] McuFinderGlobals:63 - Set McuFinder mode to 2 (CubeIDE integrated)
2023-12-26 17:42:27,716 [INFO] UserAuth:179 - activating auth plugin
2023-12-26 17:42:27,718 [INFO] UserAuth:393 - Internet connection configuration mode: 1
2023-12-26 17:42:27,742 [INFO] JxBrowserEngine:151 - Initiate JxBrowser Engine with user profile folder
2023-12-26 17:42:27,836 [INFO] ServerAccessManage:473 - Download File updaters.zip
2023-12-26 17:42:28,010 [INFO] FileExtend:240 - Unzip File : updaters.zip
2023-12-26 17:42:28,010 [INFO] FileExtend:255 - Standard Zip Deflate
2023-12-26 17:42:28,668 [INFO] ServerAccessManage:473 - Download File PacksControlFlags.xml
2023-12-26 17:42:28,892 [INFO] ServerAccessManage:473 - Download File cubemx.pidx
2023-12-26 17:42:29,146 [INFO] LoadServerUpdatesThread:373 - End of LoadServerUpdate Thread
2023-12-26 17:42:29,441 [INFO] CheckServerUpdateThread:120 - End of CheckServer Thread
2023-12-26 17:42:30,533 [WARN] PackLoader:240 - Cannot read IP mode file for STMicroelectronics.X-CUBE-SMBUS.2.1.0
2023-12-26 17:42:30,558 [WARN] PackLoader:240 - Cannot read IP mode file for STMicroelectronics.X-CUBE-TOUCHGFX.4.23.0
2023-12-26 17:42:30,635 [WARN] PackLoader:240 - Cannot read IP mode file for STMicroelectronics.X-CUBE-AZRTOS-F7.1.1.0
2023-12-26 17:42:30,675 [WARN] PackLoader:240 - Cannot read IP mode file for STMicroelectronics.FP-SNS-MOTENV1.4.3.2
2023-12-26 17:42:30,708 [WARN] PackLoader:240 - Cannot read IP mode file for STMicroelectronics.FP-SNS-FLIGHT1.5.0.2
2023-12-26 17:42:30,744 [WARN] PackLoader:240 - Cannot read IP mode file for STMicroelectronics.X-CUBE-DISPLAY.3.0.0
2023-12-26 17:42:30,778 [WARN] PackLoader:240 - Cannot read IP mode file for STMicroelectronics.X-CUBE-BLE1.7.0.0
2023-12-26 17:42:30,802 [WARN] PackLoader:240 - Cannot read IP mode file for emotas.I-CUBE-CANOPEN.1.3.0
2023-12-26 17:42:30,827 [WARN] PackLoader:240 - Cannot read IP mode file for STMicroelectronics.FP-SNS-SMARTAG2.1.2.0
2023-12-26 17:42:30,864 [INFO] LogOutputStream:77 - [STDOUT_REDIRECT] 1 : Invalid condition id : UX_CORESTACK_Condition cause : null
2023-12-26 17:42:30,865 [INFO] LogOutputStream:77 - [STDOUT_REDIRECT] 1 : Invalid condition id : UX_CORESTACK_Condition cause : null
2023-12-26 17:42:30,868 [INFO] LogOutputStream:77 - [STDOUT_REDIRECT] 1 : Invalid condition id : UX_CORESTACK_Condition cause : null
2023-12-26 17:42:30,871 [INFO] LogOutputStream:77 - [STDOUT_REDIRECT] 1 : Invalid condition id : UX_CORESTACK_Condition cause : null
2023-12-26 17:42:30,873 [INFO] LogOutputStream:77 - [STDOUT_REDIRECT] 1 : Invalid condition id : UX_CORESTACK_Condition cause : null
2023-12-26 17:42:30,885 [WARN] PackLoader:240 - Cannot read IP mode file for STMicroelectronics.X-CUBE-AZRTOS-WL.2.0.0
2023-12-26 17:42:30,918 [WARN] PackLoader:240 - Cannot read IP mode file for WES.I-CUBE-Cesium.1.3.0
2023-12-26 17:42:30,944 [WARN] PackLoader:240 - Cannot read IP mode file for STMicroelectronics.X-CUBE-BLE2.3.3.0
2023-12-26 17:42:30,971 [WARN] PackLoader:240 - Cannot read IP mode file for STMicroelectronics.X-CUBE-ALGOBUILD.1.3.0
2023-12-26 17:42:31,040 [WARN] PackLoader:240 - Cannot read IP mode file for STMicroelectronics.X-CUBE-AZRTOS-G0.1.1.0
2023-12-26 17:42:31,140 [WARN] PackLoader:240 - Cannot read IP mode file for STMicroelectronics.X-CUBE-NFC4.3.0.0
2023-12-26 17:42:31,217 [WARN] PackLoader:240 - Cannot read IP mode file for STMicroelectronics.X-CUBE-BLEMGR.3.0.0
2023-12-26 17:42:31,246 [WARN] PackLoader:240 - Cannot read IP mode file for STMicroelectronics.FP-ATR-SIGFOX1.3.2.0
2023-12-26 17:42:31,275 [WARN] PackLoader:240 - Cannot read IP mode file for STMicroelectronics.X-CUBE-GNSS1.6.0.0
2023-12-26 17:42:31,330 [WARN] PackLoader:240 - Cannot read IP mode file for STMicroelectronics.X-CUBE-AZRTOS-F4.1.1.0
2023-12-26 17:42:31,356 [WARN] PackLoader:240 - Cannot read IP mode file for wolfSSL.I-CUBE-wolfSSL.5.6.4
2023-12-26 17:42:31,454 [WARN] PackLoader:240 - Cannot read IP mode file for STMicroelectronics.X-CUBE-AZRTOS-L5.2.0.0
2023-12-26 17:42:31,987 [WARN] PackLoader:240 - Cannot read IP mode file for STMicroelectronics.X-CUBE-EEPRMA1.4.2.0
2023-12-26 17:42:32,024 [WARN] PackLoader:240 - Cannot read IP mode file for ITTIA_DB.I-CUBE-ITTIADB.8.8.0
2023-12-26 17:42:32,046 [WARN] PackLoader:240 - Cannot read IP mode file for STMicroelectronics.X-CUBE-NFC7.1.0.1
2023-12-26 17:42:32,075 [WARN] PackLoader:240 - Cannot read IP mode file for STMicroelectronics.X-CUBE-NFC6.3.0.0
2023-12-26 17:42:32,107 [WARN] PackLoader:240 - Cannot read IP mode file for STMicroelectronics.X-CUBE-AI.8.1.0
2023-12-26 17:42:32,265 [WARN] ConditionMgr:438 - getConditionDescription Invalid condition id : LAN8742 Phy interface Condition cause : null
2023-12-26 17:42:32,266 [WARN] PackLoader:240 - Cannot read IP mode file for STMicroelectronics.X-CUBE-AZRTOS-L4.2.0.0
2023-12-26 17:42:32,269 [WARN] ConditionMgr:1039 - genDependencies : Invalid condition id : LAN8742 Phy interface Condition cause : null
2023-12-26 17:42:32,269 [WARN] ConditionMgr:1039 - genDependencies : Invalid condition id : LAN8742 Phy interface Condition cause : null
2023-12-26 17:42:32,270 [WARN] ConditionMgr:1039 - genDependencies : Invalid condition id : LAN8742 Phy interface Condition cause : null
2023-12-26 17:42:32,296 [WARN] PackLoader:240 - Cannot read IP mode file for STMicroelectronics.X-CUBE-SFXS2LP1.4.0.0
2023-12-26 17:42:32,350 [WARN] ConditionMgr:438 - getConditionDescription Invalid condition id : UX DEVICE CLASS RTOS Condition cause : null
2023-12-26 17:42:32,351 [WARN] ConditionMgr:438 - getConditionDescription Invalid condition id : UX DEVICE CLASS RTOS Condition cause : null
2023-12-26 17:42:32,358 [WARN] PackLoader:240 - Cannot read IP mode file for STMicroelectronics.X-CUBE-AZRTOS-WB.2.0.0
2023-12-26 17:42:32,360 [WARN] ConditionMgr:1039 - genDependencies : Invalid condition id : UX DEVICE CLASS RTOS Condition cause : null
2023-12-26 17:42:32,360 [WARN] ConditionMgr:1039 - genDependencies : Invalid condition id : UX DEVICE CLASS RTOS Condition cause : null
2023-12-26 17:42:32,362 [WARN] ConditionMgr:1039 - genDependencies : Invalid condition id : UX DEVICE CLASS RTOS Condition cause : null
2023-12-26 17:42:32,363 [WARN] ConditionMgr:1039 - genDependencies : Invalid condition id : UX DEVICE CLASS RTOS Condition cause : null
2023-12-26 17:42:32,363 [WARN] ConditionMgr:1039 - genDependencies : Invalid condition id : UX DEVICE CLASS RTOS Condition cause : null
2023-12-26 17:42:32,407 [WARN] PackLoader:240 - Cannot read IP mode file for STMicroelectronics.X-CUBE-SUBG2.5.0.0
2023-12-26 17:42:32,452 [INFO] WebApp:157 - Instantiating new browser for Auth
2023-12-26 17:42:32,473 [WARN] PackLoader:240 - Cannot read IP mode file for STMicroelectronics.X-CUBE-AZRTOS-G4.2.0.0
2023-12-26 17:42:32,537 [WARN] PackLoader:240 - Cannot read IP mode file for Infineon.AIROC-Wi-Fi-Bluetooth-STM32.1.5.1
2023-12-26 17:42:32,571 [WARN] PackLoader:240 - Cannot read IP mode file for STMicroelectronics.FP-SNS-MOTENVWB1.1.3.1
2023-12-26 17:42:32,595 [WARN] PackLoader:240 - Cannot read IP mode file for STMicroelectronics.X-CUBE-ISPU.2.0.0
2023-12-26 17:42:32,734 [WARN] PackLoader:240 - Cannot read IP mode file for STMicroelectronics.X-CUBE-MEMS1.10.0.0
2023-12-26 17:42:33,128 [WARN] PackLoader:240 - Cannot read IP mode file for STMicroelectronics.X-CUBE-FREERTOS.1.1.0
2023-12-26 17:42:33,157 [WARN] PackLoader:240 - Cannot read IP mode file for portGmbH.I-Cube-SoM-uGOAL.1.1.0
2023-12-26 17:42:33,180 [WARN] PackLoader:240 - Cannot read IP mode file for STMicroelectronics.X-CUBE-ALS.1.0.1
2023-12-26 17:42:33,200 [WARN] PackLoader:240 - Cannot read IP mode file for STMicroelectronics.FP-ATR-ASTRA1.2.0.0
2023-12-26 17:42:33,252 [WARN] PackLoader:240 - Cannot read IP mode file for STMicroelectronics.X-CUBE-TOF1.3.4.0
2023-12-26 17:42:33,522 [WARN] PackLoader:240 - Cannot read IP mode file for STMicroelectronics.X-CUBE-AZRTOS-H7.3.2.0
2023-12-26 17:42:33,537 [INFO] ThirdParty:978 - Integrity check success = true
2023-12-26 17:42:33,537 [INFO] IntegrityCheckThread:100 - exiting critical section [integrity check]
2023-12-26 17:42:33,537 [INFO] IntegrityCheckThread:103 - End integrity checks thread
2023-12-26 17:42:34,292 [INFO] WebApp:753 - Register for checkConnection events
2023-12-26 17:42:34,292 [INFO] WebApp:390 - Apply proxy settings
2023-12-26 17:42:34,294 [INFO] WebApp:475 - Chromium requires no authentication
2023-12-26 17:42:34,312 [INFO] WebApp:418 - Direct internet connection detected
2023-12-26 17:42:34,728 [INFO] WebApp:188 - Starting web application
2023-12-26 17:42:34,729 [INFO] WebApp:520 - Web application path used C:\ST\STM32CubeIDE_1.13.2\STM32CubeIDE\plugins\com.st.stm32cube.common.mx_6.9.2.202309101412\db\plugins\mcufinder\reactClient1\index.html
2023-12-26 17:42:56,029 [ERROR] LogOutputStream:75 - [STDERR_REDIRECT] SLF4J: Failed to load class "org.slf4j.impl.StaticLoggerBinder".
2023-12-26 17:42:56,030 [ERROR] LogOutputStream:75 - [STDERR_REDIRECT] SLF4J: Defaulting to no-operation (NOP) logger implementation
2023-12-26 17:42:56,032 [ERROR] LogOutputStream:75 - [STDERR_REDIRECT] SLF4J: See http://www.slf4j.org/codes.html#StaticLoggerBinder for further details.
2023-12-26 17:44:04,112 [INFO] McuFinderGlobals:63 - Set McuFinder mode to 2 (CubeIDE integrated)
2023-12-26 17:44:04,113 [INFO] UserAuth:179 - activating auth plugin
2023-12-26 17:44:04,118 [INFO] UserAuth:393 - Internet connection configuration mode: 1
2023-12-26 17:49:36,621 [ERROR] LogOutputStream:75 - [STDERR_REDIRECT] 
2023-12-26 17:49:49,186 [INFO] Activator:176 - 


2023-12-26 17:49:49,186 [INFO] Activator:177 - !SESSION log4j initialized
2023-12-26 17:49:52,279 [INFO] LogOutputStream:77 - [STDOUT_REDIRECT] 
2023-12-26 17:49:54,309 [INFO] ApplicationProperties:184 - Using Application install path: C:\ST\STM32CubeIDE_1.13.2\STM32CubeIDE\plugins\com.st.stm32cube.common.mx_6.9.2.202309101412
2023-12-26 17:49:54,328 [INFO] DbMcusXml:78 - Set database path to: C:\ST\STM32CubeIDE_1.13.2\STM32CubeIDE\plugins\com.st.stm32cube.common.mx_6.9.2.202309101412\\db\/mcu/
2023-12-26 17:49:54,329 [INFO] ApiDb:274 - Set plugin database path to: C:\ST\STM32CubeIDE_1.13.2\STM32CubeIDE\plugins\com.st.stm32cube.common.mx_6.9.2.202309101412\\db\/plugins/boardmanager/
2023-12-26 17:49:54,329 [WARN] ApiDb:259 - Overriding images path with different value:  => C:\ST\STM32CubeIDE_1.13.2\STM32CubeIDE\plugins\com.st.stm32cube.common.mx_6.9.2.202309101412\\db\/plugins/mcufinder/images/
2023-12-26 17:49:54,338 [INFO] ApiDb:250 - Set database path to: C:\Users\jammu\.stmcufinder\plugins\mcufinder//mcu/
2023-12-26 17:49:54,340 [INFO] DbMcusAds:125 - Set database path to: C:\Users\jammu\.stmcufinder\plugins\mcufinder//mcu/
2023-12-26 17:49:54,342 [INFO] CrossReferenceDbSqlite:203 - Set database path to: C:\Users\jammu\.stmcufinder\plugins\mcufinder//mcu/cs/
2023-12-26 17:49:54,470 [INFO] RulesReader:64 - Compatibility file has been processed (293 Rules)
2023-12-26 17:49:54,552 [INFO] DbMcusXml:78 - Set database path to: C:\ST\STM32CubeIDE_1.13.2\STM32CubeIDE\plugins\com.st.stm32cube.common.mx_6.9.2.202309101412\\db\/mcu/
2023-12-26 17:49:54,552 [INFO] ApiDb:274 - Set plugin database path to: C:\ST\STM32CubeIDE_1.13.2\STM32CubeIDE\plugins\com.st.stm32cube.common.mx_6.9.2.202309101412\\db\/plugins/boardmanager/
2023-12-26 17:49:54,552 [INFO] ApiDb:261 - Set plugin images path to: C:\ST\STM32CubeIDE_1.13.2\STM32CubeIDE\plugins\com.st.stm32cube.common.mx_6.9.2.202309101412\\db\/plugins/mcufinder/images/
2023-12-26 17:49:54,553 [WARN] DbFile:41 - Overriding database path with different value: C:\Users\jammu\.stmcufinder\plugins\mcufinder/ => C:\Users\jammu\.stmcufinder\plugins\mcufinder
2023-12-26 17:49:54,553 [INFO] ApiDb:250 - Set database path to: C:\Users\jammu\.stmcufinder\plugins\mcufinder//mcu/
2023-12-26 17:49:54,553 [WARN] DbFile:41 - Overriding database path with different value: C:\Users\jammu\.stmcufinder\plugins\mcufinder/ => C:\Users\jammu\.stmcufinder\plugins\mcufinder
2023-12-26 17:49:54,553 [INFO] DbMcusAds:125 - Set database path to: C:\Users\jammu\.stmcufinder\plugins\mcufinder//mcu/
2023-12-26 17:49:54,553 [WARN] DbFile:41 - Overriding database path with different value: C:\Users\jammu\.stmcufinder\plugins\mcufinder/ => C:\Users\jammu\.stmcufinder\plugins\mcufinder
2023-12-26 17:49:54,553 [WARN] DbFile:41 - Overriding database path with different value: C:\Users\jammu\.stmcufinder\plugins\mcufinder/ => C:\Users\jammu\.stmcufinder\plugins\mcufinder
2023-12-26 17:49:54,554 [INFO] CrossReferenceDbSqlite:203 - Set database path to: C:\Users\jammu\.stmcufinder\plugins\mcufinder//mcu/cs/
2023-12-26 17:49:54,631 [INFO] MainPanel:262 - HeapMemory: 268435456
2023-12-26 17:49:54,717 [INFO] DbMcusXml:78 - Set database path to: C:\ST\STM32CubeIDE_1.13.2\STM32CubeIDE\plugins\com.st.stm32cube.common.mx_6.9.2.202309101412\\db\/mcu/
2023-12-26 17:49:54,717 [INFO] ApiDb:274 - Set plugin database path to: C:\ST\STM32CubeIDE_1.13.2\STM32CubeIDE\plugins\com.st.stm32cube.common.mx_6.9.2.202309101412\\db\/plugins/boardmanager/
2023-12-26 17:49:54,717 [INFO] ApiDb:261 - Set plugin images path to: C:\ST\STM32CubeIDE_1.13.2\STM32CubeIDE\plugins\com.st.stm32cube.common.mx_6.9.2.202309101412\\db\/plugins/mcufinder/images/
2023-12-26 17:49:54,718 [WARN] DbFile:41 - Overriding database path with different value: C:\Users\jammu\.stmcufinder\plugins\mcufinder/ => C:\Users\jammu\.stmcufinder\plugins\mcufinder
2023-12-26 17:49:54,718 [INFO] ApiDb:250 - Set database path to: C:\Users\jammu\.stmcufinder\plugins\mcufinder//mcu/
2023-12-26 17:49:54,718 [WARN] DbFile:41 - Overriding database path with different value: C:\Users\jammu\.stmcufinder\plugins\mcufinder/ => C:\Users\jammu\.stmcufinder\plugins\mcufinder
2023-12-26 17:49:54,718 [INFO] DbMcusAds:125 - Set database path to: C:\Users\jammu\.stmcufinder\plugins\mcufinder//mcu/
2023-12-26 17:49:54,718 [WARN] DbFile:41 - Overriding database path with different value: C:\Users\jammu\.stmcufinder\plugins\mcufinder/ => C:\Users\jammu\.stmcufinder\plugins\mcufinder
2023-12-26 17:49:54,718 [WARN] DbFile:41 - Overriding database path with different value: C:\Users\jammu\.stmcufinder\plugins\mcufinder/ => C:\Users\jammu\.stmcufinder\plugins\mcufinder
2023-12-26 17:49:54,718 [INFO] CrossReferenceDbSqlite:203 - Set database path to: C:\Users\jammu\.stmcufinder\plugins\mcufinder//mcu/cs/
2023-12-26 17:49:54,735 [INFO] ApplicationProperties:184 - Using Application install path: C:\ST\STM32CubeIDE_1.13.2\STM32CubeIDE\plugins\com.st.stm32cube.common.mx_6.9.2.202309101412
2023-12-26 17:49:54,737 [INFO] PluginManage:196 - Search for loadable plugins [exclusion list=, ]
2023-12-26 17:49:54,738 [INFO] PluginManage:310 - Check plugin analytics
2023-12-26 17:49:54,913 [INFO] AnalyticsPlugin:253 - Accepted Software Licenses: 
2023-12-26 17:49:54,913 [INFO] AnalyticsPlugin:255 - Accepted CMSIS Pack Licenses: 
2023-12-26 17:49:54,914 [INFO] AnalyticsPlugin:257 - Accepted Firmware Licenses: 
2023-12-26 17:49:54,918 [INFO] PluginManage:359 - Loaded plugin analytics (category:tool,tabindex:-1)
2023-12-26 17:49:54,918 [INFO] PluginManage:310 - Check plugin cadmodel
2023-12-26 17:49:54,923 [INFO] CADModel:105 - Init CAD model plugin
2023-12-26 17:49:54,923 [INFO] PluginManage:359 - Loaded plugin cadmodel (category:power,tabindex:5)
2023-12-26 17:49:54,923 [INFO] PluginManage:310 - Check plugin clock
2023-12-26 17:49:54,935 [INFO] PluginManage:359 - Loaded plugin clock (category:base,tabindex:2)
2023-12-26 17:49:54,936 [INFO] PluginManage:310 - Check plugin ddr
2023-12-26 17:49:54,938 [INFO] PluginManage:359 - Loaded plugin ddr (category:tool,tabindex:6)
2023-12-26 17:49:54,938 [INFO] PluginManage:310 - Check plugin filemanager
2023-12-26 17:49:55,066 [INFO] PluginManage:359 - Loaded plugin filemanager (category:base,tabindex:10)
2023-12-26 17:49:55,066 [INFO] PluginManage:310 - Check plugin ipmanager
2023-12-26 17:49:55,073 [INFO] PluginManage:359 - Loaded plugin ipmanager (category:base,tabindex:5)
2023-12-26 17:49:55,073 [INFO] PluginManage:310 - Check plugin lpbam
2023-12-26 17:49:55,080 [INFO] PluginManage:359 - Loaded plugin lpbam (category:base,tabindex:0)
2023-12-26 17:49:55,080 [INFO] PluginManage:310 - Check plugin memorymap
2023-12-26 17:49:55,094 [INFO] PluginManage:359 - Loaded plugin memorymap (category:base,tabindex:4)
2023-12-26 17:49:55,094 [INFO] PluginManage:310 - Check plugin pinoutandconfiguration
2023-12-26 17:49:55,101 [INFO] PluginManage:359 - Loaded plugin pinoutandconfiguration (category:base,tabindex:1)
2023-12-26 17:49:55,101 [INFO] PluginManage:310 - Check plugin pinoutconfig
2023-12-26 17:49:55,187 [WARN] SupportedApi:132 - Cannot load RTOS API schema: s4s-elt-must-match.1: The content of 'definitions' must match (annotation?, (simpleType | complexType)?, (unique | key | keyref)*)). A problem was found starting at: attribute.
2023-12-26 17:49:55,382 [INFO] PluginManage:359 - Loaded plugin pinoutconfig (category:base,tabindex:0)
2023-12-26 17:49:55,382 [INFO] PluginManage:310 - Check plugin power
2023-12-26 17:49:55,392 [INFO] PluginManage:359 - Loaded plugin power (category:power,tabindex:4)
2023-12-26 17:49:55,392 [INFO] PluginManage:310 - Check plugin projectmanager
2023-12-26 17:49:55,413 [INFO] PluginManage:359 - Loaded plugin projectmanager (category:projectmanager,tabindex:3)
2023-12-26 17:49:55,413 [INFO] PluginManage:310 - Check plugin thirdparty
2023-12-26 17:49:55,524 [INFO] PluginManage:359 - Loaded plugin thirdparty (category:base,tabindex:-1)
2023-12-26 17:49:55,524 [INFO] PluginManage:310 - Check plugin tools
2023-12-26 17:49:55,524 [WARN] IntegrityCheckThread:84 - waiting for thirdparty lock release [integrity check]
2023-12-26 17:49:55,524 [INFO] IntegrityCheckThread:86 - entering critical section [integrity check]
2023-12-26 17:49:55,525 [INFO] ThirdPartyUpdaterWithRetryManager:70 - Updater plugin not ready yet. [1/15]
2023-12-26 17:49:55,527 [INFO] PluginManage:359 - Loaded plugin tools (category:base,tabindex:7)
2023-12-26 17:49:55,527 [INFO] PluginManage:310 - Check plugin tutovideos
2023-12-26 17:49:55,694 [INFO] PluginManage:359 - Loaded plugin tutovideos (category:base,tabindex:-1)
2023-12-26 17:49:55,694 [INFO] PluginManage:310 - Check plugin updater
2023-12-26 17:49:55,702 [INFO] PluginManage:359 - Loaded plugin updater (category:base,tabindex:12)
2023-12-26 17:49:55,703 [INFO] PluginManage:310 - Check plugin userauth
2023-12-26 17:49:55,707 [INFO] UserAuth:113 - Init User Auth plugin
2023-12-26 17:49:55,707 [INFO] PluginManage:359 - Loaded plugin userauth (category:base,tabindex:14)
2023-12-26 17:49:55,708 [INFO] PluginManage:283 - PluginManage : Loaded plugins [17]
2023-12-26 17:49:55,912 [INFO] PinOutPanel:1499 - setPackage(No Configuration,No Configuration)
2023-12-26 17:49:56,007 [INFO] CADModel:165 - CPN selected for project level
2023-12-26 17:49:56,007 [INFO] CADModel:114 - Register for checkConnection events
2023-12-26 17:49:56,021 [INFO] IPUIPlugin:80 - create IPUIPlugin
2023-12-26 17:49:56,021 [INFO] PluginManager:220 - loadIPPluginJar : add adc
2023-12-26 17:49:56,023 [INFO] IPUIPlugin:80 - create IPUIPlugin
2023-12-26 17:49:56,023 [INFO] PluginManager:220 - loadIPPluginJar : add aes
2023-12-26 17:49:56,025 [INFO] IPUIPlugin:80 - create IPUIPlugin
2023-12-26 17:49:56,025 [INFO] PluginManager:220 - loadIPPluginJar : add can
2023-12-26 17:49:56,027 [INFO] IPUIPlugin:80 - create IPUIPlugin
2023-12-26 17:49:56,027 [INFO] PluginManager:220 - loadIPPluginJar : add comp
2023-12-26 17:49:56,029 [INFO] IPUIPlugin:80 - create IPUIPlugin
2023-12-26 17:49:56,029 [INFO] PluginManager:220 - loadIPPluginJar : add cryp
2023-12-26 17:49:56,032 [INFO] IPUIPlugin:80 - create IPUIPlugin
2023-12-26 17:49:56,032 [INFO] PluginManager:220 - loadIPPluginJar : add dfsdm
2023-12-26 17:49:56,036 [INFO] IPUIPlugin:80 - create IPUIPlugin
2023-12-26 17:49:56,037 [INFO] PluginManager:220 - loadIPPluginJar : add dma
2023-12-26 17:49:56,039 [INFO] IPUIPlugin:80 - create IPUIPlugin
2023-12-26 17:49:56,039 [INFO] PluginManager:220 - loadIPPluginJar : add dma3
2023-12-26 17:49:56,040 [INFO] IPUIPlugin:80 - create IPUIPlugin
2023-12-26 17:49:56,040 [INFO] PluginManager:220 - loadIPPluginJar : add fatfs
2023-12-26 17:49:56,043 [INFO] IPUIPlugin:80 - create IPUIPlugin
2023-12-26 17:49:56,044 [INFO] PluginManager:220 - loadIPPluginJar : add fmc
2023-12-26 17:49:56,048 [INFO] IPUIPlugin:80 - create IPUIPlugin
2023-12-26 17:49:56,048 [INFO] PluginManager:220 - loadIPPluginJar : add freertos
2023-12-26 17:49:56,049 [INFO] IPUIPlugin:80 - create IPUIPlugin
2023-12-26 17:49:56,049 [INFO] PluginManager:220 - loadIPPluginJar : add genericplugin
2023-12-26 17:49:56,051 [INFO] IPUIPlugin:80 - create IPUIPlugin
2023-12-26 17:49:56,051 [INFO] PluginManager:220 - loadIPPluginJar : add gfxmmu
2023-12-26 17:49:56,054 [INFO] IPUIPlugin:80 - create IPUIPlugin
2023-12-26 17:49:56,055 [INFO] PluginManager:220 - loadIPPluginJar : add gic
2023-12-26 17:49:56,058 [INFO] IPUIPlugin:80 - create IPUIPlugin
2023-12-26 17:49:56,058 [INFO] PluginManager:220 - loadIPPluginJar : add gpio
2023-12-26 17:49:56,060 [INFO] IPUIPlugin:80 - create IPUIPlugin
2023-12-26 17:49:56,060 [INFO] PluginManager:220 - loadIPPluginJar : add gtzc
2023-12-26 17:49:56,062 [INFO] IPUIPlugin:80 - create IPUIPlugin
2023-12-26 17:49:56,062 [INFO] PluginManager:220 - loadIPPluginJar : add hash
2023-12-26 17:49:56,064 [INFO] IPUIPlugin:80 - create IPUIPlugin
2023-12-26 17:49:56,064 [INFO] PluginManager:220 - loadIPPluginJar : add i2c
2023-12-26 17:49:56,066 [INFO] IPUIPlugin:80 - create IPUIPlugin
2023-12-26 17:49:56,066 [INFO] PluginManager:220 - loadIPPluginJar : add i2s
2023-12-26 17:49:56,068 [INFO] IPUIPlugin:80 - create IPUIPlugin
2023-12-26 17:49:56,068 [INFO] PluginManager:220 - loadIPPluginJar : add i3c
2023-12-26 17:49:56,071 [INFO] IPUIPlugin:80 - create IPUIPlugin
2023-12-26 17:49:56,071 [INFO] PluginManager:220 - loadIPPluginJar : add ipddr
2023-12-26 17:49:56,077 [INFO] IPUIPlugin:80 - create IPUIPlugin
2023-12-26 17:49:56,077 [INFO] PluginManager:220 - loadIPPluginJar : add linkedlist
2023-12-26 17:49:56,080 [INFO] IPUIPlugin:80 - create IPUIPlugin
2023-12-26 17:49:56,080 [INFO] PluginManager:220 - loadIPPluginJar : add lorawan
2023-12-26 17:49:56,081 [INFO] IPUIPlugin:80 - create IPUIPlugin
2023-12-26 17:49:56,082 [INFO] PluginManager:220 - loadIPPluginJar : add ltdc
2023-12-26 17:49:56,086 [INFO] IPUIPlugin:80 - create IPUIPlugin
2023-12-26 17:49:56,086 [INFO] PluginManager:220 - loadIPPluginJar : add mdma
2023-12-26 17:49:56,089 [INFO] IPUIPlugin:80 - create IPUIPlugin
2023-12-26 17:49:56,089 [INFO] PluginManager:220 - loadIPPluginJar : add nvic
2023-12-26 17:49:56,091 [INFO] IPUIPlugin:80 - create IPUIPlugin
2023-12-26 17:49:56,091 [INFO] PluginManager:220 - loadIPPluginJar : add opamp
2023-12-26 17:49:56,093 [INFO] IPUIPlugin:80 - create IPUIPlugin
2023-12-26 17:49:56,095 [INFO] PluginManager:220 - loadIPPluginJar : add openamp
2023-12-26 17:49:56,096 [INFO] IPUIPlugin:80 - create IPUIPlugin
2023-12-26 17:49:56,096 [INFO] PluginManager:220 - loadIPPluginJar : add pdm2pcm
2023-12-26 17:49:56,101 [INFO] IPUIPlugin:80 - create IPUIPlugin
2023-12-26 17:49:56,103 [INFO] PluginManager:220 - loadIPPluginJar : add plateformsettings
2023-12-26 17:49:56,105 [INFO] IPUIPlugin:80 - create IPUIPlugin
2023-12-26 17:49:56,105 [INFO] PluginManager:220 - loadIPPluginJar : add quadspi
2023-12-26 17:49:56,108 [INFO] IPUIPlugin:80 - create IPUIPlugin
2023-12-26 17:49:56,108 [INFO] PluginManager:220 - loadIPPluginJar : add resmgrutility
2023-12-26 17:49:56,111 [INFO] IPUIPlugin:80 - create IPUIPlugin
2023-12-26 17:49:56,111 [INFO] PluginManager:220 - loadIPPluginJar : add sai
2023-12-26 17:49:56,113 [INFO] IPUIPlugin:80 - create IPUIPlugin
2023-12-26 17:49:56,114 [INFO] PluginManager:220 - loadIPPluginJar : add spi
2023-12-26 17:49:56,118 [INFO] IPUIPlugin:80 - create IPUIPlugin
2023-12-26 17:49:56,118 [INFO] PluginManager:220 - loadIPPluginJar : add stm32_wpan
2023-12-26 17:49:56,120 [INFO] IPUIPlugin:80 - create IPUIPlugin
2023-12-26 17:49:56,120 [INFO] PluginManager:220 - loadIPPluginJar : add tim
2023-12-26 17:49:56,122 [INFO] IPUIPlugin:80 - create IPUIPlugin
2023-12-26 17:49:56,122 [INFO] PluginManager:220 - loadIPPluginJar : add touchsensing
2023-12-26 17:49:56,124 [INFO] IPUIPlugin:80 - create IPUIPlugin
2023-12-26 17:49:56,124 [INFO] PluginManager:220 - loadIPPluginJar : add tracer_emb
2023-12-26 17:49:56,126 [INFO] IPUIPlugin:80 - create IPUIPlugin
2023-12-26 17:49:56,126 [INFO] PluginManager:220 - loadIPPluginJar : add ts
2023-12-26 17:49:56,128 [INFO] IPUIPlugin:80 - create IPUIPlugin
2023-12-26 17:49:56,128 [INFO] PluginManager:220 - loadIPPluginJar : add tsc
2023-12-26 17:49:56,129 [INFO] IPUIPlugin:80 - create IPUIPlugin
2023-12-26 17:49:56,129 [INFO] PluginManager:220 - loadIPPluginJar : add ucpd
2023-12-26 17:49:56,132 [INFO] IPUIPlugin:80 - create IPUIPlugin
2023-12-26 17:49:56,132 [INFO] PluginManager:220 - loadIPPluginJar : add usart
2023-12-26 17:49:56,135 [INFO] IPUIPlugin:80 - create IPUIPlugin
2023-12-26 17:49:56,135 [INFO] PluginManager:220 - loadIPPluginJar : add usbx
2023-12-26 17:49:56,256 [INFO] CADModel:165 - CPN selected for project level
2023-12-26 17:49:56,256 [INFO] CADModel:114 - Register for checkConnection events
2023-12-26 17:49:56,256 [FATAL] Updater:308 - Updater called before beeing initialized
2023-12-26 17:49:56,256 [ERROR] CADModel:125 - Updater not yet initialized, retry later 
2023-12-26 17:49:56,396 [INFO] CADModel:165 - CPN selected for project level
2023-12-26 17:49:56,396 [INFO] CADModel:114 - Register for checkConnection events
2023-12-26 17:49:56,396 [FATAL] Updater:308 - Updater called before beeing initialized
2023-12-26 17:49:56,397 [ERROR] CADModel:125 - Updater not yet initialized, retry later 
2023-12-26 17:49:56,401 [FATAL] Updater:308 - Updater called before beeing initialized
2023-12-26 17:49:56,487 [FATAL] Updater:308 - Updater called before beeing initialized
2023-12-26 17:49:56,494 [INFO] DbMcusAds:53 - JSON generation date=Thu Sep 30 12:25:09 IST 2021 (1632984909247)
2023-12-26 17:49:56,494 [FATAL] Updater:308 - Updater called before beeing initialized
2023-12-26 17:49:56,530 [WARN] DetailPanel:346 - Failed to get advertising image, set to default
2023-12-26 17:49:56,620 [FATAL] Updater:308 - Updater called before beeing initialized
2023-12-26 17:49:56,621 [FATAL] Updater:308 - Updater called before beeing initialized
2023-12-26 17:49:56,621 [FATAL] Updater:308 - Updater called before beeing initialized
2023-12-26 17:49:56,622 [WARN] DetailPanel:346 - Failed to get advertising image, set to default
2023-12-26 17:49:56,622 [FATAL] Updater:308 - Updater called before beeing initialized
2023-12-26 17:49:56,661 [ERROR] Updater:1120 - MainUpdater not yet initialized. External WinMGr cannot be set.
2023-12-26 17:49:56,664 [INFO] Updater:1056 - Updater Version found : 6.9.2
2023-12-26 17:49:56,679 [INFO] ApplicationProperties:184 - Using Application install path: C:\ST\STM32CubeIDE_1.13.2\STM32CubeIDE\plugins\com.st.stm32cube.common.mx_6.9.2.202309101412
2023-12-26 17:49:56,757 [INFO] MainUpdater:2868 - connection check result : 10
2023-12-26 17:49:56,758 [INFO] MainUpdater:285 - Updater Check For Update Now.
2023-12-26 17:49:56,758 [INFO] MicroXplorer:498 - Change Database Version : DB.6.0.92
2023-12-26 17:49:56,766 [INFO] McuFinderGlobals:63 - Set McuFinder mode to 2 (CubeIDE integrated)
2023-12-26 17:49:56,766 [INFO] UserAuth:179 - activating auth plugin
2023-12-26 17:49:56,768 [INFO] UserAuth:393 - Internet connection configuration mode: 1
2023-12-26 17:49:56,793 [INFO] JxBrowserEngine:151 - Initiate JxBrowser Engine with user profile folder
2023-12-26 17:49:56,941 [INFO] CheckServerUpdateThread:120 - End of CheckServer Thread
2023-12-26 17:49:57,526 [INFO] WebApp:157 - Instantiating new browser for Auth
2023-12-26 17:49:58,097 [INFO] WebApp:753 - Register for checkConnection events
2023-12-26 17:49:58,097 [INFO] WebApp:390 - Apply proxy settings
2023-12-26 17:49:58,097 [INFO] WebApp:475 - Chromium requires no authentication
2023-12-26 17:49:58,106 [INFO] WebApp:418 - Direct internet connection detected
2023-12-26 17:49:58,278 [INFO] WebApp:188 - Starting web application
2023-12-26 17:49:58,278 [INFO] WebApp:520 - Web application path used C:\ST\STM32CubeIDE_1.13.2\STM32CubeIDE\plugins\com.st.stm32cube.common.mx_6.9.2.202309101412\db\plugins\mcufinder\reactClient1\index.html
2023-12-26 17:49:58,693 [WARN] PackLoader:240 - Cannot read IP mode file for STMicroelectronics.X-CUBE-SMBUS.2.1.0
2023-12-26 17:49:58,702 [WARN] PackLoader:240 - Cannot read IP mode file for STMicroelectronics.X-CUBE-TOUCHGFX.4.23.0
2023-12-26 17:49:58,746 [WARN] PackLoader:240 - Cannot read IP mode file for STMicroelectronics.X-CUBE-AZRTOS-F7.1.1.0
2023-12-26 17:49:58,760 [WARN] PackLoader:240 - Cannot read IP mode file for STMicroelectronics.FP-SNS-MOTENV1.4.3.2
2023-12-26 17:49:58,769 [WARN] PackLoader:240 - Cannot read IP mode file for STMicroelectronics.FP-SNS-FLIGHT1.5.0.2
2023-12-26 17:49:58,779 [WARN] PackLoader:240 - Cannot read IP mode file for STMicroelectronics.X-CUBE-DISPLAY.3.0.0
2023-12-26 17:49:58,792 [WARN] PackLoader:240 - Cannot read IP mode file for STMicroelectronics.X-CUBE-BLE1.7.0.0
2023-12-26 17:49:58,798 [WARN] PackLoader:240 - Cannot read IP mode file for emotas.I-CUBE-CANOPEN.1.3.0
2023-12-26 17:49:58,803 [WARN] PackLoader:240 - Cannot read IP mode file for STMicroelectronics.FP-SNS-SMARTAG2.1.2.0
2023-12-26 17:49:58,817 [INFO] LogOutputStream:77 - [STDOUT_REDIRECT] 1 : Invalid condition id : UX_CORESTACK_Condition cause : null
2023-12-26 17:49:58,817 [INFO] LogOutputStream:77 - [STDOUT_REDIRECT] 1 : Invalid condition id : UX_CORESTACK_Condition cause : null
2023-12-26 17:49:58,819 [INFO] LogOutputStream:77 - [STDOUT_REDIRECT] 1 : Invalid condition id : UX_CORESTACK_Condition cause : null
2023-12-26 17:49:58,820 [INFO] LogOutputStream:77 - [STDOUT_REDIRECT] 1 : Invalid condition id : UX_CORESTACK_Condition cause : null
2023-12-26 17:49:58,822 [INFO] LogOutputStream:77 - [STDOUT_REDIRECT] 1 : Invalid condition id : UX_CORESTACK_Condition cause : null
2023-12-26 17:49:58,830 [WARN] PackLoader:240 - Cannot read IP mode file for STMicroelectronics.X-CUBE-AZRTOS-WL.2.0.0
2023-12-26 17:49:58,841 [WARN] PackLoader:240 - Cannot read IP mode file for WES.I-CUBE-Cesium.1.3.0
2023-12-26 17:49:58,847 [WARN] PackLoader:240 - Cannot read IP mode file for STMicroelectronics.X-CUBE-BLE2.3.3.0
2023-12-26 17:49:58,856 [WARN] PackLoader:240 - Cannot read IP mode file for STMicroelectronics.X-CUBE-ALGOBUILD.1.3.0
2023-12-26 17:49:58,894 [WARN] PackLoader:240 - Cannot read IP mode file for STMicroelectronics.X-CUBE-AZRTOS-G0.1.1.0
2023-12-26 17:49:58,906 [WARN] PackLoader:240 - Cannot read IP mode file for STMicroelectronics.X-CUBE-NFC4.3.0.0
2023-12-26 17:49:58,924 [WARN] PackLoader:240 - Cannot read IP mode file for STMicroelectronics.X-CUBE-BLEMGR.3.0.0
2023-12-26 17:49:58,935 [WARN] PackLoader:240 - Cannot read IP mode file for STMicroelectronics.FP-ATR-SIGFOX1.3.2.0
2023-12-26 17:49:58,942 [WARN] PackLoader:240 - Cannot read IP mode file for STMicroelectronics.X-CUBE-GNSS1.6.0.0
2023-12-26 17:49:58,986 [WARN] PackLoader:240 - Cannot read IP mode file for STMicroelectronics.X-CUBE-AZRTOS-F4.1.1.0
2023-12-26 17:49:58,998 [WARN] PackLoader:240 - Cannot read IP mode file for wolfSSL.I-CUBE-wolfSSL.5.6.4
2023-12-26 17:49:59,034 [WARN] PackLoader:240 - Cannot read IP mode file for STMicroelectronics.X-CUBE-AZRTOS-L5.2.0.0
2023-12-26 17:49:59,047 [WARN] PackLoader:240 - Cannot read IP mode file for STMicroelectronics.X-CUBE-EEPRMA1.4.2.0
2023-12-26 17:49:59,055 [WARN] PackLoader:240 - Cannot read IP mode file for ITTIA_DB.I-CUBE-ITTIADB.8.8.0
2023-12-26 17:49:59,063 [WARN] PackLoader:240 - Cannot read IP mode file for STMicroelectronics.X-CUBE-NFC7.1.0.1
2023-12-26 17:49:59,072 [WARN] PackLoader:240 - Cannot read IP mode file for STMicroelectronics.X-CUBE-NFC6.3.0.0
2023-12-26 17:49:59,079 [WARN] PackLoader:240 - Cannot read IP mode file for STMicroelectronics.X-CUBE-AI.8.1.0
2023-12-26 17:49:59,096 [WARN] ConditionMgr:438 - getConditionDescription Invalid condition id : LAN8742 Phy interface Condition cause : null
2023-12-26 17:49:59,097 [WARN] PackLoader:240 - Cannot read IP mode file for STMicroelectronics.X-CUBE-AZRTOS-L4.2.0.0
2023-12-26 17:49:59,099 [WARN] ConditionMgr:1039 - genDependencies : Invalid condition id : LAN8742 Phy interface Condition cause : null
2023-12-26 17:49:59,099 [WARN] ConditionMgr:1039 - genDependencies : Invalid condition id : LAN8742 Phy interface Condition cause : null
2023-12-26 17:49:59,100 [WARN] ConditionMgr:1039 - genDependencies : Invalid condition id : LAN8742 Phy interface Condition cause : null
2023-12-26 17:49:59,108 [WARN] PackLoader:240 - Cannot read IP mode file for STMicroelectronics.X-CUBE-SFXS2LP1.4.0.0
2023-12-26 17:49:59,129 [WARN] ConditionMgr:438 - getConditionDescription Invalid condition id : UX DEVICE CLASS RTOS Condition cause : null
2023-12-26 17:49:59,129 [WARN] ConditionMgr:438 - getConditionDescription Invalid condition id : UX DEVICE CLASS RTOS Condition cause : null
2023-12-26 17:49:59,135 [WARN] PackLoader:240 - Cannot read IP mode file for STMicroelectronics.X-CUBE-AZRTOS-WB.2.0.0
2023-12-26 17:49:59,136 [WARN] ConditionMgr:1039 - genDependencies : Invalid condition id : UX DEVICE CLASS RTOS Condition cause : null
2023-12-26 17:49:59,136 [WARN] ConditionMgr:1039 - genDependencies : Invalid condition id : UX DEVICE CLASS RTOS Condition cause : null
2023-12-26 17:49:59,137 [WARN] ConditionMgr:1039 - genDependencies : Invalid condition id : UX DEVICE CLASS RTOS Condition cause : null
2023-12-26 17:49:59,138 [WARN] ConditionMgr:1039 - genDependencies : Invalid condition id : UX DEVICE CLASS RTOS Condition cause : null
2023-12-26 17:49:59,138 [WARN] ConditionMgr:1039 - genDependencies : Invalid condition id : UX DEVICE CLASS RTOS Condition cause : null
2023-12-26 17:49:59,152 [WARN] PackLoader:240 - Cannot read IP mode file for STMicroelectronics.X-CUBE-SUBG2.5.0.0
2023-12-26 17:49:59,187 [WARN] PackLoader:240 - Cannot read IP mode file for STMicroelectronics.X-CUBE-AZRTOS-G4.2.0.0
2023-12-26 17:49:59,204 [WARN] PackLoader:240 - Cannot read IP mode file for Infineon.AIROC-Wi-Fi-Bluetooth-STM32.1.5.1
2023-12-26 17:49:59,212 [WARN] PackLoader:240 - Cannot read IP mode file for STMicroelectronics.FP-SNS-MOTENVWB1.1.3.1
2023-12-26 17:49:59,216 [WARN] PackLoader:240 - Cannot read IP mode file for STMicroelectronics.X-CUBE-ISPU.2.0.0
2023-12-26 17:49:59,270 [WARN] PackLoader:240 - Cannot read IP mode file for STMicroelectronics.X-CUBE-MEMS1.10.0.0
2023-12-26 17:49:59,392 [WARN] PackLoader:240 - Cannot read IP mode file for STMicroelectronics.X-CUBE-FREERTOS.1.1.0
2023-12-26 17:49:59,397 [WARN] PackLoader:240 - Cannot read IP mode file for portGmbH.I-Cube-SoM-uGOAL.1.1.0
2023-12-26 17:49:59,402 [WARN] PackLoader:240 - Cannot read IP mode file for STMicroelectronics.X-CUBE-ALS.1.0.1
2023-12-26 17:49:59,407 [WARN] PackLoader:240 - Cannot read IP mode file for STMicroelectronics.FP-ATR-ASTRA1.2.0.0
2023-12-26 17:49:59,417 [WARN] PackLoader:240 - Cannot read IP mode file for STMicroelectronics.X-CUBE-TOF1.3.4.0
2023-12-26 17:49:59,453 [WARN] PackLoader:240 - Cannot read IP mode file for STMicroelectronics.X-CUBE-AZRTOS-H7.3.2.0
2023-12-26 17:49:59,458 [INFO] ThirdParty:978 - Integrity check success = true
2023-12-26 17:49:59,458 [INFO] IntegrityCheckThread:100 - exiting critical section [integrity check]
2023-12-26 17:49:59,458 [INFO] IntegrityCheckThread:103 - End integrity checks thread
2023-12-26 17:49:59,788 [INFO] McuFinderGlobals:63 - Set McuFinder mode to 2 (CubeIDE integrated)
2023-12-26 17:49:59,788 [INFO] UserAuth:179 - activating auth plugin
2023-12-26 17:49:59,790 [INFO] UserAuth:393 - Internet connection configuration mode: 1
2023-12-26 17:50:18,916 [ERROR] LogOutputStream:75 - [STDERR_REDIRECT] SLF4J: Failed to load class "org.slf4j.impl.StaticLoggerBinder".
2023-12-26 17:50:18,917 [ERROR] LogOutputStream:75 - [STDERR_REDIRECT] SLF4J: Defaulting to no-operation (NOP) logger implementation
2023-12-26 17:50:18,918 [ERROR] LogOutputStream:75 - [STDERR_REDIRECT] SLF4J: See http://www.slf4j.org/codes.html#StaticLoggerBinder for further details.
2023-12-26 17:50:34,067 [INFO] WebApp:588 - userauth.ini deleted or not created
2023-12-26 18:33:47,455 [INFO] WebApp:330 - JxBrowser engine has been closed 
2023-12-26 18:42:09,945 [ERROR] ConfigurationRetriever:142 - IOException on connection: Read timed out
2023-12-26 18:42:11,829 [ERROR] LogOutputStream:75 - [STDERR_REDIRECT] 
